
  _                   .-=-.           .-=-.          .-==-.       
 { }      __        .' O o '.       .' O o '.       /  -<' )--<   
 { }    .' O'.     / o .-. O \     / o .-. O \     /  .---`       
 { }   / .-. o\   /O  /   \  o\   /O  /   \  o\   /O /            
  \ `-` /   \ O`-'o  /     \  O`-'o  /     \  O`-`o /             
   `-.-`     '.____.'       `._____.'       `.____.'              

Serpent 2 beta

A Continuous-energy Monte Carlo Reactor Physics Burnup Calculation Code

 - Version 2.1.32 (February 24, 2021) -- Contact: serpent@vtt.fi

 - Reference: J. Leppanen, et al. "The Serpent Monte Carlo code: Status,
              development and applications in 2013." Ann. Nucl. Energy,
              82 (2015) 142-150.

 - Compiled Feb 24 2021 13:50:53

 - MPI Parallel calculation mode available

 - OpenMP Parallel calculation mode available

 - Geometry and mesh plotting available

 - Default data path set to: "/opt/serpent/xsdata"

 - Full command used to run Serpent:

   sss2 -omp 8 nerthus

Begin calculation on Thu Jan 13 15:28:10 2022 at node17

Reading input file "nerthus"...

Checking restart file "nerthus.wrk"...
OK.

Checking duplicate input definitions...
OK.

Dividing burnable materials...
OK.

Creating geometry...
OK.

Counting geometry zones...

The geometry consists of 3 levels:

Level 0 size: max 18 zones
Level 1 size: max 289 zones
Level 2 size: max 8 zones

Processing cells...
OK.

Linking materials to geometry...
OK.

Processing detector definitions...
Allocating RESMAT matrices and associated arrays...
OK.

Counting cells...
OK.

Processing data for group constant generation:

 - 70 energy groups in micro-group structure
 - 2 energy groups in macro-group structure
 - B1 fundamental mode calculation is not run
 - Group constants generated in 1 universes
 - Discontinuity factors are not calculated
 - Pin-power distributions are not calculated
 - Albedos are not calculated
 - Poison cross sections are not calculated

Reading ACE directory files...
OK.

Reading radioactive decay data files...
OK.

Reading neutron-induced fission yields...
OK.

Adding nuclides in material fuelsalt...

Nuclide   4009.09c -- beryllium 9 at 1000K (Be-9)
Nuclide   9019.09c -- fluorine 19 at 1000K (F-19)
Nuclide  11023.09c -- sodium 23 at 1000K (Na-23)
Nuclide  90232.09c -- thorium 232 at 1000K (Th-232)
Nuclide  92234.09c -- uranium 234 at 1000K (U-234)
