
  _                   .-=-.           .-=-.          .-==-.       
 { }      __        .' O o '.       .' O o '.       /  -<' )--<   
 { }    .' O'.     / o .-. O \     / o .-. O \     /  .---`       
 { }   / .-. o\   /O  /   \  o\   /O  /   \  o\   /O /            
  \ `-` /   \ O`-'o  /     \  O`-'o  /     \  O`-`o /             
   `-.-`     '.____.'       `._____.'       `.____.'              

Serpent 2 beta

A Continuous-energy Monte Carlo Reactor Physics Burnup Calculation Code

 - Version 2.1.32 (February 24, 2021) -- Contact: serpent@vtt.fi

 - Reference: J. Leppanen, et al. "The Serpent Monte Carlo code: Status,
              development and applications in 2013." Ann. Nucl. Energy,
              82 (2015) 142-150.

 - Compiled Feb 24 2021 13:50:53

 - MPI Parallel calculation mode available

 - OpenMP Parallel calculation mode available

 - Geometry and mesh plotting available

 - Default data path set to: "/opt/serpent/xsdata"

 - Full command used to run Serpent:

   sss2 -omp 8 nerthus

Begin calculation on Thu Jan 13 15:27:13 2022 at node58

Reading input file "nerthus"...

Checking restart file "nerthus.wrk"...
OK.

Checking duplicate input definitions...
OK.

Dividing burnable materials...
OK.

Creating geometry...
OK.

Counting geometry zones...

The geometry consists of 3 levels:

Level 0 size: max 18 zones
Level 1 size: max 289 zones
Level 2 size: max 8 zones

Processing cells...
OK.

Linking materials to geometry...
OK.

Processing detector definitions...
Allocating RESMAT matrices and associated arrays...
OK.

Counting cells...
OK.

Processing data for group constant generation:

 - 70 energy groups in micro-group structure
 - 2 energy groups in macro-group structure
 - B1 fundamental mode calculation is not run
 - Group constants generated in 1 universes
 - Discontinuity factors are not calculated
 - Pin-power distributions are not calculated
 - Albedos are not calculated
 - Poison cross sections are not calculated

Reading ACE directory files...
OK.

Reading radioactive decay data files...
OK.

Reading neutron-induced fission yields...
OK.

Adding nuclides in material fuelsalt...

Nuclide   4009.09c -- beryllium 9 at 1000K (Be-9)
Nuclide   9019.09c -- fluorine 19 at 1000K (F-19)
Nuclide  11023.09c -- sodium 23 at 1000K (Na-23)
Nuclide  90232.09c -- thorium 232 at 1000K (Th-232)
Nuclide  92234.09c -- uranium 234 at 1000K (U-234)
Nuclide  92235.09c -- uranium 235 at 1000K (U-235)
Nuclide  92236.09c -- uranium 236 at 1000K (U-236)
Nuclide  92238.09c -- uranium 238 at 1000K (U-238)

Adding nuclides in material sus316_stainless_steel...

Nuclide   6000.09c -- natural carbon at 900K (C-nat)
Nuclide   7014.09c -- nitrogen 14 at 900K (N-14)
Nuclide  14000.09c -- natural silicon at 900K (Si-nat)
Nuclide  15031.09c -- phosphorus 31 at 900K (P-31)
Nuclide  16000.09c -- natural sulfur at 900K (S-nat)
Nuclide  24000.09c -- natural chromium at 900K (Cr-nat)
Nuclide  25055.09c -- manganese 55 at 900K (Mn-55)
Nuclide  26000.09c -- natural iron at 900K (Fe-nat)
Nuclide  28000.09c -- natural nickel at 900K (Ni-nat)
Nuclide  42000.09c -- natural molybdenum at 900K (Mo-nat)

Adding nuclides in material B4C_shield...

Nuclide   5010.09c -- boron 10 at 900K (B-10)
Nuclide   5011.09c -- boron 11 at 900K (B-11)

Adding nuclides in material graphite...

Nuclide   6000.09c -- natural carbon at 900K (C-nat)
Nuclide   5010.09c -- boron 10 at 900K (B-10)
Nuclide   5011.09c -- boron 11 at 900K (B-11)

Adding activation products...

Nuclide   2004.09c -- helium 4 at 1000K (He-4)
Nuclide   5010.09c -- boron 10 at 1000K (B-10)
Nuclide   5011.09c -- boron 11 at 1000K (B-11)
Nuclide   3007.09c -- lithium 7 at 1000K (Li-7)
Nuclide   3006.09c -- lithium 6 at 1000K (Li-6)
Nuclide   1001.09c -- hydrogen at 1000K (H-1)
Nuclide   1003.09c -- tritium at 1000K (H-3)
Nuclide   1002.09c -- deuterium at 1000K (H-2)
Nuclide   6012.09c -- carbon 12 at 1000K (C-12)
Nuclide   2003.09c -- helium 3 at 1000K (He-3)
Nuclide   7015.09c -- nitrogen 15 at 1000K (N-15)
Nuclide   7014.09c -- nitrogen 14 at 1000K (N-14)
Nuclide   8016.09c -- oxygen 16 at 1000K (O-16)
Nuclide   8017.09c -- oxygen 17 at 1000K (O-17)
Nuclide  11022.09c -- sodium 22 at 1000K (Na-22)
Nuclide  12024.09c -- magnesium 24 at 1000K (Mg-24)
Nuclide  12025.09c -- magnesium 25 at 1000K (Mg-25)
Nuclide  12026.09c -- magnesium 26 at 1000K (Mg-26)
Nuclide  13027.09c -- aluminum 27 at 1000K (Al-27)

Adding actinide data...

Nuclide  90227.09c -- thorium 227 at 1000K (Th-227)
Nuclide  90228.09c -- thorium 228 at 1000K (Th-228)
Nuclide  90229.09c -- thorium 229 at 1000K (Th-229)
Nuclide  90230.09c -- thorium 230 at 1000K (Th-230)
Nuclide  90233.09c -- thorium 233 at 1000K (Th-233)
Nuclide  90234.09c -- thorium 234 at 1000K (Th-234)
Nuclide  91231.09c -- protactinium 231 at 1000K (Pa-231)
Nuclide  91232.09c -- protactinium 232 at 1000K (Pa-232)
Nuclide  91233.09c -- protactinium 233 at 1000K (Pa-233)
Nuclide  92232.09c -- uranium 232 at 1000K (U-232)
Nuclide  92233.09c -- uranium 233 at 1000K (U-233)
Nuclide  92237.09c -- uranium 237 at 1000K (U-237)
Nuclide  92239.09c -- uranium 239 at 1000K (U-239)
Nuclide  92240.09c -- uranium 240 at 1000K (U-240)
Nuclide  92241.09c -- uranium 241 at 1000K (U-241)
Nuclide  93235.09c -- neptunium 235 at 1000K (Np-235)
Nuclide  93236.09c -- neptunium 236 at 1000K (Np-236)
Nuclide  93237.09c -- neptunium 237 at 1000K (Np-237)
Nuclide  93238.09c -- neptunium 238 at 1000K (Np-238)
Nuclide  93239.09c -- neptunium 239 at 1000K (Np-239)
Nuclide  94236.09c -- plutonium 236 at 1000K (Pu-236)
Nuclide  94237.09c -- plutonium 237 at 1000K (Pu-237)
Nuclide  94238.09c -- plutonium 238 at 1000K (Pu-238)
Nuclide  94239.09c -- plutonium 239 at 1000K (Pu-239)
Nuclide  94240.09c -- plutonium 240 at 1000K (Pu-240)
Nuclide  94241.09c -- plutonium 241 at 1000K (Pu-241)
Nuclide  94242.09c -- plutonium 242 at 1000K (Pu-242)
Nuclide  94243.09c -- plutonium 243 at 1000K (Pu-243)
Nuclide  94244.09c -- plutonium 244 at 1000K (Pu-244)
Nuclide  95241.09c -- americium 241 at 1000K (Am-241)
Nuclide  95242.09c -- americium 242 at 1000K (Am-242)
Nuclide  95342.09c -- americium 242m at 1000K (Am-242m)
Nuclide  95243.09c -- americium 243 at 1000K (Am-243)
Nuclide  95244.09c -- americium 244 at 1000K (Am-244)
Nuclide  95344.09c -- americium 244m at 1000K (Am-244m)
Nuclide  96240.09c -- curium 240 at 1000K (Cm-240)
Nuclide  96241.09c -- curium 241 at 1000K (Cm-241)
Nuclide  96242.09c -- curium 242 at 1000K (Cm-242)
Nuclide  96243.09c -- curium 243 at 1000K (Cm-243)
Nuclide  96244.09c -- curium 244 at 1000K (Cm-244)
Nuclide  96245.09c -- curium 245 at 1000K (Cm-245)
Nuclide  96246.09c -- curium 246 at 1000K (Cm-246)
Nuclide  96247.09c -- curium 247 at 1000K (Cm-247)
Nuclide  96248.09c -- curium 248 at 1000K (Cm-248)
Nuclide  96249.09c -- curium 249 at 1000K (Cm-249)
Nuclide  96250.09c -- curium 250 at 1000K (Cm-250)

Adding fission product data...

Nuclide  31069.09c -- gallium 69 at 1000K (Ga-69)
Nuclide  31071.09c -- gallium 71 at 1000K (Ga-71)
Nuclide  32070.09c -- germanium 70 at 1000K (Ge-70)
Nuclide  32072.09c -- germanium 72 at 1000K (Ge-72)
Nuclide  32073.09c -- germanium 73 at 1000K (Ge-73)
Nuclide  32074.09c -- germanium 74 at 1000K (Ge-74)
Nuclide  32076.09c -- germanium 76 at 1000K (Ge-76)
Nuclide  33074.09c -- arsenic 74 at 1000K (As-74)
Nuclide  33075.09c -- arsenic 75 at 1000K (As-75)
Nuclide  34074.09c -- selenium 74 at 1000K (Se-74)
Nuclide  34076.09c -- selenium 76 at 1000K (Se-76)
Nuclide  34077.09c -- selenium 77 at 1000K (Se-77)
Nuclide  34078.09c -- selenium 78 at 1000K (Se-78)
Nuclide  34079.09c -- selenium 79 at 1000K (Se-79)
Nuclide  34080.09c -- selenium 80 at 1000K (Se-80)
Nuclide  34082.09c -- selenium 82 at 1000K (Se-82)
Nuclide  35079.09c -- bromine 79 at 1000K (Br-79)
Nuclide  35081.09c -- bromine 81 at 1000K (Br-81)
Nuclide  36078.09c -- krypton 78 at 1000K (Kr-78)
Nuclide  36080.09c -- krypton 80 at 1000K (Kr-80)
Nuclide  36082.09c -- krypton 82 at 1000K (Kr-82)
Nuclide  36083.09c -- krypton 83 at 1000K (Kr-83)
Nuclide  36084.09c -- krypton 84 at 1000K (Kr-84)
Nuclide  36085.09c -- krypton 85 at 1000K (Kr-85)
Nuclide  36086.09c -- krypton 86 at 1000K (Kr-86)
Nuclide  37085.09c -- rubidium 85 at 1000K (Rb-85)
Nuclide  37086.09c -- rubidium 86 at 1000K (Rb-86)
Nuclide  37087.09c -- rubidium 87 at 1000K (Rb-87)
Nuclide  38084.09c -- strontium 84 at 1000K (Sr-84)
Nuclide  38086.09c -- strontium 86 at 1000K (Sr-86)
Nuclide  38087.09c -- strontium 87 at 1000K (Sr-87)
Nuclide  38088.09c -- strontium 88 at 1000K (Sr-88)
Nuclide  38089.09c -- strontium 89 at 1000K (Sr-89)
Nuclide  38090.09c -- strontium 90 at 1000K (Sr-90)
Nuclide  39089.09c -- yttrium 89 at 1000K (Y-89)
Nuclide  39090.09c -- yttrium 90 at 1000K (Y-90)
Nuclide  39091.09c -- yttrium 91 at 1000K (Y-91)
Nuclide  40090.09c -- zirconium 90 at 1000K (Zr-90)
Nuclide  40091.09c -- zirconium 91 at 1000K (Zr-91)
Nuclide  40092.09c -- zirconium 92 at 1000K (Zr-92)
Nuclide  40093.09c -- zirconium 93 at 1000K (Zr-93)
Nuclide  40094.09c -- zirconium 94 at 1000K (Zr-94)
Nuclide  40095.09c -- zirconium 95 at 1000K (Zr-95)
Nuclide  40096.09c -- zirconium 96 at 1000K (Zr-96)
Nuclide  41093.09c -- niobium 93 at 1000K (Nb-93)
Nuclide  41094.09c -- niobium 94 at 1000K (Nb-94)
Nuclide  41095.09c -- niobium 95 at 1000K (Nb-95)
Nuclide  42092.09c -- molybdenum 92 at 1000K (Mo-92)
Nuclide  42094.09c -- molybdenum 94 at 1000K (Mo-94)
Nuclide  42095.09c -- molybdenum 95 at 1000K (Mo-95)
Nuclide  42096.09c -- molybdenum 96 at 1000K (Mo-96)
Nuclide  42097.09c -- molybdenum 97 at 1000K (Mo-97)
Nuclide  42098.09c -- molybdenum 98 at 1000K (Mo-98)
Nuclide  42099.09c -- molybdenum 99 at 1000K (Mo-99)
Nuclide  42100.09c -- molybdenum 100 at 1000K (Mo-100)
Nuclide  43099.09c -- technetium 99 at 1000K (Tc-99)
Nuclide  44096.09c -- ruthenium 96 at 1000K (Ru-96)
Nuclide  44098.09c -- ruthenium 98 at 1000K (Ru-98)
Nuclide  44099.09c -- ruthenium 99 at 1000K (Ru-99)
Nuclide  44100.09c -- ruthenium 100 at 1000K (Ru-100)
Nuclide  44101.09c -- ruthenium 101 at 1000K (Ru-101)
Nuclide  44102.09c -- ruthenium 102 at 1000K (Ru-102)
Nuclide  44103.09c -- ruthenium 103 at 1000K (Ru-103)
Nuclide  44104.09c -- ruthenium 104 at 1000K (Ru-104)
Nuclide  44105.09c -- ruthenium 105 at 1000K (Ru-105)
Nuclide  44106.09c -- ruthenium 106 at 1000K (Ru-106)
Nuclide  45103.09c -- rhodium 103 at 1000K (Rh-103)
Nuclide  45105.09c -- rhodium 105 at 1000K (Rh-105)
Nuclide  46102.09c -- palladium 102 at 1000K (Pd-102)
Nuclide  46104.09c -- palladium 104 at 1000K (Pd-104)
Nuclide  46105.09c -- palladium 105 at 1000K (Pd-105)
Nuclide  46106.09c -- palladium 106 at 1000K (Pd-106)
Nuclide  46107.09c -- palladium 107 at 1000K (Pd-107)
Nuclide  46108.09c -- palladium 108 at 1000K (Pd-108)
Nuclide  46110.09c -- palladium 110 at 1000K (Pd-110)
Nuclide  47107.09c -- silver 107 at 1000K (Ag-107)
Nuclide  47109.09c -- silver 109 at 1000K (Ag-109)
Nuclide  47310.09c -- silver 110m at 1000K (Ag-110m)
Nuclide  47111.09c -- silver 111 at 1000K (Ag-111)
Nuclide  48106.09c -- cadmium 106 at 1000K (Cd-106)
Nuclide  48108.09c -- cadmium 108 at 1000K (Cd-108)
Nuclide  48110.09c -- cadmium 110 at 1000K (Cd-110)
Nuclide  48111.09c -- cadmium 111 at 1000K (Cd-111)
Nuclide  48112.09c -- cadmium 112 at 1000K (Cd-112)
Nuclide  48113.09c -- cadmium 113 at 1000K (Cd-113)
Nuclide  48114.09c -- cadmium 114 at 1000K (Cd-114)
Nuclide  48315.09c -- cadmium 115m at 1000K (Cd-115m)
Nuclide  48116.09c -- cadmium 116 at 1000K (Cd-116)
Nuclide  49113.09c -- indium 113 at 1000K (In-113)
Nuclide  49115.09c -- indium 115 at 1000K (In-115)
Nuclide  50112.09c -- tin 112 at 1000K (Sn-112)
Nuclide  50113.09c -- tin 113 at 1000K (Sn-113)
Nuclide  50114.09c -- tin 114 at 1000K (Sn-114)
Nuclide  50115.09c -- tin 115 at 1000K (Sn-115)
