
  _                   .-=-.           .-=-.          .-==-.       
 { }      __        .' O o '.       .' O o '.       /  -<' )--<   
 { }    .' O'.     / o .-. O \     / o .-. O \     /  .---`       
 { }   / .-. o\   /O  /   \  o\   /O  /   \  o\   /O /            
  \ `-` /   \ O`-'o  /     \  O`-'o  /     \  O`-`o /             
   `-.-`     '.____.'       `._____.'       `.____.'              

Serpent 2 beta

A Continuous-energy Monte Carlo Reactor Physics Burnup Calculation Code

 - Version 2.1.30 (February 14, 2018) -- Contact: serpent@vtt.fi

 - Reference: J. Leppanen, et al. "The Serpent Monte Carlo code: Status,
              development and applications in 2013." Ann. Nucl. Energy,
              82 (2015) 142-150.

 - Compiled Feb 15 2021 19:17:39

 - MPI Parallel calculation mode not available

 - OpenMP Parallel calculation mode available

 - Geometry and mesh plotting available

 - Default data path set to: "/opt/serpent/xsdata"

Begin calculation on Thu Aug 19 21:06:47 2021

Reading input file "nerthus"...

NOTE: The "set printm" feature is outdated and not recommended to be
      used anymore. For restart calculations use the binary restart
      files ("set rfw") and ("set rfr"):

      http://serpent.vtt.fi/mediawiki/index.php/Input_syntax_manual#set_rfw

      Isotopic data is best obtained from the _res.m output.


Checking duplicate input definitions...
OK.

Creating geometry...
OK.

Counting geometry zones...

The geometry consists of 3 levels:

Level 0 size: max 21 zones
Level 1 size: max 289 zones
Level 2 size: max 8 zones

Processing cells...
OK.

Linking materials to geometry...
OK.

Counting cells...
OK.

Processing data for group constant generation:

 - 70 energy groups in micro-group structure
 - 2 energy groups in macro-group structure
 - B1 fundamental mode calculation is not run
 - Group constants generated in 1 universes
 - Discontinuity factors are not calculated
 - Pin-power distributions are not calculated
 - Albedos are not calculated
 - Poison cross sections are not calculated

Plotting geometry:

   0% complete
  33% complete
  67% complete
 100% complete

Reading ACE directory files...
OK.

Reading neutron-induced fission yields...
OK.

Adding nuclides in material sus316_stainless_steel...

Nuclide   6000.09c -- natural carbon at 900K (C-nat)
Nuclide   7014.09c -- nitrogen 14 at 900K (N-14)
Nuclide  14000.09c -- natural silicon at 900K (Si-nat)
Nuclide  15031.09c -- phosphorus 31 at 900K (P-31)
Nuclide  16000.09c -- natural sulfur at 900K (S-nat)
Nuclide  24000.09c -- natural chromium at 900K (Cr-nat)
Nuclide  25055.09c -- manganese 55 at 900K (Mn-55)
Nuclide  26000.09c -- natural iron at 900K (Fe-nat)
Nuclide  28000.09c -- natural nickel at 900K (Ni-nat)
Nuclide  42000.09c -- natural molybdenum at 900K (Mo-nat)

Adding nuclides in material B4C_shield...

Nuclide   5010.09c -- boron 10 at 900K (B-10)
Nuclide   5011.09c -- boron 11 at 900K (B-11)

Adding nuclides in material graphite...

Nuclide   6000.09c -- natural carbon at 900K (C-nat)
Nuclide   5010.09c -- boron 10 at 900K (B-10)
Nuclide   5011.09c -- boron 11 at 900K (B-11)

Adding nuclides in material fuelsalt...

Nuclide   4009.09c -- beryllium 9 at 900K (Be-9)
Nuclide   9019.09c -- fluorine 19 at 900K (F-19)
Nuclide  11023.09c -- sodium 23 at 900K (Na-23)
Nuclide  90232.09c -- thorium 232 at 900K (Th-232)
Nuclide  92234.09c -- uranium 234 at 900K (U-234)
Nuclide  92235.09c -- uranium 235 at 900K (U-235)
Nuclide  92236.09c -- uranium 236 at 900K (U-236)
Nuclide  92238.09c -- uranium 238 at 900K (U-238)

Setting majorant temperatures for TMS:

Material graphite at 950.0K

Running Doppler-broadening preprocessor:

Adjusting nuclide   6000.09c temperature from 900K to 950K...
Adjusting nuclide   5010.09c temperature from 900K to 950K...
Adjusting nuclide   5011.09c temperature from 900K to 950K...

Adding thermal scattering data...

Nuclide   gre7.04t -- natural carbon at 400K (C-nat)
Nuclide   gre7.08t -- natural carbon at 500K (C-nat)
Nuclide   gre7.12t -- natural carbon at 600K (C-nat)
Nuclide   gre7.16t -- natural carbon at 700K (C-nat)
Nuclide   gre7.18t -- natural carbon at 800K (C-nat)
Nuclide   gre7.22t -- natural carbon at 1200K (C-nat)

Checking data and printing output...
OK.


***** Thu Aug 19 21:07:10 2021 (seed = 1629421607)
Warning message from function ProcessNuclides:

Minimum photon cross section energy 1.000000E+37 MeV is
above the energy grid minimum 1.000000E-03 MeV.
The energy grid minimum is set to 1.000000E+37 MeV.
Possible changes in energy cutoff cards (warned if any).


***** Thu Aug 19 21:07:10 2021 (seed = 1629421607)
Warning message from function ProcessNuclides:

Photon energy cutoff 1.000000E-03 MeV is changed to 1.000000E+37.


Generating unionize energy grids...

Adding points:

  4009.09c -- Points added in neutron grid: 307
  5010.09c -- Points added in neutron grid: 390
  5010.09c -- Points added in neutron grid: 0
  5011.09c -- Points added in neutron grid: 2631
  5011.09c -- Points added in neutron grid: 0
  6000.09c -- Points added in neutron grid: 594
  6000.09c -- Points added in neutron grid: 0
  6000.09s -- Points added in neutron grid: 0
  7014.09c -- Points added in neutron grid: 1020
  9019.09c -- Points added in neutron grid: 1066
 11023.09c -- Points added in neutron grid: 1661
 14000.09c -- Points added in neutron grid: 2622
 15031.09c -- Points added in neutron grid: 158
 16000.09c -- Points added in neutron grid: 6058
 24000.09c -- Points added in neutron grid: 5453
 25055.09c -- Points added in neutron grid: 4458
 26000.09c -- Points added in neutron grid: 10858
 28000.09c -- Points added in neutron grid: 19153
 42000.09c -- Points added in neutron grid: 2547
 90232.09c -- Points added in neutron grid: 19658
 92234.09c -- Points added in neutron grid: 8358
 92235.09c -- Points added in neutron grid: 25021
 92236.09c -- Points added in neutron grid: 7808
 92238.09c -- Points added in neutron grid: 54041
  gre7.04t -- Points added in neutron grid: 1244
  gre7.08t -- Points added in neutron grid: 2
  gre7.12t -- Points added in neutron grid: 2
  gre7.16t -- Points added in neutron grid: 2
  gre7.18t -- Points added in neutron grid: 2
  gre7.22t -- Points added in neutron grid: 2

Generating unionized energy grid:

 - Unionization performed without grid thinning
   between 1.00E-11 and 20.0 MeV.

 - Final neutron grid size: 174947 points.

 - 9.08 Mb of memory allocated for grid data

OK.

Processing cross sections and ENDF reaction laws...

Nuclide   4009.09c -- beryllium 9 at 900K (Be-9)
Nuclide   5010.09c -- boron 10 at 900K (B-10)
Nuclide   5010.09c -- boron 10 at 950K (B-10)
Nuclide   5011.09c -- boron 11 at 900K (B-11)
Nuclide   5011.09c -- boron 11 at 950K (B-11)
Nuclide   6000.09c -- natural carbon at 900K (C-nat)
Nuclide   6000.09c -- natural carbon at 950K (C-nat)
Nuclide   6000.09s -- natural carbon at 950K (C-nat)
Nuclide   7014.09c -- nitrogen 14 at 900K (N-14)
Nuclide   9019.09c -- fluorine 19 at 900K (F-19)
Nuclide  11023.09c -- sodium 23 at 900K (Na-23)
Nuclide  14000.09c -- natural silicon at 900K (Si-nat)
Nuclide  15031.09c -- phosphorus 31 at 900K (P-31)
Nuclide  16000.09c -- natural sulfur at 900K (S-nat)
Nuclide  24000.09c -- natural chromium at 900K (Cr-nat)
Nuclide  25055.09c -- manganese 55 at 900K (Mn-55)
Nuclide  26000.09c -- natural iron at 900K (Fe-nat)
Nuclide  28000.09c -- natural nickel at 900K (Ni-nat)
Nuclide  42000.09c -- natural molybdenum at 900K (Mo-nat)
Nuclide  90232.09c -- thorium 232 at 900K (Th-232)
Nuclide  92234.09c -- uranium 234 at 900K (U-234)
Nuclide  92235.09c -- uranium 235 at 900K (U-235)
Nuclide  92236.09c -- uranium 236 at 900K (U-236)
Nuclide  92238.09c -- uranium 238 at 900K (U-238)
Nuclide   gre7.04t -- natural carbon at 400K (C-nat)
Nuclide   gre7.08t -- natural carbon at 500K (C-nat)
Nuclide   gre7.12t -- natural carbon at 600K (C-nat)
Nuclide   gre7.16t -- natural carbon at 700K (C-nat)
Nuclide   gre7.18t -- natural carbon at 800K (C-nat)
Nuclide   gre7.22t -- natural carbon at 1200K (C-nat)

Adjusting majorant temperatures:


 ***** Warning: Nuclide 5010.09c is adjusted to a single temperature using TMS.
 Consider using Doppler preprocessor instead.

Nuclide   5010.09c TMS majorant to 955K...

 ***** Warning: Nuclide 5011.09c is adjusted to a single temperature using TMS.
 Consider using Doppler preprocessor instead.

Nuclide   5011.09c TMS majorant to 955K...

 ***** Warning: Nuclide 6000.09c is adjusted to a single temperature using TMS.
 Consider using Doppler preprocessor instead.

Nuclide   6000.09c TMS majorant to 955K...
Nuclide   6000.09s TMS majorant to 955K...

SUMMARY -- 30 nuclides included in calculation:

 - 30 transport nuclides
 - Neutron energy cut-offs at 1.00E-11 and 20.0 MeV
 - 840 transport reactions
 - 131 special reactions
 - 10 decay reactions
 - 12 transmutation reactions + 2 branches
 - 282.40 Mb of memory allocated for data

Normalizing compositions and processing mixtures...
OK.

Allocating memory for macroscopic cross section data...
OK.

Allocating memory for particle structures...
OK.

Calculating maximum densities...
OK.

Performing density cut-off...
OK.

Sorting material-wise reaction lists:

   0% complete
 100% complete

Calculating macroscopic cross sections:

   0% complete
 100% complete

Calculating DT neutron majorant cross section:

   0% complete
 100% complete

Clearing results and statistics...
OK.

Sampling initial source...
OK.

Inactive cycle   1 /  60: k-eff = 1.00000
Inactive cycle   2 /  60: k-eff = 0.55230
Inactive cycle   3 /  60: k-eff = 0.82237
Inactive cycle   4 /  60: k-eff = 0.89335
Inactive cycle   5 /  60: k-eff = 0.92354
Inactive cycle   6 /  60: k-eff = 0.92539
Inactive cycle   7 /  60: k-eff = 0.95139
Inactive cycle   8 /  60: k-eff = 0.95672
Inactive cycle   9 /  60: k-eff = 0.94280
Inactive cycle  10 /  60: k-eff = 0.96750
Inactive cycle  11 /  60: k-eff = 0.94786
Inactive cycle  12 /  60: k-eff = 0.93938
Inactive cycle  13 /  60: k-eff = 0.94854
Inactive cycle  14 /  60: k-eff = 0.94199
Inactive cycle  15 /  60: k-eff = 0.94138
Inactive cycle  16 /  60: k-eff = 0.95776
Inactive cycle  17 /  60: k-eff = 0.94382
Inactive cycle  18 /  60: k-eff = 0.96954
Inactive cycle  19 /  60: k-eff = 0.95422
Inactive cycle  20 /  60: k-eff = 0.95007
Inactive cycle  21 /  60: k-eff = 0.96176
Inactive cycle  22 /  60: k-eff = 0.97527
Inactive cycle  23 /  60: k-eff = 0.95357
Inactive cycle  24 /  60: k-eff = 0.95648
Inactive cycle  25 /  60: k-eff = 0.95208
Inactive cycle  26 /  60: k-eff = 0.96888
Inactive cycle  27 /  60: k-eff = 0.96811
Inactive cycle  28 /  60: k-eff = 0.95838
Inactive cycle  29 /  60: k-eff = 0.95431
Inactive cycle  30 /  60: k-eff = 0.96337
Inactive cycle  31 /  60: k-eff = 0.94685
Inactive cycle  32 /  60: k-eff = 0.95906
Inactive cycle  33 /  60: k-eff = 0.95844
Inactive cycle  34 /  60: k-eff = 0.95331
Inactive cycle  35 /  60: k-eff = 0.95103
Inactive cycle  36 /  60: k-eff = 0.96548
Inactive cycle  37 /  60: k-eff = 0.96032
Inactive cycle  38 /  60: k-eff = 0.95110
Inactive cycle  39 /  60: k-eff = 0.94858
Inactive cycle  40 /  60: k-eff = 0.94711
Inactive cycle  41 /  60: k-eff = 0.95809
Inactive cycle  42 /  60: k-eff = 0.95824
Inactive cycle  43 /  60: k-eff = 0.95091
Inactive cycle  44 /  60: k-eff = 0.95514
Inactive cycle  45 /  60: k-eff = 0.96211
Inactive cycle  46 /  60: k-eff = 0.96254
Inactive cycle  47 /  60: k-eff = 0.94103
Inactive cycle  48 /  60: k-eff = 0.95105
Inactive cycle  49 /  60: k-eff = 0.95671
Inactive cycle  50 /  60: k-eff = 0.96398
Inactive cycle  51 /  60: k-eff = 0.95873
Inactive cycle  52 /  60: k-eff = 0.95408
Inactive cycle  53 /  60: k-eff = 0.95036
Inactive cycle  54 /  60: k-eff = 0.95202
Inactive cycle  55 /  60: k-eff = 0.96806
Inactive cycle  56 /  60: k-eff = 0.95373
Inactive cycle  57 /  60: k-eff = 0.96251
Inactive cycle  58 /  60: k-eff = 0.95279
Inactive cycle  59 /  60: k-eff = 0.96112
Inactive cycle  60 /  60: k-eff = 0.94940

----- Begin active cycles -----

------------------------------------------------------------

Serpent 2.1.30 -- Static criticality source simulation

Title: "NERTHUS" 

Active cycle    1 / 200  Source neutrons : 20314

Running time :                  0:02:37
Estimated running time :        0:10:43
Estimated running time left :   0:08:06

Estimated relative CPU usage :  1995.8%

k-eff (analog)    = 0.96430 +/- 0.00000  [0.96430  0.96430]
k-eff (implicit)  = 0.95317 +/- 0.00000  [0.95317  0.95317]

(O4) (U) (TMS) (OMP=20) 
------------------------------------------------------------
------------------------------------------------------------

Serpent 2.1.30 -- Static criticality source simulation

Title: "NERTHUS" 

Active cycle    2 / 200  Source neutrons : 19767

Running time :                  0:02:39
Estimated running time :        0:10:37
Estimated running time left :   0:07:57

Estimated relative CPU usage :  1992.2%

k-eff (analog)    = 0.95869 +/- 0.00562  [0.94768  0.96970]
k-eff (implicit)  = 0.95318 +/- 0.00001  [0.95317  0.95319]

(O4) (U) (TMS) (OMP=20) 
------------------------------------------------------------
------------------------------------------------------------

Serpent 2.1.30 -- Static criticality source simulation

Title: "NERTHUS" 

Active cycle    3 / 200  Source neutrons : 19942

Running time :                  0:02:42
Estimated running time :        0:10:37
Estimated running time left :   0:07:55

Estimated relative CPU usage :  1989.0%

k-eff (analog)    = 0.95589 +/- 0.00428  [0.94750  0.96428]
k-eff (implicit)  = 0.95579 +/- 0.00261  [0.95067  0.96091]

(O4) (U) (TMS) (OMP=20) 
------------------------------------------------------------
------------------------------------------------------------

Serpent 2.1.30 -- Static criticality source simulation

Title: "NERTHUS" 

Active cycle    4 / 200  Source neutrons : 19923

Running time :                  0:02:44
Estimated running time :        0:10:38
Estimated running time left :   0:07:53

Estimated relative CPU usage :  1985.8%

k-eff (analog)    = 0.95358 +/- 0.00381  [0.94612  0.96105]
k-eff (implicit)  = 0.95594 +/- 0.00185  [0.95231  0.95957]

(O4) (U) (TMS) (OMP=20) 
------------------------------------------------------------
------------------------------------------------------------

Serpent 2.1.30 -- Static criticality source simulation

Title: "NERTHUS" 

Active cycle    5 / 200  Source neutrons : 20238

Running time :                  0:02:47
Estimated running time :        0:10:40
Estimated running time left :   0:07:53

Estimated relative CPU usage :  1979.3%

k-eff (analog)    = 0.95445 +/- 0.00307  [0.94842  0.96047]
k-eff (implicit)  = 0.95580 +/- 0.00144  [0.95297  0.95862]

(O4) (U) (TMS) (OMP=20) 
------------------------------------------------------------

***** Thu Aug 19 21:09:37 2021 (seed = 1629421607, MPI task = 0, OMP thread = 15)

Tracking error: cell search error (possibly undefined region)

(x,y,z)  =  1.95444E+02 -1.44481E+02  2.39633E+02
(u,v,w)  =  8.80066E-01 -3.82391E-01 -2.81533E-01

Lost particles: 1

Checking geometry errors (this may fail)...

Geometry error: undefined region.

Geometry structure at last position is printed below.
Some levels may not be printed correctly. Look for the
first level that fails: undefined region, suspicious
local coordinates, etc., and check the corresponding
geometry definition in the input.

Level 0 / universe 0 :
Cell universe / overlap or undefined cell
(x,y,z)  =  1.95444E+02 -1.44481E+02  2.39633E+02
(u,v,w)  =  8.80066E-01 -3.82391E-01 -2.81533E-01

Geometry errors caused by undefined regions can be
ignored by using the "set lost" input option:

http://serpent.vtt.fi/mediawiki/index.php/Input_syntax_manual#set_lost

Simulation aborted.

