
  _                   .-=-.           .-=-.          .-==-.       
 { }      __        .' O o '.       .' O o '.       /  -<' )--<   
 { }    .' O'.     / o .-. O \     / o .-. O \     /  .---`       
 { }   / .-. o\   /O  /   \  o\   /O  /   \  o\   /O /            
  \ `-` /   \ O`-'o  /     \  O`-'o  /     \  O`-`o /             
   `-.-`     '.____.'       `._____.'       `.____.'              

Serpent 2 beta

A Continuous-energy Monte Carlo Reactor Physics Burnup Calculation Code

 - Version 2.1.32 (February 24, 2021) -- Contact: serpent@vtt.fi

 - Reference: J. Leppanen, et al. "The Serpent Monte Carlo code: Status,
              development and applications in 2013." Ann. Nucl. Energy,
              82 (2015) 142-150.

 - Compiled Feb 24 2021 13:50:53

 - MPI Parallel calculation mode available

 - OpenMP Parallel calculation mode available

 - Geometry and mesh plotting available

 - Default data path set to: "/opt/serpent/xsdata"

 - Full command used to run Serpent:

   sss2 -omp 8 nerthus

Begin calculation on Sat Jan  1 22:41:29 2022 at node71

Reading input file "nerthus"...

Checking restart file "nerthus.wrk"...
OK.

Checking duplicate input definitions...
OK.

Dividing burnable materials...
OK.

Creating geometry...
OK.

Counting geometry zones...

The geometry consists of 3 levels:

Level 0 size: max 18 zones
Level 1 size: max 289 zones
Level 2 size: max 8 zones

Processing cells...
OK.

Linking materials to geometry...
OK.

Processing detector definitions...
Allocating RESMAT matrices and associated arrays...
OK.

Counting cells...
OK.

Processing data for group constant generation:

 - 70 energy groups in micro-group structure
 - 2 energy groups in macro-group structure
 - B1 fundamental mode calculation is not run
 - Group constants generated in 1 universes
 - Discontinuity factors are not calculated
 - Pin-power distributions are not calculated
 - Albedos are not calculated
 - Poison cross sections are not calculated

Reading ACE directory files...
OK.

Reading radioactive decay data files...
OK.

Reading neutron-induced fission yields...
OK.

Adding nuclides in material fuelsalt...

Nuclide   3006.09c -- lithium 6 at 900K (Li-6)
Nuclide   3007.09c -- lithium 7 at 900K (Li-7)
Nuclide   4009.09c -- beryllium 9 at 900K (Be-9)
Nuclide   9019.09c -- fluorine 19 at 900K (F-19)
Nuclide  92234.09c -- uranium 234 at 900K (U-234)
Nuclide  92235.09c -- uranium 235 at 900K (U-235)
Nuclide  92236.09c -- uranium 236 at 900K (U-236)
Nuclide  92238.09c -- uranium 238 at 900K (U-238)

Adding nuclides in material sus316_stainless_steel...

Nuclide   6000.09c -- natural carbon at 900K (C-nat)
Nuclide   7014.09c -- nitrogen 14 at 900K (N-14)
Nuclide  14000.09c -- natural silicon at 900K (Si-nat)
Nuclide  15031.09c -- phosphorus 31 at 900K (P-31)
Nuclide  16000.09c -- natural sulfur at 900K (S-nat)
Nuclide  24000.09c -- natural chromium at 900K (Cr-nat)
Nuclide  25055.09c -- manganese 55 at 900K (Mn-55)
Nuclide  26000.09c -- natural iron at 900K (Fe-nat)
Nuclide  28000.09c -- natural nickel at 900K (Ni-nat)
Nuclide  42000.09c -- natural molybdenum at 900K (Mo-nat)

Adding nuclides in material B4C_shield...

Nuclide   5010.09c -- boron 10 at 900K (B-10)
Nuclide   5011.09c -- boron 11 at 900K (B-11)

Adding nuclides in material graphite...

Nuclide   6000.06c -- natural carbon at 600K (C-nat)
Nuclide   5010.06c -- boron 10 at 600K (B-10)
Nuclide   5011.06c -- boron 11 at 600K (B-11)

Adding activation products...

Nuclide   1001.09c -- hydrogen at 900K (H-1)
Nuclide   1002.09c -- deuterium at 900K (H-2)
Nuclide   1003.09c -- tritium at 900K (H-3)
Nuclide   2003.09c -- helium 3 at 900K (He-3)
Nuclide   2004.09c -- helium 4 at 900K (He-4)
Nuclide   6012.09c -- carbon 12 at 900K (C-12)
Nuclide   7015.09c -- nitrogen 15 at 900K (N-15)
Nuclide   8016.09c -- oxygen 16 at 900K (O-16)
Nuclide   8017.09c -- oxygen 17 at 900K (O-17)

Adding actinide data...

Nuclide  90227.09c -- thorium 227 at 900K (Th-227)
Nuclide  90228.09c -- thorium 228 at 900K (Th-228)
Nuclide  90229.09c -- thorium 229 at 900K (Th-229)
Nuclide  90230.09c -- thorium 230 at 900K (Th-230)
Nuclide  90232.09c -- thorium 232 at 900K (Th-232)
Nuclide  90233.09c -- thorium 233 at 900K (Th-233)
Nuclide  90234.09c -- thorium 234 at 900K (Th-234)
Nuclide  91231.09c -- protactinium 231 at 900K (Pa-231)
Nuclide  91232.09c -- protactinium 232 at 900K (Pa-232)
Nuclide  91233.09c -- protactinium 233 at 900K (Pa-233)
Nuclide  92232.09c -- uranium 232 at 900K (U-232)
Nuclide  92233.09c -- uranium 233 at 900K (U-233)
Nuclide  92237.09c -- uranium 237 at 900K (U-237)
Nuclide  92239.09c -- uranium 239 at 900K (U-239)
Nuclide  92240.09c -- uranium 240 at 900K (U-240)
Nuclide  92241.09c -- uranium 241 at 900K (U-241)
Nuclide  93235.09c -- neptunium 235 at 900K (Np-235)
Nuclide  93236.09c -- neptunium 236 at 900K (Np-236)
Nuclide  93237.09c -- neptunium 237 at 900K (Np-237)
Nuclide  93238.09c -- neptunium 238 at 900K (Np-238)
Nuclide  93239.09c -- neptunium 239 at 900K (Np-239)
Nuclide  94236.09c -- plutonium 236 at 900K (Pu-236)
Nuclide  94237.09c -- plutonium 237 at 900K (Pu-237)
Nuclide  94238.09c -- plutonium 238 at 900K (Pu-238)
Nuclide  94239.09c -- plutonium 239 at 900K (Pu-239)
Nuclide  94240.09c -- plutonium 240 at 900K (Pu-240)
Nuclide  94241.09c -- plutonium 241 at 900K (Pu-241)
Nuclide  94242.09c -- plutonium 242 at 900K (Pu-242)
Nuclide  94243.09c -- plutonium 243 at 900K (Pu-243)
Nuclide  94244.09c -- plutonium 244 at 900K (Pu-244)
Nuclide  95241.09c -- americium 241 at 900K (Am-241)
Nuclide  95242.09c -- americium 242 at 900K (Am-242)
Nuclide  95342.09c -- americium 242m at 900K (Am-242m)
Nuclide  95243.09c -- americium 243 at 900K (Am-243)
Nuclide  95244.09c -- americium 244 at 900K (Am-244)
Nuclide  95344.09c -- americium 244m at 900K (Am-244m)
Nuclide  96240.09c -- curium 240 at 900K (Cm-240)
Nuclide  96241.09c -- curium 241 at 900K (Cm-241)
Nuclide  96242.09c -- curium 242 at 900K (Cm-242)
Nuclide  96243.09c -- curium 243 at 900K (Cm-243)
Nuclide  96244.09c -- curium 244 at 900K (Cm-244)
Nuclide  96245.09c -- curium 245 at 900K (Cm-245)
Nuclide  96246.09c -- curium 246 at 900K (Cm-246)
Nuclide  96247.09c -- curium 247 at 900K (Cm-247)
Nuclide  96248.09c -- curium 248 at 900K (Cm-248)
Nuclide  96249.09c -- curium 249 at 900K (Cm-249)
Nuclide  96250.09c -- curium 250 at 900K (Cm-250)

Adding fission product data...

Nuclide  31069.09c -- gallium 69 at 900K (Ga-69)
Nuclide  31071.09c -- gallium 71 at 900K (Ga-71)
Nuclide  32070.09c -- germanium 70 at 900K (Ge-70)
Nuclide  32072.09c -- germanium 72 at 900K (Ge-72)
Nuclide  32073.09c -- germanium 73 at 900K (Ge-73)
Nuclide  32074.09c -- germanium 74 at 900K (Ge-74)
Nuclide  32076.09c -- germanium 76 at 900K (Ge-76)
Nuclide  33074.09c -- arsenic 74 at 900K (As-74)
Nuclide  33075.09c -- arsenic 75 at 900K (As-75)
Nuclide  34074.09c -- selenium 74 at 900K (Se-74)
Nuclide  34076.09c -- selenium 76 at 900K (Se-76)
Nuclide  34077.09c -- selenium 77 at 900K (Se-77)
Nuclide  34078.09c -- selenium 78 at 900K (Se-78)
Nuclide  34079.09c -- selenium 79 at 900K (Se-79)
Nuclide  34080.09c -- selenium 80 at 900K (Se-80)
Nuclide  34082.09c -- selenium 82 at 900K (Se-82)
Nuclide  35079.09c -- bromine 79 at 900K (Br-79)
Nuclide  35081.09c -- bromine 81 at 900K (Br-81)
Nuclide  36078.09c -- krypton 78 at 900K (Kr-78)
Nuclide  36080.09c -- krypton 80 at 900K (Kr-80)
Nuclide  36082.09c -- krypton 82 at 900K (Kr-82)
Nuclide  36083.09c -- krypton 83 at 900K (Kr-83)
Nuclide  36084.09c -- krypton 84 at 900K (Kr-84)
Nuclide  36085.09c -- krypton 85 at 900K (Kr-85)
Nuclide  36086.09c -- krypton 86 at 900K (Kr-86)
Nuclide  37085.09c -- rubidium 85 at 900K (Rb-85)
Nuclide  37086.09c -- rubidium 86 at 900K (Rb-86)
Nuclide  37087.09c -- rubidium 87 at 900K (Rb-87)
Nuclide  38084.09c -- strontium 84 at 900K (Sr-84)
Nuclide  38086.09c -- strontium 86 at 900K (Sr-86)
Nuclide  38087.09c -- strontium 87 at 900K (Sr-87)
Nuclide  38088.09c -- strontium 88 at 900K (Sr-88)
Nuclide  38089.09c -- strontium 89 at 900K (Sr-89)
Nuclide  38090.09c -- strontium 90 at 900K (Sr-90)
Nuclide  39089.09c -- yttrium 89 at 900K (Y-89)
Nuclide  39090.09c -- yttrium 90 at 900K (Y-90)
Nuclide  39091.09c -- yttrium 91 at 900K (Y-91)
Nuclide  40090.09c -- zirconium 90 at 900K (Zr-90)
Nuclide  40091.09c -- zirconium 91 at 900K (Zr-91)
Nuclide  40092.09c -- zirconium 92 at 900K (Zr-92)
Nuclide  40093.09c -- zirconium 93 at 900K (Zr-93)
Nuclide  40094.09c -- zirconium 94 at 900K (Zr-94)
Nuclide  40095.09c -- zirconium 95 at 900K (Zr-95)
Nuclide  40096.09c -- zirconium 96 at 900K (Zr-96)
Nuclide  41093.09c -- niobium 93 at 900K (Nb-93)
Nuclide  41094.09c -- niobium 94 at 900K (Nb-94)
Nuclide  41095.09c -- niobium 95 at 900K (Nb-95)
Nuclide  42092.09c -- molybdenum 92 at 900K (Mo-92)
Nuclide  42094.09c -- molybdenum 94 at 900K (Mo-94)
Nuclide  42095.09c -- molybdenum 95 at 900K (Mo-95)
Nuclide  42096.09c -- molybdenum 96 at 900K (Mo-96)
Nuclide  42097.09c -- molybdenum 97 at 900K (Mo-97)
Nuclide  42098.09c -- molybdenum 98 at 900K (Mo-98)
Nuclide  42099.09c -- molybdenum 99 at 900K (Mo-99)
Nuclide  42100.09c -- molybdenum 100 at 900K (Mo-100)
Nuclide  43099.09c -- technetium 99 at 900K (Tc-99)
Nuclide  44096.09c -- ruthenium 96 at 900K (Ru-96)
Nuclide  44098.09c -- ruthenium 98 at 900K (Ru-98)
Nuclide  44099.09c -- ruthenium 99 at 900K (Ru-99)
Nuclide  44100.09c -- ruthenium 100 at 900K (Ru-100)
Nuclide  44101.09c -- ruthenium 101 at 900K (Ru-101)
Nuclide  44102.09c -- ruthenium 102 at 900K (Ru-102)
Nuclide  44103.09c -- ruthenium 103 at 900K (Ru-103)
Nuclide  44104.09c -- ruthenium 104 at 900K (Ru-104)
Nuclide  44105.09c -- ruthenium 105 at 900K (Ru-105)
Nuclide  44106.09c -- ruthenium 106 at 900K (Ru-106)
Nuclide  45103.09c -- rhodium 103 at 900K (Rh-103)
Nuclide  45105.09c -- rhodium 105 at 900K (Rh-105)
Nuclide  46102.09c -- palladium 102 at 900K (Pd-102)
Nuclide  46104.09c -- palladium 104 at 900K (Pd-104)
Nuclide  46105.09c -- palladium 105 at 900K (Pd-105)
Nuclide  46106.09c -- palladium 106 at 900K (Pd-106)
Nuclide  46107.09c -- palladium 107 at 900K (Pd-107)
Nuclide  46108.09c -- palladium 108 at 900K (Pd-108)
Nuclide  46110.09c -- palladium 110 at 900K (Pd-110)
Nuclide  47107.09c -- silver 107 at 900K (Ag-107)
Nuclide  47109.09c -- silver 109 at 900K (Ag-109)
Nuclide  47310.09c -- silver 110m at 900K (Ag-110m)
Nuclide  47111.09c -- silver 111 at 900K (Ag-111)
Nuclide  48106.09c -- cadmium 106 at 900K (Cd-106)
Nuclide  48108.09c -- cadmium 108 at 900K (Cd-108)
Nuclide  48110.09c -- cadmium 110 at 900K (Cd-110)
Nuclide  48111.09c -- cadmium 111 at 900K (Cd-111)
Nuclide  48112.09c -- cadmium 112 at 900K (Cd-112)
Nuclide  48113.09c -- cadmium 113 at 900K (Cd-113)
Nuclide  48114.09c -- cadmium 114 at 900K (Cd-114)
Nuclide  48315.09c -- cadmium 115m at 900K (Cd-115m)
Nuclide  48116.09c -- cadmium 116 at 900K (Cd-116)
Nuclide  49113.09c -- indium 113 at 900K (In-113)
Nuclide  49115.09c -- indium 115 at 900K (In-115)
Nuclide  50112.09c -- tin 112 at 900K (Sn-112)
Nuclide  50113.09c -- tin 113 at 900K (Sn-113)
Nuclide  50114.09c -- tin 114 at 900K (Sn-114)
Nuclide  50115.09c -- tin 115 at 900K (Sn-115)
Nuclide  50116.09c -- tin 116 at 900K (Sn-116)
Nuclide  50117.09c -- tin 117 at 900K (Sn-117)
Nuclide  50118.09c -- tin 118 at 900K (Sn-118)
Nuclide  50119.09c -- tin 119 at 900K (Sn-119)
Nuclide  50120.09c -- tin 120 at 900K (Sn-120)
Nuclide  50122.09c -- tin 122 at 900K (Sn-122)
Nuclide  50123.09c -- tin 123 at 900K (Sn-123)
Nuclide  50124.09c -- tin 124 at 900K (Sn-124)
Nuclide  50125.09c -- tin 125 at 900K (Sn-125)
Nuclide  50126.09c -- tin 126 at 900K (Sn-126)
Nuclide  51121.09c -- antimony 121 at 900K (Sb-121)
Nuclide  51123.09c -- antimony 123 at 900K (Sb-123)
Nuclide  51124.09c -- antimony 124 at 900K (Sb-124)
Nuclide  51125.09c -- antimony 125 at 900K (Sb-125)
Nuclide  51126.09c -- antimony 126 at 900K (Sb-126)
Nuclide  52120.09c -- tellurium 120 at 900K (Te-120)
Nuclide  52122.09c -- tellurium 122 at 900K (Te-122)
Nuclide  52123.09c -- tellurium 123 at 900K (Te-123)
Nuclide  52124.09c -- tellurium 124 at 900K (Te-124)
Nuclide  52125.09c -- tellurium 125 at 900K (Te-125)
Nuclide  52126.09c -- tellurium 126 at 900K (Te-126)
Nuclide  52327.09c -- tellurium 127m at 900K (Te-127m)
Nuclide  52128.09c -- tellurium 128 at 900K (Te-128)
Nuclide  52329.09c -- tellurium 129m at 900K (Te-129m)
Nuclide  52130.09c -- tellurium 130 at 900K (Te-130)
Nuclide  52132.09c -- tellurium 132 at 900K (Te-132)
Nuclide  53127.09c -- iodine 127 at 900K (I-127)
Nuclide  53129.09c -- iodine 129 at 900K (I-129)
Nuclide  53130.09c -- iodine 130 at 900K (I-130)
Nuclide  53131.09c -- iodine 131 at 900K (I-131)
Nuclide  53135.09c -- iodine 135 at 900K (I-135)
Nuclide  54126.09c -- xenon 126 at 900K (Xe-126)
Nuclide  54128.09c -- xenon 128 at 900K (Xe-128)
Nuclide  54129.09c -- xenon 129 at 900K (Xe-129)
Nuclide  54130.09c -- xenon 130 at 900K (Xe-130)
Nuclide  54131.09c -- xenon 131 at 900K (Xe-131)
Nuclide  54132.09c -- xenon 132 at 900K (Xe-132)
Nuclide  54133.09c -- xenon 133 at 900K (Xe-133)
Nuclide  54134.09c -- xenon 134 at 900K (Xe-134)
Nuclide  54135.09c -- xenon 135 at 900K (Xe-135)
Nuclide  54136.09c -- xenon 136 at 900K (Xe-136)
Nuclide  55133.09c -- cesium 133 at 900K (Cs-133)
Nuclide  55134.09c -- cesium 134 at 900K (Cs-134)
Nuclide  55135.09c -- cesium 135 at 900K (Cs-135)
Nuclide  55136.09c -- cesium 136 at 900K (Cs-136)
Nuclide  55137.09c -- cesium 137 at 900K (Cs-137)
Nuclide  56130.09c -- barium 130 at 900K (Ba-130)
Nuclide  56132.09c -- barium 132 at 900K (Ba-132)
Nuclide  56133.09c -- barium 133 at 900K (Ba-133)
Nuclide  56134.09c -- barium 134 at 900K (Ba-134)
Nuclide  56135.09c -- barium 135 at 900K (Ba-135)
Nuclide  56136.09c -- barium 136 at 900K (Ba-136)
Nuclide  56137.09c -- barium 137 at 900K (Ba-137)
Nuclide  56138.09c -- barium 138 at 900K (Ba-138)
Nuclide  56140.09c -- barium 140 at 900K (Ba-140)
Nuclide  57138.09c -- lanthanum 138 at 900K (La-138)
Nuclide  57139.09c -- lanthanum 139 at 900K (La-139)
Nuclide  57140.09c -- lanthanum 140 at 900K (La-140)
Nuclide  58136.09c -- cerium 136 at 900K (Ce-136)
Nuclide  58138.09c -- cerium 138 at 900K (Ce-138)
Nuclide  58139.09c -- cerium 139 at 900K (Ce-139)
Nuclide  58140.09c -- cerium 140 at 900K (Ce-140)
Nuclide  58141.09c -- cerium 141 at 900K (Ce-141)
Nuclide  58142.09c -- cerium 142 at 900K (Ce-142)
Nuclide  58143.09c -- cerium 143 at 900K (Ce-143)
Nuclide  58144.09c -- cerium 144 at 900K (Ce-144)
Nuclide  59141.09c -- praseodymium 141 at 900K (Pr-141)
Nuclide  59142.09c -- praseodymium 142 at 900K (Pr-142)
Nuclide  59143.09c -- praseodymium 143 at 900K (Pr-143)
Nuclide  60142.09c -- neodymium 142 at 900K (Nd-142)
Nuclide  60143.09c -- neodymium 143 at 900K (Nd-143)
Nuclide  60144.09c -- neodymium 144 at 900K (Nd-144)
Nuclide  60145.09c -- neodymium 145 at 900K (Nd-145)
Nuclide  60146.09c -- neodymium 146 at 900K (Nd-146)
Nuclide  60147.09c -- neodymium 147 at 900K (Nd-147)
Nuclide  60148.09c -- neodymium 148 at 900K (Nd-148)
Nuclide  60150.09c -- neodymium 150 at 900K (Nd-150)
Nuclide  61147.09c -- promethium 147 at 900K (Pm-147)
Nuclide  61148.09c -- promethium 148 at 900K (Pm-148)
Nuclide  61348.09c -- promethium 148m at 900K (Pm-148m)
Nuclide  61149.09c -- promethium 149 at 900K (Pm-149)
Nuclide  61151.09c -- promethium 151 at 900K (Pm-151)
Nuclide  62144.09c -- samarium 144 at 900K (Sm-144)
Nuclide  62147.09c -- samarium 147 at 900K (Sm-147)
Nuclide  62148.09c -- samarium 148 at 900K (Sm-148)
Nuclide  62149.09c -- samarium 149 at 900K (Sm-149)
Nuclide  62150.09c -- samarium 150 at 900K (Sm-150)
Nuclide  62151.09c -- samarium 151 at 900K (Sm-151)
Nuclide  62152.09c -- samarium 152 at 900K (Sm-152)
Nuclide  62153.09c -- samarium 153 at 900K (Sm-153)
Nuclide  62154.09c -- samarium 154 at 900K (Sm-154)
Nuclide  63151.09c -- europium 151 at 900K (Eu-151)
Nuclide  63152.09c -- europium 152 at 900K (Eu-152)
Nuclide  63153.09c -- europium 153 at 900K (Eu-153)
Nuclide  63154.09c -- europium 154 at 900K (Eu-154)
Nuclide  63155.09c -- europium 155 at 900K (Eu-155)
Nuclide  63156.09c -- europium 156 at 900K (Eu-156)
Nuclide  63157.09c -- europium 157 at 900K (Eu-157)
Nuclide  64152.09c -- gadolinium 152 at 900K (Gd-152)
Nuclide  64153.09c -- gadolinium 153 at 900K (Gd-153)
Nuclide  64154.09c -- gadolinium 154 at 900K (Gd-154)
Nuclide  64155.09c -- gadolinium 155 at 900K (Gd-155)
Nuclide  64156.09c -- gadolinium 156 at 900K (Gd-156)
Nuclide  64157.09c -- gadolinium 157 at 900K (Gd-157)
Nuclide  64158.09c -- gadolinium 158 at 900K (Gd-158)
Nuclide  64160.09c -- gadolinium 160 at 900K (Gd-160)
Nuclide  65159.09c -- terbium 159 at 900K (Tb-159)
Nuclide  65160.09c -- terbium 160 at 900K (Tb-160)
Nuclide  66156.09c -- dysprosium 156 at 900K (Dy-156)
Nuclide  66158.09c -- dysprosium 158 at 900K (Dy-158)
Nuclide  66160.09c -- dysprosium 160 at 900K (Dy-160)
Nuclide  66161.09c -- dysprosium 161 at 900K (Dy-161)
Nuclide  66162.09c -- dysprosium 162 at 900K (Dy-162)
Nuclide  66163.09c -- dysprosium 163 at 900K (Dy-163)
Nuclide  66164.09c -- dysprosium 164 at 900K (Dy-164)
Nuclide  67165.09c -- holmium 165 at 900K (Ho-165)
Nuclide  67366.09c -- holmium 166m at 900K (Ho-166m)
Nuclide  68162.09c -- erbium 162 at 900K (Er-162)
Nuclide  68164.09c -- erbium 164 at 900K (Er-164)
Nuclide  68166.09c -- erbium 166 at 900K (Er-166)
Nuclide  68167.09c -- erbium 167 at 900K (Er-167)
Nuclide  68168.09c -- erbium 168 at 900K (Er-168)
Nuclide  68170.09c -- erbium 170 at 900K (Er-170)

Adding remaining data and forming paths...

Nuclide  54124.09c -- xenon 124 at 900K (Xe-124)
OK.

Setting majorant temperatures for TMS:

Material graphite at 850.0K

Running Doppler-broadening preprocessor:

Adjusting nuclide   6000.06c temperature from 600K to 850K...
Adjusting nuclide   5010.06c temperature from 600K to 850K...
Adjusting nuclide   5011.06c temperature from 600K to 850K...

Adding thermal scattering data...

Nuclide   gre7.04t -- natural carbon at 400K (C-nat)
Nuclide   gre7.08t -- natural carbon at 500K (C-nat)
Nuclide   gre7.12t -- natural carbon at 600K (C-nat)
Nuclide   gre7.16t -- natural carbon at 700K (C-nat)
Nuclide   gre7.18t -- natural carbon at 800K (C-nat)
Nuclide   gre7.22t -- natural carbon at 1200K (C-nat)

Checking data and printing output...

***** Sat Jan  1 22:41:53 2022 (seed = 1641094889968)
Warning message from function CheckNuclideData:

Stable nuclide 40096.09c has 1 decay modes


***** Sat Jan  1 22:41:53 2022 (seed = 1641094889968)
Warning message from function CheckNuclideData:

Stable nuclide 48114.09c has 1 decay modes


***** Sat Jan  1 22:41:53 2022 (seed = 1641094889968)
Warning message from function CheckNuclideData:

Stable nuclide 52123.09c has 1 decay modes


***** Sat Jan  1 22:41:53 2022 (seed = 1641094889968)
Warning message from function CheckNuclideData:

Stable nuclide 52130.09c has 1 decay modes


***** Sat Jan  1 22:41:53 2022 (seed = 1641094889968)
Warning message from function CheckNuclideData:

Stable nuclide 54134.09c has 1 decay modes


***** Sat Jan  1 22:41:53 2022 (seed = 1641094889968)
Warning message from function CheckNuclideData:

Stable nuclide 54136.09c has 1 decay modes


***** Sat Jan  1 22:41:53 2022 (seed = 1641094889968)
Warning message from function CheckNuclideData:

Stable nuclide 58142.09c has 1 decay modes


***** Sat Jan  1 22:41:53 2022 (seed = 1641094889968)
Warning message from function CheckNuclideData:

Stable nuclide 64160.09c has 1 decay modes


***** Sat Jan  1 22:41:53 2022 (seed = 1641094889968)
Warning message from function CheckNuclideData:

Stable nuclide 300700 has 1 decay modes

OK.

Generating unionize energy grids...

Adding points:

  1001.09c -- Points added in neutron grid: 252
  1002.09c -- Points added in neutron grid: 115
  1003.09c -- Points added in neutron grid: 58
  2003.09c -- Points added in neutron grid: 32
  2004.09c -- Points added in neutron grid: 129
  3006.09c -- Points added in neutron grid: 181
  3007.09c -- Points added in neutron grid: 72
  4009.09c -- Points added in neutron grid: 80
  5010.09c -- Points added in neutron grid: 149
  5010.06c -- Points added in neutron grid: 0
  5011.09c -- Points added in neutron grid: 2598
  5011.06c -- Points added in neutron grid: 4
  6000.09c -- Points added in neutron grid: 488
  6000.06c -- Points added in neutron grid: 0
  6000.06s -- Points added in neutron grid: 0
  6012.09c -- Points added in neutron grid: 658
  7014.09c -- Points added in neutron grid: 1006
  7015.09c -- Points added in neutron grid: 199
  8016.09c -- Points added in neutron grid: 1392
  8017.09c -- Points added in neutron grid: 22
  9019.09c -- Points added in neutron grid: 1027
 14000.09c -- Points added in neutron grid: 2590
 15031.09c -- Points added in neutron grid: 150
 16000.09c -- Points added in neutron grid: 6048
 24000.09c -- Points added in neutron grid: 5376
 25055.09c -- Points added in neutron grid: 4457
 26000.09c -- Points added in neutron grid: 10864
 28000.09c -- Points added in neutron grid: 19141
 31069.09c -- Points added in neutron grid: 2362
 31071.09c -- Points added in neutron grid: 2209
 32070.09c -- Points added in neutron grid: 1691
 32072.09c -- Points added in neutron grid: 1565
 32073.09c -- Points added in neutron grid: 4643
 32074.09c -- Points added in neutron grid: 524
 32076.09c -- Points added in neutron grid: 894
 33074.09c -- Points added in neutron grid: 366
 33075.09c -- Points added in neutron grid: 8792
 34074.09c -- Points added in neutron grid: 1600
 34076.09c -- Points added in neutron grid: 2433
 34077.09c -- Points added in neutron grid: 3041
 34078.09c -- Points added in neutron grid: 1785
 34079.09c -- Points added in neutron grid: 541
 34080.09c -- Points added in neutron grid: 1457
 34082.09c -- Points added in neutron grid: 1004
 35079.09c -- Points added in neutron grid: 8900
 35081.09c -- Points added in neutron grid: 9455
 36078.09c -- Points added in neutron grid: 900
 36080.09c -- Points added in neutron grid: 1029
 36082.09c -- Points added in neutron grid: 526
 36083.09c -- Points added in neutron grid: 315
 36084.09c -- Points added in neutron grid: 3444
 36085.09c -- Points added in neutron grid: 834
 36086.09c -- Points added in neutron grid: 4466
 37085.09c -- Points added in neutron grid: 6957
 37086.09c -- Points added in neutron grid: 3688
 37087.09c -- Points added in neutron grid: 1257
 38084.09c -- Points added in neutron grid: 1263
 38086.09c -- Points added in neutron grid: 2367
 38087.09c -- Points added in neutron grid: 5966
 38088.09c -- Points added in neutron grid: 3030
 38089.09c -- Points added in neutron grid: 44
 38090.09c -- Points added in neutron grid: 396
 39089.09c -- Points added in neutron grid: 4459
 39090.09c -- Points added in neutron grid: 2742
 39091.09c -- Points added in neutron grid: 480
 40090.09c -- Points added in neutron grid: 1538
 40091.09c -- Points added in neutron grid: 5155
 40092.09c -- Points added in neutron grid: 4380
 40093.09c -- Points added in neutron grid: 3745
 40094.09c -- Points added in neutron grid: 3870
 40095.09c -- Points added in neutron grid: 324
 40096.09c -- Points added in neutron grid: 2173
 41093.09c -- Points added in neutron grid: 8993
 41094.09c -- Points added in neutron grid: 642
 41095.09c -- Points added in neutron grid: 463
 42000.09c -- Points added in neutron grid: 2523
 42092.09c -- Points added in neutron grid: 4998
 42094.09c -- Points added in neutron grid: 3564
 42095.09c -- Points added in neutron grid: 4065
 42096.09c -- Points added in neutron grid: 4457
 42097.09c -- Points added in neutron grid: 4423
 42098.09c -- Points added in neutron grid: 6747
 42099.09c -- Points added in neutron grid: 374
 42100.09c -- Points added in neutron grid: 6662
 43099.09c -- Points added in neutron grid: 16636
 44096.09c -- Points added in neutron grid: 415
 44098.09c -- Points added in neutron grid: 584
 44099.09c -- Points added in neutron grid: 3238
 44100.09c -- Points added in neutron grid: 4888
 44101.09c -- Points added in neutron grid: 3213
 44102.09c -- Points added in neutron grid: 7188
 44103.09c -- Points added in neutron grid: 813
 44104.09c -- Points added in neutron grid: 6329
 44105.09c -- Points added in neutron grid: 57
 44106.09c -- Points added in neutron grid: 270
 45103.09c -- Points added in neutron grid: 10852
 45105.09c -- Points added in neutron grid: 112
 46102.09c -- Points added in neutron grid: 557
 46104.09c -- Points added in neutron grid: 6091
 46105.09c -- Points added in neutron grid: 8889
 46106.09c -- Points added in neutron grid: 4872
 46107.09c -- Points added in neutron grid: 4249
 46108.09c -- Points added in neutron grid: 4846
 46110.09c -- Points added in neutron grid: 4448
 47107.09c -- Points added in neutron grid: 3465
 47109.09c -- Points added in neutron grid: 12677
 47310.09c -- Points added in neutron grid: 1233
 47111.09c -- Points added in neutron grid: 4056
 48106.09c -- Points added in neutron grid: 3857
 48108.09c -- Points added in neutron grid: 3476
 48110.09c -- Points added in neutron grid: 5201
 48111.09c -- Points added in neutron grid: 7617
 48112.09c -- Points added in neutron grid: 6575
 48113.09c -- Points added in neutron grid: 16259
 48114.09c -- Points added in neutron grid: 5016
 48315.09c -- Points added in neutron grid: 1573
 48116.09c -- Points added in neutron grid: 3148
 49113.09c -- Points added in neutron grid: 3463
 49115.09c -- Points added in neutron grid: 9484
 50112.09c -- Points added in neutron grid: 1600
 50113.09c -- Points added in neutron grid: 2571
 50114.09c -- Points added in neutron grid: 1455
 50115.09c -- Points added in neutron grid: 825
 50116.09c -- Points added in neutron grid: 9517
 50117.09c -- Points added in neutron grid: 3854
 50118.09c -- Points added in neutron grid: 1037
 50119.09c -- Points added in neutron grid: 1986
 50120.09c -- Points added in neutron grid: 7965
 50122.09c -- Points added in neutron grid: 13841
 50123.09c -- Points added in neutron grid: 316
 50124.09c -- Points added in neutron grid: 7784
 50125.09c -- Points added in neutron grid: 1011
 50126.09c -- Points added in neutron grid: 264
 51121.09c -- Points added in neutron grid: 10941
 51123.09c -- Points added in neutron grid: 10220
 51124.09c -- Points added in neutron grid: 190
 51125.09c -- Points added in neutron grid: 351
 51126.09c -- Points added in neutron grid: 4926
 52120.09c -- Points added in neutron grid: 356
 52122.09c -- Points added in neutron grid: 11761
 52123.09c -- Points added in neutron grid: 4199
 52124.09c -- Points added in neutron grid: 7953
 52125.09c -- Points added in neutron grid: 11261
 52126.09c -- Points added in neutron grid: 3418
 52327.09c -- Points added in neutron grid: 618
 52128.09c -- Points added in neutron grid: 2699
 52329.09c -- Points added in neutron grid: 259
 52130.09c -- Points added in neutron grid: 1511
 52132.09c -- Points added in neutron grid: 1585
 53127.09c -- Points added in neutron grid: 19150
 53129.09c -- Points added in neutron grid: 6662
 53130.09c -- Points added in neutron grid: 4777
 53131.09c -- Points added in neutron grid: 316
 53135.09c -- Points added in neutron grid: 57
 54124.09c -- Points added in neutron grid: 484
 54126.09c -- Points added in neutron grid: 749
 54128.09c -- Points added in neutron grid: 1696
 54129.09c -- Points added in neutron grid: 5462
 54130.09c -- Points added in neutron grid: 1804
 54131.09c -- Points added in neutron grid: 3943
 54132.09c -- Points added in neutron grid: 713
 54133.09c -- Points added in neutron grid: 255
 54134.09c -- Points added in neutron grid: 512
 54135.09c -- Points added in neutron grid: 352
 54136.09c -- Points added in neutron grid: 1313
 55133.09c -- Points added in neutron grid: 9211
 55134.09c -- Points added in neutron grid: 976
 55135.09c -- Points added in neutron grid: 804
 55136.09c -- Points added in neutron grid: 319
 55137.09c -- Points added in neutron grid: 295
 56130.09c -- Points added in neutron grid: 4077
 56132.09c -- Points added in neutron grid: 448
 56133.09c -- Points added in neutron grid: 688
 56134.09c -- Points added in neutron grid: 5189
 56135.09c -- Points added in neutron grid: 6771
 56136.09c -- Points added in neutron grid: 5355
 56137.09c -- Points added in neutron grid: 4104
 56138.09c -- Points added in neutron grid: 1891
 56140.09c -- Points added in neutron grid: 939
 57138.09c -- Points added in neutron grid: 1193
 57139.09c -- Points added in neutron grid: 6724
 57140.09c -- Points added in neutron grid: 1915
 58136.09c -- Points added in neutron grid: 1071
 58138.09c -- Points added in neutron grid: 1038
 58139.09c -- Points added in neutron grid: 1120
 58140.09c -- Points added in neutron grid: 7905
 58141.09c -- Points added in neutron grid: 670
 58142.09c -- Points added in neutron grid: 2106
 58143.09c -- Points added in neutron grid: 1479
 58144.09c -- Points added in neutron grid: 237
 59141.09c -- Points added in neutron grid: 8175
 59142.09c -- Points added in neutron grid: 2366
 59143.09c -- Points added in neutron grid: 560
 60142.09c -- Points added in neutron grid: 4139
 60143.09c -- Points added in neutron grid: 7993
 60144.09c -- Points added in neutron grid: 3141
 60145.09c -- Points added in neutron grid: 10468
 60146.09c -- Points added in neutron grid: 3354
 60147.09c -- Points added in neutron grid: 1022
 60148.09c -- Points added in neutron grid: 6248
 60150.09c -- Points added in neutron grid: 5721
 61147.09c -- Points added in neutron grid: 1658
 61148.09c -- Points added in neutron grid: 294
 61348.09c -- Points added in neutron grid: 111
 61149.09c -- Points added in neutron grid: 313
 61151.09c -- Points added in neutron grid: 2402
 62144.09c -- Points added in neutron grid: 3499
 62147.09c -- Points added in neutron grid: 10488
 62148.09c -- Points added in neutron grid: 1291
 62149.09c -- Points added in neutron grid: 6812
 62150.09c -- Points added in neutron grid: 2477
 62151.09c -- Points added in neutron grid: 4430
 62152.09c -- Points added in neutron grid: 6888
 62153.09c -- Points added in neutron grid: 794
 62154.09c -- Points added in neutron grid: 3385
 63151.09c -- Points added in neutron grid: 2651
 63152.09c -- Points added in neutron grid: 1464
 63153.09c -- Points added in neutron grid: 2924
 63154.09c -- Points added in neutron grid: 802
 63155.09c -- Points added in neutron grid: 477
 63156.09c -- Points added in neutron grid: 259
 63157.09c -- Points added in neutron grid: 1410
 64152.09c -- Points added in neutron grid: 9025
 64153.09c -- Points added in neutron grid: 1041
 64154.09c -- Points added in neutron grid: 10082
 64155.09c -- Points added in neutron grid: 3148
 64156.09c -- Points added in neutron grid: 5641
 64157.09c -- Points added in neutron grid: 3302
 64158.09c -- Points added in neutron grid: 6914
 64160.09c -- Points added in neutron grid: 4340
 65159.09c -- Points added in neutron grid: 9529
 65160.09c -- Points added in neutron grid: 271
 66156.09c -- Points added in neutron grid: 1248
 66158.09c -- Points added in neutron grid: 434
 66160.09c -- Points added in neutron grid: 5299
 66161.09c -- Points added in neutron grid: 9012
 66162.09c -- Points added in neutron grid: 6068
 66163.09c -- Points added in neutron grid: 6382
 66164.09c -- Points added in neutron grid: 5033
 67165.09c -- Points added in neutron grid: 9338
 67366.09c -- Points added in neutron grid: 343
 68162.09c -- Points added in neutron grid: 1597
 68164.09c -- Points added in neutron grid: 1937
 68166.09c -- Points added in neutron grid: 8316
 68167.09c -- Points added in neutron grid: 11248
 68168.09c -- Points added in neutron grid: 8467
 68170.09c -- Points added in neutron grid: 4204
 90227.09c -- Points added in neutron grid: 53
 90228.09c -- Points added in neutron grid: 166
 90229.09c -- Points added in neutron grid: 511
 90230.09c -- Points added in neutron grid: 2235
 90232.09c -- Points added in neutron grid: 18423
 90233.09c -- Points added in neutron grid: 39
 90234.09c -- Points added in neutron grid: 75
 91231.09c -- Points added in neutron grid: 3876
 91232.09c -- Points added in neutron grid: 227
 91233.09c -- Points added in neutron grid: 3265
 92232.09c -- Points added in neutron grid: 1897
 92233.09c -- Points added in neutron grid: 6303
 92234.09c -- Points added in neutron grid: 7850
 92235.09c -- Points added in neutron grid: 23376
 92236.09c -- Points added in neutron grid: 7416
 92237.09c -- Points added in neutron grid: 2346
 92238.09c -- Points added in neutron grid: 51562
 92239.09c -- Points added in neutron grid: 178
 92240.09c -- Points added in neutron grid: 5343
 92241.09c -- Points added in neutron grid: 2069
 93235.09c -- Points added in neutron grid: 155
 93236.09c -- Points added in neutron grid: 318
 93237.09c -- Points added in neutron grid: 9623
 93238.09c -- Points added in neutron grid: 72
 93239.09c -- Points added in neutron grid: 52
 94236.09c -- Points added in neutron grid: 204
 94237.09c -- Points added in neutron grid: 90
 94238.09c -- Points added in neutron grid: 1451
 94239.09c -- Points added in neutron grid: 18950
 94240.09c -- Points added in neutron grid: 14810
 94241.09c -- Points added in neutron grid: 4357
 94242.09c -- Points added in neutron grid: 1866
 94243.09c -- Points added in neutron grid: 2464
 94244.09c -- Points added in neutron grid: 2216
 95241.09c -- Points added in neutron grid: 4447
 95242.09c -- Points added in neutron grid: 1542
 95342.09c -- Points added in neutron grid: 693
 95243.09c -- Points added in neutron grid: 6027
 95244.09c -- Points added in neutron grid: 79
 95344.09c -- Points added in neutron grid: 58
 96240.09c -- Points added in neutron grid: 2078
 96241.09c -- Points added in neutron grid: 4
 96242.09c -- Points added in neutron grid: 1392
 96243.09c -- Points added in neutron grid: 1601
 96244.09c -- Points added in neutron grid: 5562
 96245.09c -- Points added in neutron grid: 1166
 96246.09c -- Points added in neutron grid: 1868
 96247.09c -- Points added in neutron grid: 1377
 96248.09c -- Points added in neutron grid: 4447
 96249.09c -- Points added in neutron grid: 835
 96250.09c -- Points added in neutron grid: 231
  gre7.04t -- Points added in neutron grid: 1232
  gre7.08t -- Points added in neutron grid: 2
  gre7.12t -- Points added in neutron grid: 2
  gre7.16t -- Points added in neutron grid: 2
  gre7.18t -- Points added in neutron grid: 2
  gre7.22t -- Points added in neutron grid: 2

Generating unionized energy grid:

 - Unionization performed without grid thinning
   between 1.00E-11 and 20.0 MeV.

 - Final neutron grid size: 1108736 points.

 - 41.45 Mb of memory allocated for grid data

OK.

Processing cross sections and ENDF reaction laws...

Nuclide   1001.09c -- hydrogen at 900K (H-1)
Nuclide   1002.09c -- deuterium at 900K (H-2)
Nuclide   1003.09c -- tritium at 900K (H-3)
Nuclide   2003.09c -- helium 3 at 900K (He-3)
Nuclide   2004.09c -- helium 4 at 900K (He-4)
Nuclide   3006.09c -- lithium 6 at 900K (Li-6)
Nuclide   3007.09c -- lithium 7 at 900K (Li-7)
Nuclide   4009.09c -- beryllium 9 at 900K (Be-9)
Nuclide   5010.09c -- boron 10 at 900K (B-10)
Nuclide   5010.06c -- boron 10 at 850K (B-10)
Nuclide   5011.09c -- boron 11 at 900K (B-11)
Nuclide   5011.06c -- boron 11 at 850K (B-11)
Nuclide   6000.09c -- natural carbon at 900K (C-nat)
Nuclide   6000.06c -- natural carbon at 850K (C-nat)
Nuclide   6000.06s -- natural carbon at 850K (C-nat)
Nuclide   6012.09c -- carbon 12 at 900K (C-12)
Nuclide   7014.09c -- nitrogen 14 at 900K (N-14)
Nuclide   7015.09c -- nitrogen 15 at 900K (N-15)
Nuclide   8016.09c -- oxygen 16 at 900K (O-16)
Nuclide   8017.09c -- oxygen 17 at 900K (O-17)
Nuclide   9019.09c -- fluorine 19 at 900K (F-19)
Nuclide  14000.09c -- natural silicon at 900K (Si-nat)
Nuclide  15031.09c -- phosphorus 31 at 900K (P-31)
Nuclide  16000.09c -- natural sulfur at 900K (S-nat)
Nuclide  24000.09c -- natural chromium at 900K (Cr-nat)
Nuclide  25055.09c -- manganese 55 at 900K (Mn-55)
Nuclide  26000.09c -- natural iron at 900K (Fe-nat)
Nuclide  28000.09c -- natural nickel at 900K (Ni-nat)
Nuclide  31069.09c -- gallium 69 at 900K (Ga-69)
Nuclide  31071.09c -- gallium 71 at 900K (Ga-71)
Nuclide  32070.09c -- germanium 70 at 900K (Ge-70)
Nuclide  32072.09c -- germanium 72 at 900K (Ge-72)
Nuclide  32073.09c -- germanium 73 at 900K (Ge-73)
Nuclide  32074.09c -- germanium 74 at 900K (Ge-74)
Nuclide  32076.09c -- germanium 76 at 900K (Ge-76)
Nuclide  33074.09c -- arsenic 74 at 900K (As-74)
Nuclide  33075.09c -- arsenic 75 at 900K (As-75)
Nuclide  34074.09c -- selenium 74 at 900K (Se-74)
Nuclide  34076.09c -- selenium 76 at 900K (Se-76)
Nuclide  34077.09c -- selenium 77 at 900K (Se-77)
Nuclide  34078.09c -- selenium 78 at 900K (Se-78)
Nuclide  34079.09c -- selenium 79 at 900K (Se-79)
Nuclide  34080.09c -- selenium 80 at 900K (Se-80)
Nuclide  34082.09c -- selenium 82 at 900K (Se-82)
Nuclide  35079.09c -- bromine 79 at 900K (Br-79)
Nuclide  35081.09c -- bromine 81 at 900K (Br-81)
Nuclide  36078.09c -- krypton 78 at 900K (Kr-78)
Nuclide  36080.09c -- krypton 80 at 900K (Kr-80)
Nuclide  36082.09c -- krypton 82 at 900K (Kr-82)
Nuclide  36083.09c -- krypton 83 at 900K (Kr-83)
Nuclide  36084.09c -- krypton 84 at 900K (Kr-84)
Nuclide  36085.09c -- krypton 85 at 900K (Kr-85)
Nuclide  36086.09c -- krypton 86 at 900K (Kr-86)
Nuclide  37085.09c -- rubidium 85 at 900K (Rb-85)
Nuclide  37086.09c -- rubidium 86 at 900K (Rb-86)
Nuclide  37087.09c -- rubidium 87 at 900K (Rb-87)
Nuclide  38084.09c -- strontium 84 at 900K (Sr-84)
Nuclide  38086.09c -- strontium 86 at 900K (Sr-86)
Nuclide  38087.09c -- strontium 87 at 900K (Sr-87)
Nuclide  38088.09c -- strontium 88 at 900K (Sr-88)
Nuclide  38089.09c -- strontium 89 at 900K (Sr-89)
Nuclide  38090.09c -- strontium 90 at 900K (Sr-90)
Nuclide  39089.09c -- yttrium 89 at 900K (Y-89)
Nuclide  39090.09c -- yttrium 90 at 900K (Y-90)
Nuclide  39091.09c -- yttrium 91 at 900K (Y-91)
Nuclide  40090.09c -- zirconium 90 at 900K (Zr-90)
Nuclide  40091.09c -- zirconium 91 at 900K (Zr-91)
Nuclide  40092.09c -- zirconium 92 at 900K (Zr-92)
Nuclide  40093.09c -- zirconium 93 at 900K (Zr-93)
Nuclide  40094.09c -- zirconium 94 at 900K (Zr-94)
Nuclide  40095.09c -- zirconium 95 at 900K (Zr-95)
Nuclide  40096.09c -- zirconium 96 at 900K (Zr-96)
Nuclide  41093.09c -- niobium 93 at 900K (Nb-93)
Nuclide  41094.09c -- niobium 94 at 900K (Nb-94)
Nuclide  41095.09c -- niobium 95 at 900K (Nb-95)
Nuclide  42000.09c -- natural molybdenum at 900K (Mo-nat)
Nuclide  42092.09c -- molybdenum 92 at 900K (Mo-92)
Nuclide  42094.09c -- molybdenum 94 at 900K (Mo-94)
Nuclide  42095.09c -- molybdenum 95 at 900K (Mo-95)
Nuclide  42096.09c -- molybdenum 96 at 900K (Mo-96)
Nuclide  42097.09c -- molybdenum 97 at 900K (Mo-97)
Nuclide  42098.09c -- molybdenum 98 at 900K (Mo-98)
Nuclide  42099.09c -- molybdenum 99 at 900K (Mo-99)
Nuclide  42100.09c -- molybdenum 100 at 900K (Mo-100)
Nuclide  43099.09c -- technetium 99 at 900K (Tc-99)
Nuclide  44096.09c -- ruthenium 96 at 900K (Ru-96)
Nuclide  44098.09c -- ruthenium 98 at 900K (Ru-98)
Nuclide  44099.09c -- ruthenium 99 at 900K (Ru-99)
Nuclide  44100.09c -- ruthenium 100 at 900K (Ru-100)
Nuclide  44101.09c -- ruthenium 101 at 900K (Ru-101)
Nuclide  44102.09c -- ruthenium 102 at 900K (Ru-102)
Nuclide  44103.09c -- ruthenium 103 at 900K (Ru-103)
Nuclide  44104.09c -- ruthenium 104 at 900K (Ru-104)
Nuclide  44105.09c -- ruthenium 105 at 900K (Ru-105)
Nuclide  44106.09c -- ruthenium 106 at 900K (Ru-106)
Nuclide  45103.09c -- rhodium 103 at 900K (Rh-103)
Nuclide  45105.09c -- rhodium 105 at 900K (Rh-105)
Nuclide  46102.09c -- palladium 102 at 900K (Pd-102)
Nuclide  46104.09c -- palladium 104 at 900K (Pd-104)
Nuclide  46105.09c -- palladium 105 at 900K (Pd-105)
Nuclide  46106.09c -- palladium 106 at 900K (Pd-106)
Nuclide  46107.09c -- palladium 107 at 900K (Pd-107)
Nuclide  46108.09c -- palladium 108 at 900K (Pd-108)
Nuclide  46110.09c -- palladium 110 at 900K (Pd-110)
Nuclide  47107.09c -- silver 107 at 900K (Ag-107)
Nuclide  47109.09c -- silver 109 at 900K (Ag-109)
Nuclide  47310.09c -- silver 110m at 900K (Ag-110m)
Nuclide  47111.09c -- silver 111 at 900K (Ag-111)
Nuclide  48106.09c -- cadmium 106 at 900K (Cd-106)
Nuclide  48108.09c -- cadmium 108 at 900K (Cd-108)
Nuclide  48110.09c -- cadmium 110 at 900K (Cd-110)
Nuclide  48111.09c -- cadmium 111 at 900K (Cd-111)
Nuclide  48112.09c -- cadmium 112 at 900K (Cd-112)
Nuclide  48113.09c -- cadmium 113 at 900K (Cd-113)
Nuclide  48114.09c -- cadmium 114 at 900K (Cd-114)
Nuclide  48315.09c -- cadmium 115m at 900K (Cd-115m)
Nuclide  48116.09c -- cadmium 116 at 900K (Cd-116)
Nuclide  49113.09c -- indium 113 at 900K (In-113)
Nuclide  49115.09c -- indium 115 at 900K (In-115)
Nuclide  50112.09c -- tin 112 at 900K (Sn-112)
Nuclide  50113.09c -- tin 113 at 900K (Sn-113)
Nuclide  50114.09c -- tin 114 at 900K (Sn-114)
Nuclide  50115.09c -- tin 115 at 900K (Sn-115)
Nuclide  50116.09c -- tin 116 at 900K (Sn-116)
Nuclide  50117.09c -- tin 117 at 900K (Sn-117)
Nuclide  50118.09c -- tin 118 at 900K (Sn-118)
Nuclide  50119.09c -- tin 119 at 900K (Sn-119)
Nuclide  50120.09c -- tin 120 at 900K (Sn-120)
Nuclide  50122.09c -- tin 122 at 900K (Sn-122)
Nuclide  50123.09c -- tin 123 at 900K (Sn-123)
Nuclide  50124.09c -- tin 124 at 900K (Sn-124)
Nuclide  50125.09c -- tin 125 at 900K (Sn-125)
Nuclide  50126.09c -- tin 126 at 900K (Sn-126)
Nuclide  51121.09c -- antimony 121 at 900K (Sb-121)
Nuclide  51123.09c -- antimony 123 at 900K (Sb-123)
Nuclide  51124.09c -- antimony 124 at 900K (Sb-124)
Nuclide  51125.09c -- antimony 125 at 900K (Sb-125)
Nuclide  51126.09c -- antimony 126 at 900K (Sb-126)
Nuclide  52120.09c -- tellurium 120 at 900K (Te-120)
Nuclide  52122.09c -- tellurium 122 at 900K (Te-122)
Nuclide  52123.09c -- tellurium 123 at 900K (Te-123)
Nuclide  52124.09c -- tellurium 124 at 900K (Te-124)
Nuclide  52125.09c -- tellurium 125 at 900K (Te-125)
Nuclide  52126.09c -- tellurium 126 at 900K (Te-126)
Nuclide  52327.09c -- tellurium 127m at 900K (Te-127m)
Nuclide  52128.09c -- tellurium 128 at 900K (Te-128)
Nuclide  52329.09c -- tellurium 129m at 900K (Te-129m)
Nuclide  52130.09c -- tellurium 130 at 900K (Te-130)
Nuclide  52132.09c -- tellurium 132 at 900K (Te-132)
Nuclide  53127.09c -- iodine 127 at 900K (I-127)
Nuclide  53129.09c -- iodine 129 at 900K (I-129)
Nuclide  53130.09c -- iodine 130 at 900K (I-130)
Nuclide  53131.09c -- iodine 131 at 900K (I-131)
Nuclide  53135.09c -- iodine 135 at 900K (I-135)
Nuclide  54124.09c -- xenon 124 at 900K (Xe-124)
Nuclide  54126.09c -- xenon 126 at 900K (Xe-126)
Nuclide  54128.09c -- xenon 128 at 900K (Xe-128)
Nuclide  54129.09c -- xenon 129 at 900K (Xe-129)
Nuclide  54130.09c -- xenon 130 at 900K (Xe-130)
Nuclide  54131.09c -- xenon 131 at 900K (Xe-131)
Nuclide  54132.09c -- xenon 132 at 900K (Xe-132)
Nuclide  54133.09c -- xenon 133 at 900K (Xe-133)
Nuclide  54134.09c -- xenon 134 at 900K (Xe-134)
Nuclide  54135.09c -- xenon 135 at 900K (Xe-135)
Nuclide  54136.09c -- xenon 136 at 900K (Xe-136)
Nuclide  55133.09c -- cesium 133 at 900K (Cs-133)
Nuclide  55134.09c -- cesium 134 at 900K (Cs-134)
Nuclide  55135.09c -- cesium 135 at 900K (Cs-135)
Nuclide  55136.09c -- cesium 136 at 900K (Cs-136)
Nuclide  55137.09c -- cesium 137 at 900K (Cs-137)
Nuclide  56130.09c -- barium 130 at 900K (Ba-130)
Nuclide  56132.09c -- barium 132 at 900K (Ba-132)
Nuclide  56133.09c -- barium 133 at 900K (Ba-133)
Nuclide  56134.09c -- barium 134 at 900K (Ba-134)
Nuclide  56135.09c -- barium 135 at 900K (Ba-135)
Nuclide  56136.09c -- barium 136 at 900K (Ba-136)
Nuclide  56137.09c -- barium 137 at 900K (Ba-137)
Nuclide  56138.09c -- barium 138 at 900K (Ba-138)
Nuclide  56140.09c -- barium 140 at 900K (Ba-140)
Nuclide  57138.09c -- lanthanum 138 at 900K (La-138)
Nuclide  57139.09c -- lanthanum 139 at 900K (La-139)
Nuclide  57140.09c -- lanthanum 140 at 900K (La-140)
Nuclide  58136.09c -- cerium 136 at 900K (Ce-136)
Nuclide  58138.09c -- cerium 138 at 900K (Ce-138)
Nuclide  58139.09c -- cerium 139 at 900K (Ce-139)
Nuclide  58140.09c -- cerium 140 at 900K (Ce-140)
Nuclide  58141.09c -- cerium 141 at 900K (Ce-141)
Nuclide  58142.09c -- cerium 142 at 900K (Ce-142)
Nuclide  58143.09c -- cerium 143 at 900K (Ce-143)
Nuclide  58144.09c -- cerium 144 at 900K (Ce-144)
Nuclide  59141.09c -- praseodymium 141 at 900K (Pr-141)
Nuclide  59142.09c -- praseodymium 142 at 900K (Pr-142)
Nuclide  59143.09c -- praseodymium 143 at 900K (Pr-143)
Nuclide  60142.09c -- neodymium 142 at 900K (Nd-142)
Nuclide  60143.09c -- neodymium 143 at 900K (Nd-143)
Nuclide  60144.09c -- neodymium 144 at 900K (Nd-144)
Nuclide  60145.09c -- neodymium 145 at 900K (Nd-145)
Nuclide  60146.09c -- neodymium 146 at 900K (Nd-146)
Nuclide  60147.09c -- neodymium 147 at 900K (Nd-147)
Nuclide  60148.09c -- neodymium 148 at 900K (Nd-148)
Nuclide  60150.09c -- neodymium 150 at 900K (Nd-150)
Nuclide  61147.09c -- promethium 147 at 900K (Pm-147)
Nuclide  61148.09c -- promethium 148 at 900K (Pm-148)
Nuclide  61348.09c -- promethium 148m at 900K (Pm-148m)
Nuclide  61149.09c -- promethium 149 at 900K (Pm-149)
Nuclide  61151.09c -- promethium 151 at 900K (Pm-151)
Nuclide  62144.09c -- samarium 144 at 900K (Sm-144)
Nuclide  62147.09c -- samarium 147 at 900K (Sm-147)
Nuclide  62148.09c -- samarium 148 at 900K (Sm-148)
Nuclide  62149.09c -- samarium 149 at 900K (Sm-149)
Nuclide  62150.09c -- samarium 150 at 900K (Sm-150)
Nuclide  62151.09c -- samarium 151 at 900K (Sm-151)
Nuclide  62152.09c -- samarium 152 at 900K (Sm-152)
Nuclide  62153.09c -- samarium 153 at 900K (Sm-153)
Nuclide  62154.09c -- samarium 154 at 900K (Sm-154)
Nuclide  63151.09c -- europium 151 at 900K (Eu-151)
Nuclide  63152.09c -- europium 152 at 900K (Eu-152)
Nuclide  63153.09c -- europium 153 at 900K (Eu-153)
Nuclide  63154.09c -- europium 154 at 900K (Eu-154)
Nuclide  63155.09c -- europium 155 at 900K (Eu-155)
Nuclide  63156.09c -- europium 156 at 900K (Eu-156)
Nuclide  63157.09c -- europium 157 at 900K (Eu-157)
Nuclide  64152.09c -- gadolinium 152 at 900K (Gd-152)
Nuclide  64153.09c -- gadolinium 153 at 900K (Gd-153)
Nuclide  64154.09c -- gadolinium 154 at 900K (Gd-154)
Nuclide  64155.09c -- gadolinium 155 at 900K (Gd-155)
Nuclide  64156.09c -- gadolinium 156 at 900K (Gd-156)
Nuclide  64157.09c -- gadolinium 157 at 900K (Gd-157)
Nuclide  64158.09c -- gadolinium 158 at 900K (Gd-158)
Nuclide  64160.09c -- gadolinium 160 at 900K (Gd-160)
Nuclide  65159.09c -- terbium 159 at 900K (Tb-159)
Nuclide  65160.09c -- terbium 160 at 900K (Tb-160)
Nuclide  66156.09c -- dysprosium 156 at 900K (Dy-156)
Nuclide  66158.09c -- dysprosium 158 at 900K (Dy-158)
Nuclide  66160.09c -- dysprosium 160 at 900K (Dy-160)
Nuclide  66161.09c -- dysprosium 161 at 900K (Dy-161)
Nuclide  66162.09c -- dysprosium 162 at 900K (Dy-162)
Nuclide  66163.09c -- dysprosium 163 at 900K (Dy-163)
Nuclide  66164.09c -- dysprosium 164 at 900K (Dy-164)
Nuclide  67165.09c -- holmium 165 at 900K (Ho-165)
Nuclide  67366.09c -- holmium 166m at 900K (Ho-166m)
Nuclide  68162.09c -- erbium 162 at 900K (Er-162)
Nuclide  68164.09c -- erbium 164 at 900K (Er-164)
Nuclide  68166.09c -- erbium 166 at 900K (Er-166)
Nuclide  68167.09c -- erbium 167 at 900K (Er-167)
Nuclide  68168.09c -- erbium 168 at 900K (Er-168)
Nuclide  68170.09c -- erbium 170 at 900K (Er-170)
Nuclide  90227.09c -- thorium 227 at 900K (Th-227)
Nuclide  90228.09c -- thorium 228 at 900K (Th-228)
Nuclide  90229.09c -- thorium 229 at 900K (Th-229)
Nuclide  90230.09c -- thorium 230 at 900K (Th-230)
Nuclide  90232.09c -- thorium 232 at 900K (Th-232)
Nuclide  90233.09c -- thorium 233 at 900K (Th-233)
Nuclide  90234.09c -- thorium 234 at 900K (Th-234)
Nuclide  91231.09c -- protactinium 231 at 900K (Pa-231)
Nuclide  91232.09c -- protactinium 232 at 900K (Pa-232)
Nuclide  91233.09c -- protactinium 233 at 900K (Pa-233)
Nuclide  92232.09c -- uranium 232 at 900K (U-232)
Nuclide  92233.09c -- uranium 233 at 900K (U-233)
Nuclide  92234.09c -- uranium 234 at 900K (U-234)
Nuclide  92235.09c -- uranium 235 at 900K (U-235)
Nuclide  92236.09c -- uranium 236 at 900K (U-236)
Nuclide  92237.09c -- uranium 237 at 900K (U-237)
Nuclide  92238.09c -- uranium 238 at 900K (U-238)
Nuclide  92239.09c -- uranium 239 at 900K (U-239)
Nuclide  92240.09c -- uranium 240 at 900K (U-240)
Nuclide  92241.09c -- uranium 241 at 900K (U-241)
Nuclide  93235.09c -- neptunium 235 at 900K (Np-235)
Nuclide  93236.09c -- neptunium 236 at 900K (Np-236)
Nuclide  93237.09c -- neptunium 237 at 900K (Np-237)
Nuclide  93238.09c -- neptunium 238 at 900K (Np-238)
Nuclide  93239.09c -- neptunium 239 at 900K (Np-239)
Nuclide  94236.09c -- plutonium 236 at 900K (Pu-236)
Nuclide  94237.09c -- plutonium 237 at 900K (Pu-237)
Nuclide  94238.09c -- plutonium 238 at 900K (Pu-238)
Nuclide  94239.09c -- plutonium 239 at 900K (Pu-239)
Nuclide  94240.09c -- plutonium 240 at 900K (Pu-240)
Nuclide  94241.09c -- plutonium 241 at 900K (Pu-241)
Nuclide  94242.09c -- plutonium 242 at 900K (Pu-242)
Nuclide  94243.09c -- plutonium 243 at 900K (Pu-243)
Nuclide  94244.09c -- plutonium 244 at 900K (Pu-244)
Nuclide  95241.09c -- americium 241 at 900K (Am-241)
Nuclide  95242.09c -- americium 242 at 900K (Am-242)
Nuclide  95342.09c -- americium 242m at 900K (Am-242m)
Nuclide  95243.09c -- americium 243 at 900K (Am-243)
Nuclide  95244.09c -- americium 244 at 900K (Am-244)
Nuclide  95344.09c -- americium 244m at 900K (Am-244m)
Nuclide  96240.09c -- curium 240 at 900K (Cm-240)
Nuclide  96241.09c -- curium 241 at 900K (Cm-241)
Nuclide  96242.09c -- curium 242 at 900K (Cm-242)
Nuclide  96243.09c -- curium 243 at 900K (Cm-243)
Nuclide  96244.09c -- curium 244 at 900K (Cm-244)
Nuclide  96245.09c -- curium 245 at 900K (Cm-245)
Nuclide  96246.09c -- curium 246 at 900K (Cm-246)
Nuclide  96247.09c -- curium 247 at 900K (Cm-247)
Nuclide  96248.09c -- curium 248 at 900K (Cm-248)
Nuclide  96249.09c -- curium 249 at 900K (Cm-249)
Nuclide  96250.09c -- curium 250 at 900K (Cm-250)
Nuclide   gre7.04t -- natural carbon at 400K (C-nat)
Nuclide   gre7.08t -- natural carbon at 500K (C-nat)
Nuclide   gre7.12t -- natural carbon at 600K (C-nat)
Nuclide   gre7.16t -- natural carbon at 700K (C-nat)
Nuclide   gre7.18t -- natural carbon at 800K (C-nat)
Nuclide   gre7.22t -- natural carbon at 1200K (C-nat)

Adjusting majorant temperatures:


 ***** Warning: Nuclide 5010.06c is adjusted to a single temperature using TMS.
 Consider using Doppler preprocessor instead.

Nuclide   5010.06c TMS majorant to 855K...

 ***** Warning: Nuclide 5011.06c is adjusted to a single temperature using TMS.
 Consider using Doppler preprocessor instead.

Nuclide   5011.06c TMS majorant to 855K...

 ***** Warning: Nuclide 6000.06c is adjusted to a single temperature using TMS.
 Consider using Doppler preprocessor instead.

Nuclide   6000.06c TMS majorant to 855K...
Nuclide   6000.06s TMS majorant to 855K...

SUMMARY -- 1374 nuclides included in calculation:

 - 304 transport nuclides
 - 1070 decay nuclides (not listed above)
 - Neutron energy cut-offs at 1.00E-11 and 20.0 MeV
 - 8569 transport reactions
 - 3523 special reactions
 - 1688 decay reactions + 102 branches
 - 2737 transmutation reactions + 2020 branches
 - 17.87 Gb of memory allocated for data

Normalizing compositions and processing mixtures...
OK.

Setting nuclide compositions for burnable materials...
OK.

Allocating memory for burnup calculation...
OK.

Allocating memory for macroscopic cross section data...
OK.

Reading material compositions from restart file "nerthus.wrk":

- 8.30 MWd/kgU burnup
- 611.00 days irradiation time

Allocating memory for particle structures...
OK.

Calculating maximum densities...
OK.

Performing density cut-off...
OK.

Sorting material-wise reaction lists:

   0% complete
 100% complete

Calculating macroscopic cross sections:

   0% complete
 100% complete

Calculating DT neutron majorant cross section:

   0% complete
 100% complete

Clearing results and statistics...
OK.

Sampling initial source...
OK.

Inactive cycle   1 /  20: k-eff = 1.00000
Inactive cycle   2 /  20: k-eff = 0.62390
Inactive cycle   3 /  20: k-eff = 0.85792
Inactive cycle   4 /  20: k-eff = 0.94166
Inactive cycle   5 /  20: k-eff = 0.97772
Inactive cycle   6 /  20: k-eff = 0.99034
Inactive cycle   7 /  20: k-eff = 1.01757
Inactive cycle   8 /  20: k-eff = 1.01523
Inactive cycle   9 /  20: k-eff = 1.02944
Inactive cycle  10 /  20: k-eff = 0.99959
Inactive cycle  11 /  20: k-eff = 1.02088
Inactive cycle  12 /  20: k-eff = 0.99699
Inactive cycle  13 /  20: k-eff = 1.00716
Inactive cycle  14 /  20: k-eff = 1.00736
Inactive cycle  15 /  20: k-eff = 0.98691
Inactive cycle  16 /  20: k-eff = 1.00616
Inactive cycle  17 /  20: k-eff = 1.00555
Inactive cycle  18 /  20: k-eff = 1.02024
Inactive cycle  19 /  20: k-eff = 1.01085
Inactive cycle  20 /  20: k-eff = 1.01024

----- Begin active cycles -----

------------------------------------------------------------

Serpent 2.1.32 -- Static criticality source simulation

Title: "NERTHUS" 

Active cycle    1 / 80  Source neutrons :  9807

Running time :                  0:02:11
Estimated running time :        0:04:49
Estimated running time left :   0:02:38

Estimated relative CPU usage :   796.9%

k-eff (analog)    = 0.99075 +/- 0.00000  [0.99075  0.99075]
k-eff (implicit)  = 1.01402 +/- 0.00000  [1.01402  1.01402]

(O4) (TMS) (MPI=1) (OMP=8) (CE/LI) 
------------------------------------------------------------
------------------------------------------------------------

Serpent 2.1.32 -- Static criticality source simulation

Title: "NERTHUS" 

Active cycle    2 / 80  Source neutrons : 10054

Running time :                  0:02:13
Estimated running time :        0:05:01
Estimated running time left :   0:02:48

Estimated relative CPU usage :   797.4%

k-eff (analog)    = 0.99342 +/- 0.00268  [0.98818  0.99866]
k-eff (implicit)  = 1.01311 +/- 0.00091  [1.01133  1.01490]

(O4) (TMS) (MPI=1) (OMP=8) (CE/LI) 
------------------------------------------------------------
------------------------------------------------------------

Serpent 2.1.32 -- Static criticality source simulation

Title: "NERTHUS" 

Active cycle    3 / 80  Source neutrons : 10023

Running time :                  0:02:16
Estimated running time :        0:05:13
Estimated running time left :   0:02:57

Estimated relative CPU usage :   797.0%

k-eff (analog)    = 0.99508 +/- 0.00226  [0.99064  0.99951]
k-eff (implicit)  = 1.01259 +/- 0.00074  [1.01113  1.01404]

(O4) (TMS) (MPI=1) (OMP=8) (CE/LI) 
------------------------------------------------------------
------------------------------------------------------------

Serpent 2.1.32 -- Static criticality source simulation

Title: "NERTHUS" 

Active cycle    4 / 80  Source neutrons : 10228

Running time :                  0:02:18
Estimated running time :        0:05:22
Estimated running time left :   0:03:03

Estimated relative CPU usage :   796.2%

k-eff (analog)    = 1.00159 +/- 0.00671  [0.98844  1.01475]
k-eff (implicit)  = 1.01236 +/- 0.00057  [1.01123  1.01348]

(O4) (TMS) (MPI=1) (OMP=8) (CE/LI) 
------------------------------------------------------------
------------------------------------------------------------

Serpent 2.1.32 -- Static criticality source simulation

Title: "NERTHUS" 

Active cycle    5 / 80  Source neutrons :  9786

Running time :                  0:02:21
Estimated running time :        0:05:22
Estimated running time left :   0:03:00

Estimated relative CPU usage :   795.4%

k-eff (analog)    = 1.00113 +/- 0.00522  [0.99090  1.01137]
k-eff (implicit)  = 1.01244 +/- 0.00045  [1.01156  1.01333]

(O4) (TMS) (MPI=1) (OMP=8) (CE/LI) 
------------------------------------------------------------
------------------------------------------------------------

Serpent 2.1.32 -- Static criticality source simulation

Title: "NERTHUS" 

Active cycle    6 / 80  Source neutrons : 10164

Running time :                  0:02:23
Estimated running time :        0:05:21
Estimated running time left :   0:02:57

Estimated relative CPU usage :   796.8%

k-eff (analog)    = 1.00356 +/- 0.00490  [0.99395  1.01317]
k-eff (implicit)  = 1.01165 +/- 0.00087  [1.00995  1.01336]

(O4) (TMS) (MPI=1) (OMP=8) (CE/LI) 
------------------------------------------------------------
------------------------------------------------------------

Serpent 2.1.32 -- Static criticality source simulation

Title: "NERTHUS" 

Active cycle    7 / 80  Source neutrons :  9951

Running time :                  0:02:25
Estimated running time :        0:05:20
Estimated running time left :   0:02:54

Estimated relative CPU usage :   796.8%

k-eff (analog)    = 1.00458 +/- 0.00427  [0.99622  1.01295]
k-eff (implicit)  = 1.01059 +/- 0.00130  [1.00805  1.01313]

(O4) (TMS) (MPI=1) (OMP=8) (CE/LI) 
------------------------------------------------------------
------------------------------------------------------------

Serpent 2.1.32 -- Static criticality source simulation

Title: "NERTHUS" 

Active cycle    8 / 80  Source neutrons :  9978

Running time :                  0:02:28
Estimated running time :        0:05:18
Estimated running time left :   0:02:50

Estimated relative CPU usage :   796.8%

k-eff (analog)    = 1.00507 +/- 0.00373  [0.99776  1.01238]
k-eff (implicit)  = 1.01181 +/- 0.00165  [1.00856  1.01505]

(O4) (TMS) (MPI=1) (OMP=8) (CE/LI) 
------------------------------------------------------------
------------------------------------------------------------

Serpent 2.1.32 -- Static criticality source simulation

Title: "NERTHUS" 

Active cycle    9 / 80  Source neutrons : 10208

Running time :                  0:02:30
Estimated running time :        0:05:18
Estimated running time left :   0:02:47

Estimated relative CPU usage :   790.5%

k-eff (analog)    = 1.00778 +/- 0.00426  [0.99943  1.01613]
k-eff (implicit)  = 1.01073 +/- 0.00182  [1.00717  1.01428]

(O4) (TMS) (MPI=1) (OMP=8) (CE/LI) 
------------------------------------------------------------
------------------------------------------------------------

Serpent 2.1.32 -- Static criticality source simulation

Title: "NERTHUS" 

Active cycle   10 / 80  Source neutrons :  9752

Running time :                  0:02:32
Estimated running time :        0:05:16
Estimated running time left :   0:02:43

Estimated relative CPU usage :   790.4%

k-eff (analog)    = 1.00739 +/- 0.00383  [0.99989  1.01490]
k-eff (implicit)  = 1.01154 +/- 0.00181  [1.00798  1.01509]

(O4) (TMS) (MPI=1) (OMP=8) (CE/LI) 
------------------------------------------------------------
------------------------------------------------------------

Serpent 2.1.32 -- Static criticality source simulation

Title: "NERTHUS" 

Active cycle   11 / 80  Source neutrons : 10151

Running time :                  0:02:34
Estimated running time :        0:05:16
Estimated running time left :   0:02:41

Estimated relative CPU usage :   785.5%

k-eff (analog)    = 1.00846 +/- 0.00362  [1.00135  1.01556]
k-eff (implicit)  = 1.01188 +/- 0.00168  [1.00859  1.01516]

(O4) (TMS) (MPI=1) (OMP=8) (CE/LI) 
------------------------------------------------------------
------------------------------------------------------------

Serpent 2.1.32 -- Static criticality source simulation

Title: "NERTHUS" 

Active cycle   12 / 80  Source neutrons :  9964

Running time :                  0:02:37
Estimated running time :        0:05:15
Estimated running time left :   0:02:38

Estimated relative CPU usage :   776.2%

k-eff (analog)    = 1.00904 +/- 0.00336  [1.00245  1.01562]
k-eff (implicit)  = 1.01235 +/- 0.00160  [1.00921  1.01550]

(O4) (TMS) (MPI=1) (OMP=8) (CE/LI) 
------------------------------------------------------------
------------------------------------------------------------

Serpent 2.1.32 -- Static criticality source simulation

Title: "NERTHUS" 

Active cycle   13 / 80  Source neutrons : 10044

Running time :                  0:02:39
Estimated running time :        0:05:16
Estimated running time left :   0:02:37

Estimated relative CPU usage :   696.8%

k-eff (analog)    = 1.00987 +/- 0.00320  [1.00360  1.01615]
k-eff (implicit)  = 1.01167 +/- 0.00163  [1.00848  1.01486]

(O4) (TMS) (MPI=1) (OMP=8) (CE/LI) 
------------------------------------------------------------
------------------------------------------------------------

Serpent 2.1.32 -- Static criticality source simulation

Title: "NERTHUS" 

Active cycle   14 / 80  Source neutrons :  9774

Running time :                  0:02:42
Estimated running time :        0:05:17
Estimated running time left :   0:02:35

Estimated relative CPU usage :   753.0%

k-eff (analog)    = 1.00894 +/- 0.00311  [1.00285  1.01503]
k-eff (implicit)  = 1.01149 +/- 0.00152  [1.00852  1.01446]

(O4) (TMS) (MPI=1) (OMP=8) (CE/LI) 
------------------------------------------------------------
------------------------------------------------------------

Serpent 2.1.32 -- Static criticality source simulation

Title: "NERTHUS" 

Active cycle   15 / 80  Source neutrons : 10191

Running time :                  0:02:44
Estimated running time :        0:05:19
Estimated running time left :   0:02:34

Estimated relative CPU usage :   722.3%

k-eff (analog)    = 1.00940 +/- 0.00293  [1.00366  1.01514]
k-eff (implicit)  = 1.01147 +/- 0.00141  [1.00871  1.01424]

(O4) (TMS) (MPI=1) (OMP=8) (CE/LI) 
------------------------------------------------------------
------------------------------------------------------------

Serpent 2.1.32 -- Static criticality source simulation

Title: "NERTHUS" 

Active cycle   16 / 80  Source neutrons : 10223

Running time :                  0:02:47
Estimated running time :        0:05:21
Estimated running time left :   0:02:33

Estimated relative CPU usage :   706.9%

k-eff (analog)    = 1.01123 +/- 0.00329  [1.00478  1.01767]
k-eff (implicit)  = 1.01121 +/- 0.00135  [1.00857  1.01385]

(O4) (TMS) (MPI=1) (OMP=8) (CE/LI) 
------------------------------------------------------------
------------------------------------------------------------

Serpent 2.1.32 -- Static criticality source simulation

Title: "NERTHUS" 

Active cycle   17 / 80  Source neutrons :  9582

Running time :                  0:02:51
Estimated running time :        0:05:25
Estimated running time left :   0:02:34

Estimated relative CPU usage :   572.8%

k-eff (analog)    = 1.01028 +/- 0.00323  [1.00394  1.01661]
k-eff (implicit)  = 1.01151 +/- 0.00130  [1.00896  1.01405]

(O4) (TMS) (MPI=1) (OMP=8) (CE/LI) 
------------------------------------------------------------
------------------------------------------------------------

Serpent 2.1.32 -- Static criticality source simulation

Title: "NERTHUS" 

Active cycle   18 / 80  Source neutrons : 10181

Running time :                  0:02:53
Estimated running time :        0:05:27
Estimated running time left :   0:02:33

Estimated relative CPU usage :   716.2%

k-eff (analog)    = 1.01044 +/- 0.00305  [1.00446  1.01642]
k-eff (implicit)  = 1.01204 +/- 0.00134  [1.00942  1.01466]

(O4) (TMS) (MPI=1) (OMP=8) (CE/LI) 
------------------------------------------------------------
------------------------------------------------------------

Serpent 2.1.32 -- Static criticality source simulation

Title: "NERTHUS" 

Active cycle   19 / 80  Source neutrons :  9922

Running time :                  0:02:56
Estimated running time :        0:05:28
Estimated running time left :   0:02:31

Estimated relative CPU usage :   733.5%

k-eff (analog)    = 1.01016 +/- 0.00290  [1.00448  1.01584]
k-eff (implicit)  = 1.01264 +/- 0.00140  [1.00990  1.01538]

(O4) (TMS) (MPI=1) (OMP=8) (CE/LI) 
------------------------------------------------------------
------------------------------------------------------------

Serpent 2.1.32 -- Static criticality source simulation

Title: "NERTHUS" 

Active cycle   20 / 80  Source neutrons : 10121

Running time :                  0:02:59
Estimated running time :        0:05:29
Estimated running time left :   0:02:30

Estimated relative CPU usage :   679.6%

k-eff (analog)    = 1.01052 +/- 0.00277  [1.00509  1.01596]
k-eff (implicit)  = 1.01240 +/- 0.00135  [1.00975  1.01504]

(O4) (TMS) (MPI=1) (OMP=8) (CE/LI) 
------------------------------------------------------------
------------------------------------------------------------

Serpent 2.1.32 -- Static criticality source simulation

Title: "NERTHUS" 

Active cycle   21 / 80  Source neutrons :  9979

Running time :                  0:03:02
Estimated running time :        0:05:33
Estimated running time left :   0:02:30

Estimated relative CPU usage :   562.7%

k-eff (analog)    = 1.01075 +/- 0.00265  [1.00556  1.01594]
k-eff (implicit)  = 1.01232 +/- 0.00128  [1.00981  1.01484]

(O4) (TMS) (MPI=1) (OMP=8) (CE/LI) 
------------------------------------------------------------
------------------------------------------------------------

Serpent 2.1.32 -- Static criticality source simulation

Title: "NERTHUS" 

Active cycle   22 / 80  Source neutrons : 10155

Running time :                  0:03:05
Estimated running time :        0:05:34
Estimated running time left :   0:02:29

Estimated relative CPU usage :   636.4%

k-eff (analog)    = 1.01167 +/- 0.00269  [1.00640  1.01694]
k-eff (implicit)  = 1.01271 +/- 0.00128  [1.01019  1.01522]

(O4) (TMS) (MPI=1) (OMP=8) (CE/LI) 
------------------------------------------------------------
------------------------------------------------------------

Serpent 2.1.32 -- Static criticality source simulation

Title: "NERTHUS" 

Active cycle   23 / 80  Source neutrons :  9774

Running time :                  0:03:08
Estimated running time :        0:05:36
Estimated running time left :   0:02:27

Estimated relative CPU usage :   613.0%

k-eff (analog)    = 1.01150 +/- 0.00257  [1.00645  1.01654]
k-eff (implicit)  = 1.01304 +/- 0.00127  [1.01055  1.01553]

(O4) (TMS) (MPI=1) (OMP=8) (CE/LI) 
------------------------------------------------------------
------------------------------------------------------------

Serpent 2.1.32 -- Static criticality source simulation

Title: "NERTHUS" 

Active cycle   24 / 80  Source neutrons : 10118

Running time :                  0:03:12
Estimated running time :        0:05:39
Estimated running time left :   0:02:27

Estimated relative CPU usage :   498.5%

k-eff (analog)    = 1.01183 +/- 0.00249  [1.00696  1.01671]
k-eff (implicit)  = 1.01294 +/- 0.00122  [1.01054  1.01533]

(O4) (TMS) (MPI=1) (OMP=8) (CE/LI) 
------------------------------------------------------------
------------------------------------------------------------

Serpent 2.1.32 -- Static criticality source simulation

Title: "NERTHUS" 

Active cycle   25 / 80  Source neutrons :  9750

Running time :                  0:03:15
Estimated running time :        0:05:40
Estimated running time left :   0:02:25

Estimated relative CPU usage :   560.5%

k-eff (analog)    = 1.01112 +/- 0.00249  [1.00625  1.01600]
k-eff (implicit)  = 1.01301 +/- 0.00117  [1.01071  1.01531]

(O4) (TMS) (MPI=1) (OMP=8) (CE/LI) 
------------------------------------------------------------
------------------------------------------------------------

Serpent 2.1.32 -- Static criticality source simulation

Title: "NERTHUS" 

Active cycle   26 / 80  Source neutrons : 10224

Running time :                  0:03:18
Estimated running time :        0:05:42
Estimated running time left :   0:02:23

Estimated relative CPU usage :   543.3%

k-eff (analog)    = 1.01133 +/- 0.00240  [1.00662  1.01603]
k-eff (implicit)  = 1.01255 +/- 0.00122  [1.01016  1.01493]

(O4) (TMS) (MPI=1) (OMP=8) (CE/LI) 
------------------------------------------------------------
------------------------------------------------------------

Serpent 2.1.32 -- Static criticality source simulation

Title: "NERTHUS" 

Active cycle   27 / 80  Source neutrons :  9997

Running time :                  0:03:22
Estimated running time :        0:05:45
Estimated running time left :   0:02:23

Estimated relative CPU usage :   420.1%

k-eff (analog)    = 1.01150 +/- 0.00232  [1.00696  1.01604]
k-eff (implicit)  = 1.01251 +/- 0.00117  [1.01022  1.01481]

(O4) (TMS) (MPI=1) (OMP=8) (CE/LI) 
------------------------------------------------------------
------------------------------------------------------------

Serpent 2.1.32 -- Static criticality source simulation

Title: "NERTHUS" 

Active cycle   28 / 80  Source neutrons : 10117

Running time :                  0:03:26
Estimated running time :        0:05:49
Estimated running time left :   0:02:23

Estimated relative CPU usage :   500.2%

k-eff (analog)    = 1.01209 +/- 0.00231  [1.00757  1.01661]
k-eff (implicit)  = 1.01243 +/- 0.00113  [1.01021  1.01465]

(O4) (TMS) (MPI=1) (OMP=8) (CE/LI) 
------------------------------------------------------------
------------------------------------------------------------

Serpent 2.1.32 -- Static criticality source simulation

Title: "NERTHUS" 

Active cycle   29 / 80  Source neutrons :  9815

Running time :                  0:03:29
Estimated running time :        0:05:51
Estimated running time left :   0:02:21

Estimated relative CPU usage :   569.6%

k-eff (analog)    = 1.01198 +/- 0.00223  [1.00761  1.01635]
k-eff (implicit)  = 1.01243 +/- 0.00109  [1.01029  1.01457]

(O4) (TMS) (MPI=1) (OMP=8) (CE/LI) 
------------------------------------------------------------
------------------------------------------------------------

Serpent 2.1.32 -- Static criticality source simulation

Title: "NERTHUS" 

Active cycle   30 / 80  Source neutrons :  9859

Running time :                  0:03:34
Estimated running time :        0:05:56
Estimated running time left :   0:02:21

Estimated relative CPU usage :   493.0%

k-eff (analog)    = 1.01140 +/- 0.00223  [1.00704  1.01577]
k-eff (implicit)  = 1.01241 +/- 0.00106  [1.01034  1.01448]

(O4) (TMS) (MPI=1) (OMP=8) (CE/LI) 
------------------------------------------------------------
------------------------------------------------------------

Serpent 2.1.32 -- Static criticality source simulation

Title: "NERTHUS" 

Active cycle   31 / 80  Source neutrons : 10134

Running time :                  0:03:37
Estimated running time :        0:05:58
Estimated running time left :   0:02:20

Estimated relative CPU usage :   651.9%

k-eff (analog)    = 1.01130 +/- 0.00216  [1.00706  1.01553]
k-eff (implicit)  = 1.01250 +/- 0.00102  [1.01049  1.01450]

(O4) (TMS) (MPI=1) (OMP=8) (CE/LI) 
------------------------------------------------------------
------------------------------------------------------------

Serpent 2.1.32 -- Static criticality source simulation

Title: "NERTHUS" 

Active cycle   32 / 80  Source neutrons :  9923

Running time :                  0:03:41
Estimated running time :        0:05:59
Estimated running time left :   0:02:18

Estimated relative CPU usage :   591.6%

k-eff (analog)    = 1.01095 +/- 0.00212  [1.00680  1.01510]
k-eff (implicit)  = 1.01246 +/- 0.00099  [1.01051  1.01440]

(O4) (TMS) (MPI=1) (OMP=8) (CE/LI) 
------------------------------------------------------------
------------------------------------------------------------

Serpent 2.1.32 -- Static criticality source simulation

Title: "NERTHUS" 

Active cycle   33 / 80  Source neutrons : 10070

Running time :                  0:03:45
Estimated running time :        0:06:02
Estimated running time left :   0:02:17

Estimated relative CPU usage :   561.6%

k-eff (analog)    = 1.01084 +/- 0.00206  [1.00681  1.01487]
k-eff (implicit)  = 1.01265 +/- 0.00098  [1.01073  1.01458]

(O4) (TMS) (MPI=1) (OMP=8) (CE/LI) 
------------------------------------------------------------
------------------------------------------------------------

Serpent 2.1.32 -- Static criticality source simulation

Title: "NERTHUS" 

Active cycle   34 / 80  Source neutrons :  9972

Running time :                  0:03:49
Estimated running time :        0:06:04
Estimated running time left :   0:02:15

Estimated relative CPU usage :   651.5%

k-eff (analog)    = 1.01065 +/- 0.00200  [1.00672  1.01458]
k-eff (implicit)  = 1.01236 +/- 0.00100  [1.01040  1.01431]

(O4) (TMS) (MPI=1) (OMP=8) (CE/LI) 
------------------------------------------------------------
------------------------------------------------------------

Serpent 2.1.32 -- Static criticality source simulation

Title: "NERTHUS" 

Active cycle   35 / 80  Source neutrons :  9928

Running time :                  0:03:54
Estimated running time :        0:06:09
Estimated running time left :   0:02:14

Estimated relative CPU usage :   435.4%

k-eff (analog)    = 1.01027 +/- 0.00198  [1.00638  1.01415]
k-eff (implicit)  = 1.01205 +/- 0.00101  [1.01007  1.01404]

(O4) (TMS) (MPI=1) (OMP=8) (CE/LI) 
------------------------------------------------------------
------------------------------------------------------------

Serpent 2.1.32 -- Static criticality source simulation

Title: "NERTHUS" 

Active cycle   36 / 80  Source neutrons : 10191

Running time :                  0:03:58
Estimated running time :        0:06:11
Estimated running time left :   0:02:13

Estimated relative CPU usage :   479.1%

k-eff (analog)    = 1.01043 +/- 0.00193  [1.00664  1.01423]
k-eff (implicit)  = 1.01242 +/- 0.00105  [1.01036  1.01449]

(O4) (TMS) (MPI=1) (OMP=8) (CE/LI) 
------------------------------------------------------------
------------------------------------------------------------

Serpent 2.1.32 -- Static criticality source simulation

Title: "NERTHUS" 

Active cycle   37 / 80  Source neutrons :  9862

Running time :                  0:04:02
Estimated running time :        0:06:15
Estimated running time left :   0:02:12

Estimated relative CPU usage :   433.9%

k-eff (analog)    = 1.01021 +/- 0.00189  [1.00650  1.01393]
k-eff (implicit)  = 1.01216 +/- 0.00106  [1.01009  1.01423]

(O4) (TMS) (MPI=1) (OMP=8) (CE/LI) 
------------------------------------------------------------
------------------------------------------------------------

Serpent 2.1.32 -- Static criticality source simulation

Title: "NERTHUS" 

Active cycle   38 / 80  Source neutrons : 10121

Running time :                  0:04:06
Estimated running time :        0:06:15
Estimated running time left :   0:02:09

Estimated relative CPU usage :   645.8%

k-eff (analog)    = 1.01032 +/- 0.00185  [1.00670  1.01394]
k-eff (implicit)  = 1.01219 +/- 0.00103  [1.01017  1.01420]

(O4) (TMS) (MPI=1) (OMP=8) (CE/LI) 
------------------------------------------------------------
------------------------------------------------------------

Serpent 2.1.32 -- Static criticality source simulation

Title: "NERTHUS" 

Active cycle   39 / 80  Source neutrons : 10137

Running time :                  0:04:08
Estimated running time :        0:06:14
Estimated running time left :   0:02:05

Estimated relative CPU usage :   698.6%

k-eff (analog)    = 1.01078 +/- 0.00186  [1.00714  1.01442]
k-eff (implicit)  = 1.01209 +/- 0.00101  [1.01012  1.01407]

(O4) (TMS) (MPI=1) (OMP=8) (CE/LI) 
------------------------------------------------------------
------------------------------------------------------------

Serpent 2.1.32 -- Static criticality source simulation

Title: "NERTHUS" 

Active cycle   40 / 80  Source neutrons :  9743

Running time :                  0:04:11
Estimated running time :        0:06:14
Estimated running time left :   0:02:02

Estimated relative CPU usage :   720.6%

k-eff (analog)    = 1.01056 +/- 0.00182  [1.00698  1.01413]
k-eff (implicit)  = 1.01186 +/- 0.00101  [1.00988  1.01384]

(O4) (TMS) (MPI=1) (OMP=8) (CE/LI) 
------------------------------------------------------------
------------------------------------------------------------

Serpent 2.1.32 -- Static criticality source simulation

Title: "NERTHUS" 

Active cycle   41 / 80  Source neutrons : 10195

Running time :                  0:04:14
Estimated running time :        0:06:13
Estimated running time left :   0:01:59

Estimated relative CPU usage :   702.7%

k-eff (analog)    = 1.01082 +/- 0.00180  [1.00730  1.01435]
k-eff (implicit)  = 1.01178 +/- 0.00099  [1.00984  1.01371]

(O4) (TMS) (MPI=1) (OMP=8) (CE/LI) 
------------------------------------------------------------
------------------------------------------------------------

Serpent 2.1.32 -- Static criticality source simulation

Title: "NERTHUS" 

Active cycle   42 / 80  Source neutrons :  9872

Running time :                  0:04:17
Estimated running time :        0:06:13
Estimated running time left :   0:01:55

Estimated relative CPU usage :   676.7%

k-eff (analog)    = 1.01076 +/- 0.00176  [1.00732  1.01420]
k-eff (implicit)  = 1.01186 +/- 0.00097  [1.00996  1.01376]

(O4) (TMS) (MPI=1) (OMP=8) (CE/LI) 
------------------------------------------------------------
------------------------------------------------------------

Serpent 2.1.32 -- Static criticality source simulation

Title: "NERTHUS" 

Active cycle   43 / 80  Source neutrons :  9833

Running time :                  0:04:20
Estimated running time :        0:06:12
Estimated running time left :   0:01:52

Estimated relative CPU usage :   688.7%

k-eff (analog)    = 1.01031 +/- 0.00177  [1.00684  1.01379]
k-eff (implicit)  = 1.01187 +/- 0.00094  [1.01002  1.01372]

(O4) (TMS) (MPI=1) (OMP=8) (CE/LI) 
------------------------------------------------------------
------------------------------------------------------------

Serpent 2.1.32 -- Static criticality source simulation

Title: "NERTHUS" 

Active cycle   44 / 80  Source neutrons : 10136

Running time :                  0:04:22
Estimated running time :        0:06:11
Estimated running time left :   0:01:49

Estimated relative CPU usage :   779.2%

k-eff (analog)    = 1.01019 +/- 0.00174  [1.00679  1.01359]
k-eff (implicit)  = 1.01185 +/- 0.00092  [1.01004  1.01366]

(O4) (TMS) (MPI=1) (OMP=8) (CE/LI) 
------------------------------------------------------------
------------------------------------------------------------

Serpent 2.1.32 -- Static criticality source simulation

Title: "NERTHUS" 

Active cycle   45 / 80  Source neutrons :  9942

Running time :                  0:04:25
Estimated running time :        0:06:10
Estimated running time left :   0:01:45

Estimated relative CPU usage :   795.0%

k-eff (analog)    = 1.00995 +/- 0.00171  [1.00659  1.01331]
k-eff (implicit)  = 1.01182 +/- 0.00090  [1.01005  1.01359]

(O4) (TMS) (MPI=1) (OMP=8) (CE/LI) 
------------------------------------------------------------
------------------------------------------------------------

Serpent 2.1.32 -- Static criticality source simulation

Title: "NERTHUS" 

Active cycle   46 / 80  Source neutrons : 10227

Running time :                  0:04:27
Estimated running time :        0:06:10
Estimated running time left :   0:01:42

Estimated relative CPU usage :   794.5%

k-eff (analog)    = 1.01020 +/- 0.00170  [1.00688  1.01353]
k-eff (implicit)  = 1.01165 +/- 0.00090  [1.00989  1.01341]

(O4) (TMS) (MPI=1) (OMP=8) (CE/LI) 
------------------------------------------------------------
------------------------------------------------------------

Serpent 2.1.32 -- Static criticality source simulation

Title: "NERTHUS" 

Active cycle   47 / 80  Source neutrons :  9783

Running time :                  0:04:30
Estimated running time :        0:06:09
Estimated running time left :   0:01:38

Estimated relative CPU usage :   795.2%

k-eff (analog)    = 1.00998 +/- 0.00168  [1.00670  1.01326]
k-eff (implicit)  = 1.01158 +/- 0.00088  [1.00985  1.01331]

(O4) (TMS) (MPI=1) (OMP=8) (CE/LI) 
------------------------------------------------------------
------------------------------------------------------------

Serpent 2.1.32 -- Static criticality source simulation

Title: "NERTHUS" 

Active cycle   48 / 80  Source neutrons : 10038

Running time :                  0:04:32
Estimated running time :        0:06:08
Estimated running time left :   0:01:35

Estimated relative CPU usage :   795.4%

k-eff (analog)    = 1.00984 +/- 0.00165  [1.00662  1.01307]
k-eff (implicit)  = 1.01168 +/- 0.00087  [1.00997  1.01339]

(O4) (TMS) (MPI=1) (OMP=8) (CE/LI) 
------------------------------------------------------------
------------------------------------------------------------

Serpent 2.1.32 -- Static criticality source simulation

Title: "NERTHUS" 

Active cycle   49 / 80  Source neutrons : 10257

Running time :                  0:04:35
Estimated running time :        0:06:07
Estimated running time left :   0:01:32

Estimated relative CPU usage :   794.2%

k-eff (analog)    = 1.01024 +/- 0.00166  [1.00699  1.01349]
k-eff (implicit)  = 1.01156 +/- 0.00086  [1.00988  1.01325]

(O4) (TMS) (MPI=1) (OMP=8) (CE/LI) 
------------------------------------------------------------
------------------------------------------------------------

Serpent 2.1.32 -- Static criticality source simulation

Title: "NERTHUS" 

Active cycle   50 / 80  Source neutrons :  9788

Running time :                  0:04:38
Estimated running time :        0:06:07
Estimated running time left :   0:01:29

Estimated relative CPU usage :   795.2%

k-eff (analog)    = 1.01018 +/- 0.00163  [1.00699  1.01337]
k-eff (implicit)  = 1.01162 +/- 0.00084  [1.00996  1.01327]

(O4) (TMS) (MPI=1) (OMP=8) (CE/LI) 
------------------------------------------------------------
------------------------------------------------------------

Serpent 2.1.32 -- Static criticality source simulation

Title: "NERTHUS" 

Active cycle   51 / 80  Source neutrons : 10146

Running time :                  0:04:41
Estimated running time :        0:06:07
Estimated running time left :   0:01:26

Estimated relative CPU usage :   793.6%

k-eff (analog)    = 1.01041 +/- 0.00161  [1.00726  1.01357]
k-eff (implicit)  = 1.01137 +/- 0.00086  [1.00968  1.01306]

(O4) (TMS) (MPI=1) (OMP=8) (CE/LI) 
------------------------------------------------------------
------------------------------------------------------------

Serpent 2.1.32 -- Static criticality source simulation

Title: "NERTHUS" 

Active cycle   52 / 80  Source neutrons :  9969

Running time :                  0:04:44
Estimated running time :        0:06:07
Estimated running time left :   0:01:23

Estimated relative CPU usage :   794.2%

k-eff (analog)    = 1.01058 +/- 0.00159  [1.00746  1.01369]
k-eff (implicit)  = 1.01152 +/- 0.00086  [1.00983  1.01321]

(O4) (TMS) (MPI=1) (OMP=8) (CE/LI) 
------------------------------------------------------------
------------------------------------------------------------

Serpent 2.1.32 -- Static criticality source simulation

Title: "NERTHUS" 

Active cycle   53 / 80  Source neutrons : 10175

Running time :                  0:04:47
Estimated running time :        0:06:07
Estimated running time left :   0:01:20

Estimated relative CPU usage :   795.1%

k-eff (analog)    = 1.01107 +/- 0.00164  [1.00787  1.01428]
k-eff (implicit)  = 1.01149 +/- 0.00084  [1.00984  1.01315]

(O4) (TMS) (MPI=1) (OMP=8) (CE/LI) 
------------------------------------------------------------
------------------------------------------------------------

Serpent 2.1.32 -- Static criticality source simulation

Title: "NERTHUS" 

Active cycle   54 / 80  Source neutrons :  9898

Running time :                  0:04:49
Estimated running time :        0:06:07
Estimated running time left :   0:01:17

Estimated relative CPU usage :   795.5%

k-eff (analog)    = 1.01135 +/- 0.00163  [1.00816  1.01454]
k-eff (implicit)  = 1.01160 +/- 0.00083  [1.00996  1.01324]

(O4) (TMS) (MPI=1) (OMP=8) (CE/LI) 
------------------------------------------------------------
------------------------------------------------------------

Serpent 2.1.32 -- Static criticality source simulation

Title: "NERTHUS" 

Active cycle   55 / 80  Source neutrons :  9833

Running time :                  0:04:52
Estimated running time :        0:06:06
Estimated running time left :   0:01:14

Estimated relative CPU usage :   795.1%

k-eff (analog)    = 1.01131 +/- 0.00160  [1.00818  1.01445]
k-eff (implicit)  = 1.01173 +/- 0.00083  [1.01010  1.01335]

(O4) (TMS) (MPI=1) (OMP=8) (CE/LI) 
------------------------------------------------------------
------------------------------------------------------------

Serpent 2.1.32 -- Static criticality source simulation

Title: "NERTHUS" 

Active cycle   56 / 80  Source neutrons : 10060

Running time :                  0:04:55
Estimated running time :        0:06:06
Estimated running time left :   0:01:11

Estimated relative CPU usage :   794.9%

k-eff (analog)    = 1.01138 +/- 0.00157  [1.00830  1.01446]
k-eff (implicit)  = 1.01152 +/- 0.00084  [1.00987  1.01317]

(O4) (TMS) (MPI=1) (OMP=8) (CE/LI) 
------------------------------------------------------------
------------------------------------------------------------

Serpent 2.1.32 -- Static criticality source simulation

Title: "NERTHUS" 

Active cycle   57 / 80  Source neutrons :  9721

Running time :                  0:04:57
Estimated running time :        0:06:05
Estimated running time left :   0:01:08

Estimated relative CPU usage :   794.8%

k-eff (analog)    = 1.01095 +/- 0.00160  [1.00780  1.01409]
k-eff (implicit)  = 1.01130 +/- 0.00085  [1.00963  1.01298]

(O4) (TMS) (MPI=1) (OMP=8) (CE/LI) 
------------------------------------------------------------
------------------------------------------------------------

Serpent 2.1.32 -- Static criticality source simulation

Title: "NERTHUS" 

Active cycle   58 / 80  Source neutrons : 10138

Running time :                  0:05:00
Estimated running time :        0:06:05
Estimated running time left :   0:01:05

Estimated relative CPU usage :   795.8%

k-eff (analog)    = 1.01077 +/- 0.00159  [1.00766  1.01387]
k-eff (implicit)  = 1.01113 +/- 0.00086  [1.00945  1.01281]

(O4) (TMS) (MPI=1) (OMP=8) (CE/LI) 
------------------------------------------------------------
------------------------------------------------------------

Serpent 2.1.32 -- Static criticality source simulation

Title: "NERTHUS" 

Active cycle   59 / 80  Source neutrons : 10090

Running time :                  0:05:03
Estimated running time :        0:06:05
Estimated running time left :   0:01:02

Estimated relative CPU usage :   795.9%

k-eff (analog)    = 1.01074 +/- 0.00156  [1.00769  1.01380]
k-eff (implicit)  = 1.01113 +/- 0.00084  [1.00948  1.01278]

(O4) (TMS) (MPI=1) (OMP=8) (CE/LI) 
------------------------------------------------------------
------------------------------------------------------------

Serpent 2.1.32 -- Static criticality source simulation

Title: "NERTHUS" 

Active cycle   60 / 80  Source neutrons : 10015

Running time :                  0:05:06
Estimated running time :        0:06:05
Estimated running time left :   0:00:59

Estimated relative CPU usage :   795.8%

k-eff (analog)    = 1.01074 +/- 0.00153  [1.00774  1.01375]
k-eff (implicit)  = 1.01117 +/- 0.00083  [1.00954  1.01279]

(O4) (TMS) (MPI=1) (OMP=8) (CE/LI) 
------------------------------------------------------------
------------------------------------------------------------

Serpent 2.1.32 -- Static criticality source simulation

Title: "NERTHUS" 

Active cycle   61 / 80  Source neutrons : 10033

Running time :                  0:05:09
Estimated running time :        0:06:05
Estimated running time left :   0:00:56

Estimated relative CPU usage :   795.7%

k-eff (analog)    = 1.01080 +/- 0.00151  [1.00785  1.01376]
k-eff (implicit)  = 1.01130 +/- 0.00083  [1.00968  1.01292]

(O4) (TMS) (MPI=1) (OMP=8) (CE/LI) 
------------------------------------------------------------
------------------------------------------------------------

Serpent 2.1.32 -- Static criticality source simulation

Title: "NERTHUS" 

Active cycle   62 / 80  Source neutrons : 10025

Running time :                  0:05:12
Estimated running time :        0:06:05
Estimated running time left :   0:00:53

Estimated relative CPU usage :   796.0%

k-eff (analog)    = 1.01090 +/- 0.00149  [1.00798  1.01381]
k-eff (implicit)  = 1.01130 +/- 0.00081  [1.00971  1.01290]

(O4) (TMS) (MPI=1) (OMP=8) (CE/LI) 
------------------------------------------------------------
------------------------------------------------------------

Serpent 2.1.32 -- Static criticality source simulation

Title: "NERTHUS" 

Active cycle   63 / 80  Source neutrons :  9926

Running time :                  0:05:14
Estimated running time :        0:06:04
Estimated running time left :   0:00:49

Estimated relative CPU usage :   794.2%

k-eff (analog)    = 1.01087 +/- 0.00146  [1.00800  1.01374]
k-eff (implicit)  = 1.01129 +/- 0.00080  [1.00972  1.01286]

(O4) (TMS) (MPI=1) (OMP=8) (CE/LI) 
------------------------------------------------------------
------------------------------------------------------------

Serpent 2.1.32 -- Static criticality source simulation

Title: "NERTHUS" 

Active cycle   64 / 80  Source neutrons : 10097

Running time :                  0:05:16
Estimated running time :        0:06:03
Estimated running time left :   0:00:46

Estimated relative CPU usage :   795.9%

k-eff (analog)    = 1.01100 +/- 0.00145  [1.00817  1.01384]
k-eff (implicit)  = 1.01129 +/- 0.00079  [1.00974  1.01283]

(O4) (TMS) (MPI=1) (OMP=8) (CE/LI) 
------------------------------------------------------------
------------------------------------------------------------

Serpent 2.1.32 -- Static criticality source simulation

Title: "NERTHUS" 

Active cycle   65 / 80  Source neutrons : 10058

Running time :                  0:05:19
Estimated running time :        0:06:02
Estimated running time left :   0:00:43

Estimated relative CPU usage :   795.2%

k-eff (analog)    = 1.01122 +/- 0.00144  [1.00839  1.01404]
k-eff (implicit)  = 1.01131 +/- 0.00078  [1.00978  1.01283]

(O4) (TMS) (MPI=1) (OMP=8) (CE/LI) 
------------------------------------------------------------
------------------------------------------------------------

Serpent 2.1.32 -- Static criticality source simulation

Title: "NERTHUS" 

Active cycle   66 / 80  Source neutrons : 10028

Running time :                  0:05:21
Estimated running time :        0:06:02
Estimated running time left :   0:00:40

Estimated relative CPU usage :   796.2%

k-eff (analog)    = 1.01147 +/- 0.00144  [1.00865  1.01429]
k-eff (implicit)  = 1.01129 +/- 0.00076  [1.00979  1.01279]

(O4) (TMS) (MPI=1) (OMP=8) (CE/LI) 
------------------------------------------------------------
------------------------------------------------------------

Serpent 2.1.32 -- Static criticality source simulation

Title: "NERTHUS" 

Active cycle   67 / 80  Source neutrons :  9936

Running time :                  0:05:23
Estimated running time :        0:06:01
Estimated running time left :   0:00:37

Estimated relative CPU usage :   796.2%

k-eff (analog)    = 1.01161 +/- 0.00143  [1.00882  1.01441]
k-eff (implicit)  = 1.01132 +/- 0.00075  [1.00984  1.01280]

(O4) (TMS) (MPI=1) (OMP=8) (CE/LI) 
------------------------------------------------------------
------------------------------------------------------------

Serpent 2.1.32 -- Static criticality source simulation

Title: "NERTHUS" 

Active cycle   68 / 80  Source neutrons :  9846

Running time :                  0:05:26
Estimated running time :        0:06:00
Estimated running time left :   0:00:34

Estimated relative CPU usage :   796.2%

k-eff (analog)    = 1.01152 +/- 0.00141  [1.00877  1.01428]
k-eff (implicit)  = 1.01130 +/- 0.00074  [1.00985  1.01276]

(O4) (TMS) (MPI=1) (OMP=8) (CE/LI) 
------------------------------------------------------------
------------------------------------------------------------

Serpent 2.1.32 -- Static criticality source simulation

Title: "NERTHUS" 

Active cycle   69 / 80  Source neutrons : 10127

Running time :                  0:05:28
Estimated running time :        0:06:00
Estimated running time left :   0:00:31

Estimated relative CPU usage :   795.4%

k-eff (analog)    = 1.01162 +/- 0.00139  [1.00890  1.01435]
k-eff (implicit)  = 1.01134 +/- 0.00073  [1.00990  1.01277]

(O4) (TMS) (MPI=1) (OMP=8) (CE/LI) 
------------------------------------------------------------
------------------------------------------------------------

Serpent 2.1.32 -- Static criticality source simulation

Title: "NERTHUS" 

Active cycle   70 / 80  Source neutrons :  9741

Running time :                  0:05:31
Estimated running time :        0:06:00
Estimated running time left :   0:00:28

Estimated relative CPU usage :   795.2%

k-eff (analog)    = 1.01134 +/- 0.00140  [1.00860  1.01408]
k-eff (implicit)  = 1.01136 +/- 0.00072  [1.00994  1.01277]

(O4) (TMS) (MPI=1) (OMP=8) (CE/LI) 
------------------------------------------------------------
------------------------------------------------------------

Serpent 2.1.32 -- Static criticality source simulation

Title: "NERTHUS" 

Active cycle   71 / 80  Source neutrons : 10290

Running time :                  0:05:33
Estimated running time :        0:05:59
Estimated running time left :   0:00:25

Estimated relative CPU usage :   795.8%

k-eff (analog)    = 1.01147 +/- 0.00139  [1.00876  1.01419]
k-eff (implicit)  = 1.01141 +/- 0.00071  [1.01001  1.01281]

(O4) (TMS) (MPI=1) (OMP=8) (CE/LI) 
------------------------------------------------------------
------------------------------------------------------------

Serpent 2.1.32 -- Static criticality source simulation

Title: "NERTHUS" 

Active cycle   72 / 80  Source neutrons :  9992

Running time :                  0:05:36
Estimated running time :        0:05:59
Estimated running time left :   0:00:23

Estimated relative CPU usage :   796.0%

k-eff (analog)    = 1.01159 +/- 0.00137  [1.00890  1.01428]
k-eff (implicit)  = 1.01138 +/- 0.00070  [1.01000  1.01276]

(O4) (TMS) (MPI=1) (OMP=8) (CE/LI) 
------------------------------------------------------------
------------------------------------------------------------

Serpent 2.1.32 -- Static criticality source simulation

Title: "NERTHUS" 

Active cycle   73 / 80  Source neutrons : 10031

Running time :                  0:05:39
Estimated running time :        0:05:59
Estimated running time left :   0:00:20

Estimated relative CPU usage :   795.6%

k-eff (analog)    = 1.01175 +/- 0.00136  [1.00908  1.01442]
k-eff (implicit)  = 1.01142 +/- 0.00070  [1.01006  1.01279]

(O4) (TMS) (MPI=1) (OMP=8) (CE/LI) 
------------------------------------------------------------
------------------------------------------------------------

Serpent 2.1.32 -- Static criticality source simulation

Title: "NERTHUS" 

Active cycle   74 / 80  Source neutrons :  9846

Running time :                  0:05:41
Estimated running time :        0:05:58
Estimated running time left :   0:00:17

Estimated relative CPU usage :   795.6%

k-eff (analog)    = 1.01169 +/- 0.00134  [1.00905  1.01432]
k-eff (implicit)  = 1.01148 +/- 0.00069  [1.01013  1.01284]

(O4) (TMS) (MPI=1) (OMP=8) (CE/LI) 
------------------------------------------------------------
------------------------------------------------------------

Serpent 2.1.32 -- Static criticality source simulation

Title: "NERTHUS" 

Active cycle   75 / 80  Source neutrons : 10020

Running time :                  0:05:44
Estimated running time :        0:05:58
Estimated running time left :   0:00:14

Estimated relative CPU usage :   795.4%

k-eff (analog)    = 1.01165 +/- 0.00133  [1.00905  1.01425]
k-eff (implicit)  = 1.01145 +/- 0.00068  [1.01011  1.01278]

(O4) (TMS) (MPI=1) (OMP=8) (CE/LI) 
------------------------------------------------------------
------------------------------------------------------------

Serpent 2.1.32 -- Static criticality source simulation

Title: "NERTHUS" 

Active cycle   76 / 80  Source neutrons : 10067

Running time :                  0:05:46
Estimated running time :        0:05:58
Estimated running time left :   0:00:11

Estimated relative CPU usage :   795.8%

k-eff (analog)    = 1.01171 +/- 0.00131  [1.00914  1.01428]
k-eff (implicit)  = 1.01143 +/- 0.00067  [1.01011  1.01275]

(O4) (TMS) (MPI=1) (OMP=8) (CE/LI) 
------------------------------------------------------------
------------------------------------------------------------

Serpent 2.1.32 -- Static criticality source simulation

Title: "NERTHUS" 

Active cycle   77 / 80  Source neutrons :  9973

Running time :                  0:05:49
Estimated running time :        0:05:57
Estimated running time left :   0:00:08

Estimated relative CPU usage :   795.8%

k-eff (analog)    = 1.01173 +/- 0.00129  [1.00920  1.01427]
k-eff (implicit)  = 1.01135 +/- 0.00067  [1.01004  1.01266]

(O4) (TMS) (MPI=1) (OMP=8) (CE/LI) 
------------------------------------------------------------
------------------------------------------------------------

Serpent 2.1.32 -- Static criticality source simulation

Title: "NERTHUS" 

Active cycle   78 / 80  Source neutrons :  9898

Running time :                  0:05:51
Estimated running time :        0:05:57
Estimated running time left :   0:00:05

Estimated relative CPU usage :   795.9%

k-eff (analog)    = 1.01162 +/- 0.00128  [1.00911  1.01413]
k-eff (implicit)  = 1.01140 +/- 0.00066  [1.01010  1.01270]

(O4) (TMS) (MPI=1) (OMP=8) (CE/LI) 
------------------------------------------------------------
------------------------------------------------------------

Serpent 2.1.32 -- Static criticality source simulation

Title: "NERTHUS" 

Active cycle   79 / 80  Source neutrons : 10237

Running time :                  0:05:54
Estimated running time :        0:05:57
Estimated running time left :   0:00:02

Estimated relative CPU usage :   796.4%

k-eff (analog)    = 1.01181 +/- 0.00128  [1.00930  1.01432]
k-eff (implicit)  = 1.01126 +/- 0.00067  [1.00995  1.01257]

(O4) (TMS) (MPI=1) (OMP=8) (CE/LI) 
------------------------------------------------------------
------------------------------------------------------------

Serpent 2.1.32 -- Static criticality source simulation

Title: "NERTHUS" 

Active cycle   80 / 80  Source neutrons :  9917

Running time :                  0:05:56
Estimated running time :        0:05:56
Estimated running time left :   0:00:00

Estimated relative CPU usage :   795.9%

k-eff (analog)    = 1.01189 +/- 0.00127  [1.00941  1.01437]
k-eff (implicit)  = 1.01121 +/- 0.00066  [1.00991  1.01251]

(O4) (TMS) (MPI=1) (OMP=8) (CE/LI) 
------------------------------------------------------------

Transport cycle completed in 4.48 minutes.

Calculating activities...
OK.

