
  _                   .-=-.           .-=-.          .-==-.       
 { }      __        .' O o '.       .' O o '.       /  -<' )--<   
 { }    .' O'.     / o .-. O \     / o .-. O \     /  .---`       
 { }   / .-. o\   /O  /   \  o\   /O  /   \  o\   /O /            
  \ `-` /   \ O`-'o  /     \  O`-'o  /     \  O`-`o /             
   `-.-`     '.____.'       `._____.'       `.____.'              

Serpent 2 beta

A Continuous-energy Monte Carlo Reactor Physics Burnup Calculation Code

 - Version 2.1.32 (February 24, 2021) -- Contact: serpent@vtt.fi

 - Reference: J. Leppanen, et al. "The Serpent Monte Carlo code: Status,
              development and applications in 2013." Ann. Nucl. Energy,
              82 (2015) 142-150.

 - Compiled Feb 24 2021 13:50:53

 - MPI Parallel calculation mode available

 - OpenMP Parallel calculation mode available

 - Geometry and mesh plotting available

 - Default data path set to: "/opt/serpent/xsdata"

 - Full command used to run Serpent:

   sss2 -omp 20 nerthus

Begin calculation on Wed Sep  8 16:15:20 2021 at node62

Reading input file "nerthus"...

NOTE: The "set printm" feature is outdated and not recommended to be
      used anymore. For restart calculations use the binary restart
      files ("set rfw") and ("set rfr"):

      http://serpent.vtt.fi/mediawiki/index.php/Input_syntax_manual#set_rfw

      Isotopic data is best obtained from the _dep.m output.


Checking duplicate input definitions...
OK.


***** Wed Sep  8 16:15:20 2021

Input error in parameter "rep" on line 579 in file "nerthus":

Material "refuelsalt" must be burnable

For parameter description, try Serpent Wiki:

http://serpent.vtt.fi/mediawiki/index.php/Input_syntax_manual#rep

