
  _                   .-=-.           .-=-.          .-==-.       
 { }      __        .' O o '.       .' O o '.       /  -<' )--<   
 { }    .' O'.     / o .-. O \     / o .-. O \     /  .---`       
 { }   / .-. o\   /O  /   \  o\   /O  /   \  o\   /O /            
  \ `-` /   \ O`-'o  /     \  O`-'o  /     \  O`-`o /             
   `-.-`     '.____.'       `._____.'       `.____.'              

Serpent 2 beta

A Continuous-energy Monte Carlo Reactor Physics Burnup Calculation Code

 - Version 2.1.32 (February 24, 2021) -- Contact: serpent@vtt.fi

 - Reference: J. Leppanen, et al. "The Serpent Monte Carlo code: Status,
              development and applications in 2013." Ann. Nucl. Energy,
              82 (2015) 142-150.

 - Compiled Feb 24 2021 13:50:53

 - MPI Parallel calculation mode available

 - OpenMP Parallel calculation mode available

 - Geometry and mesh plotting available

 - Default data path set to: "/opt/serpent/xsdata"

 - Full command used to run Serpent:

   sss2 -omp 8 nerthus

Begin calculation on Thu Feb  3 10:34:22 2022 at node5

Reading input file "nerthus"...

Checking restart file "nerthus.wrk"...
OK.

Checking duplicate input definitions...
OK.

Dividing burnable materials...
OK.

Creating geometry...
OK.

Counting geometry zones...

The geometry consists of 3 levels:

Level 0 size: max 18 zones
Level 1 size: max 289 zones
Level 2 size: max 8 zones

Processing cells...
OK.

Linking materials to geometry...
OK.

Processing detector definitions...
Allocating RESMAT matrices and associated arrays...
OK.

Counting cells...
OK.

Processing data for group constant generation:

 - 70 energy groups in micro-group structure
 - 2 energy groups in macro-group structure
 - B1 fundamental mode calculation is not run
 - Group constants generated in 1 universes
 - Discontinuity factors are not calculated
 - Pin-power distributions are not calculated
 - Albedos are not calculated
 - Poison cross sections are not calculated

Reading ACE directory files...
OK.

Reading radioactive decay data files...
OK.

Reading neutron-induced fission yields...
OK.

Adding nuclides in material fuelsalt...

Nuclide   3006.06c -- lithium 6 at 800K (Li-6)
Nuclide   3007.06c -- lithium 7 at 800K (Li-7)
Nuclide   4009.06c -- beryllium 9 at 800K (Be-9)
Nuclide   9019.06c -- fluorine 19 at 800K (F-19)
Nuclide  92234.06c -- uranium 234 at 800K (U-234)
Nuclide  92235.06c -- uranium 235 at 800K (U-235)
Nuclide  92236.06c -- uranium 236 at 800K (U-236)
Nuclide  92238.06c -- uranium 238 at 800K (U-238)

Adding nuclides in material sus316_stainless_steel...

Nuclide   6000.09c -- natural carbon at 900K (C-nat)
Nuclide   7014.09c -- nitrogen 14 at 900K (N-14)
Nuclide  14000.09c -- natural silicon at 900K (Si-nat)
Nuclide  15031.09c -- phosphorus 31 at 900K (P-31)
Nuclide  16000.09c -- natural sulfur at 900K (S-nat)
Nuclide  24000.09c -- natural chromium at 900K (Cr-nat)
Nuclide  25055.09c -- manganese 55 at 900K (Mn-55)
Nuclide  26000.09c -- natural iron at 900K (Fe-nat)
Nuclide  28000.09c -- natural nickel at 900K (Ni-nat)
Nuclide  42000.09c -- natural molybdenum at 900K (Mo-nat)

Adding nuclides in material B4C_shield...

Nuclide   5010.09c -- boron 10 at 900K (B-10)
Nuclide   5011.09c -- boron 11 at 900K (B-11)

Adding nuclides in material graphite...

Nuclide   6000.09c -- natural carbon at 900K (C-nat)
Nuclide   5010.09c -- boron 10 at 900K (B-10)
Nuclide   5011.09c -- boron 11 at 900K (B-11)

Adding activation products...

Nuclide   1001.06c -- hydrogen at 800K (H-1)
Nuclide   1002.06c -- deuterium at 800K (H-2)
Nuclide   1003.06c -- tritium at 800K (H-3)
Nuclide   2003.06c -- helium 3 at 800K (He-3)
Nuclide   2004.06c -- helium 4 at 800K (He-4)
Nuclide   5010.06c -- boron 10 at 800K (B-10)
Nuclide   5011.06c -- boron 11 at 800K (B-11)
Nuclide   6012.06c -- carbon 12 at 800K (C-12)
Nuclide   7015.06c -- nitrogen 15 at 800K (N-15)
Nuclide   7014.06c -- nitrogen 14 at 800K (N-14)
Nuclide   8016.06c -- oxygen 16 at 800K (O-16)
Nuclide   8017.06c -- oxygen 17 at 800K (O-17)

Adding actinide data...

Nuclide  90227.06c -- thorium 227 at 800K (Th-227)
Nuclide  90228.06c -- thorium 228 at 800K (Th-228)
Nuclide  90229.06c -- thorium 229 at 800K (Th-229)
Nuclide  90230.06c -- thorium 230 at 800K (Th-230)
Nuclide  90232.06c -- thorium 232 at 800K (Th-232)
Nuclide  90233.06c -- thorium 233 at 800K (Th-233)
Nuclide  90234.06c -- thorium 234 at 800K (Th-234)
Nuclide  91231.06c -- protactinium 231 at 800K (Pa-231)
Nuclide  91232.06c -- protactinium 232 at 800K (Pa-232)
Nuclide  91233.06c -- protactinium 233 at 800K (Pa-233)
Nuclide  92232.06c -- uranium 232 at 800K (U-232)
Nuclide  92233.06c -- uranium 233 at 800K (U-233)
Nuclide  92237.06c -- uranium 237 at 800K (U-237)
Nuclide  92239.06c -- uranium 239 at 800K (U-239)
Nuclide  92240.06c -- uranium 240 at 800K (U-240)
Nuclide  92241.06c -- uranium 241 at 800K (U-241)
Nuclide  93235.06c -- neptunium 235 at 800K (Np-235)
Nuclide  93236.06c -- neptunium 236 at 800K (Np-236)
Nuclide  93237.06c -- neptunium 237 at 800K (Np-237)
Nuclide  93238.06c -- neptunium 238 at 800K (Np-238)
Nuclide  93239.06c -- neptunium 239 at 800K (Np-239)
Nuclide  94236.06c -- plutonium 236 at 800K (Pu-236)
Nuclide  94237.06c -- plutonium 237 at 800K (Pu-237)
Nuclide  94238.06c -- plutonium 238 at 800K (Pu-238)
Nuclide  94239.06c -- plutonium 239 at 800K (Pu-239)
Nuclide  94240.06c -- plutonium 240 at 800K (Pu-240)
Nuclide  94241.06c -- plutonium 241 at 800K (Pu-241)
Nuclide  94242.06c -- plutonium 242 at 800K (Pu-242)
Nuclide  94243.06c -- plutonium 243 at 800K (Pu-243)
Nuclide  94244.06c -- plutonium 244 at 800K (Pu-244)
Nuclide  95241.06c -- americium 241 at 800K (Am-241)
Nuclide  95242.06c -- americium 242 at 800K (Am-242)
Nuclide  95342.06c -- americium 242m at 800K (Am-242m)
Nuclide  95243.06c -- americium 243 at 800K (Am-243)
Nuclide  95244.06c -- americium 244 at 800K (Am-244)
Nuclide  95344.06c -- americium 244m at 800K (Am-244m)
Nuclide  96240.06c -- curium 240 at 800K (Cm-240)
Nuclide  96241.06c -- curium 241 at 800K (Cm-241)
Nuclide  96242.06c -- curium 242 at 800K (Cm-242)
Nuclide  96243.06c -- curium 243 at 800K (Cm-243)
Nuclide  96244.06c -- curium 244 at 800K (Cm-244)
Nuclide  96245.06c -- curium 245 at 800K (Cm-245)
Nuclide  96246.06c -- curium 246 at 800K (Cm-246)
Nuclide  96247.06c -- curium 247 at 800K (Cm-247)
Nuclide  96248.06c -- curium 248 at 800K (Cm-248)
Nuclide  96249.06c -- curium 249 at 800K (Cm-249)
Nuclide  96250.06c -- curium 250 at 800K (Cm-250)

Adding fission product data...

Nuclide  31069.06c -- gallium 69 at 800K (Ga-69)
Nuclide  31071.06c -- gallium 71 at 800K (Ga-71)
Nuclide  32070.06c -- germanium 70 at 800K (Ge-70)
Nuclide  32072.06c -- germanium 72 at 800K (Ge-72)
Nuclide  32073.06c -- germanium 73 at 800K (Ge-73)
Nuclide  32074.06c -- germanium 74 at 800K (Ge-74)
Nuclide  32076.06c -- germanium 76 at 800K (Ge-76)
Nuclide  33074.06c -- arsenic 74 at 800K (As-74)
Nuclide  33075.06c -- arsenic 75 at 800K (As-75)
Nuclide  34074.06c -- selenium 74 at 800K (Se-74)
Nuclide  34076.06c -- selenium 76 at 800K (Se-76)
Nuclide  34077.06c -- selenium 77 at 800K (Se-77)
Nuclide  34078.06c -- selenium 78 at 800K (Se-78)
Nuclide  34079.06c -- selenium 79 at 800K (Se-79)
Nuclide  34080.06c -- selenium 80 at 800K (Se-80)
Nuclide  34082.06c -- selenium 82 at 800K (Se-82)
Nuclide  35079.06c -- bromine 79 at 800K (Br-79)
Nuclide  35081.06c -- bromine 81 at 800K (Br-81)
Nuclide  36078.06c -- krypton 78 at 800K (Kr-78)
Nuclide  36080.06c -- krypton 80 at 800K (Kr-80)
Nuclide  36082.06c -- krypton 82 at 800K (Kr-82)
Nuclide  36083.06c -- krypton 83 at 800K (Kr-83)
Nuclide  36084.06c -- krypton 84 at 800K (Kr-84)
Nuclide  36085.06c -- krypton 85 at 800K (Kr-85)
Nuclide  36086.06c -- krypton 86 at 800K (Kr-86)
Nuclide  37085.06c -- rubidium 85 at 800K (Rb-85)
Nuclide  37086.06c -- rubidium 86 at 800K (Rb-86)
Nuclide  37087.06c -- rubidium 87 at 800K (Rb-87)
Nuclide  38084.06c -- strontium 84 at 800K (Sr-84)
Nuclide  38086.06c -- strontium 86 at 800K (Sr-86)
Nuclide  38087.06c -- strontium 87 at 800K (Sr-87)
Nuclide  38088.06c -- strontium 88 at 800K (Sr-88)
Nuclide  38089.06c -- strontium 89 at 800K (Sr-89)
Nuclide  38090.06c -- strontium 90 at 800K (Sr-90)
Nuclide  39089.06c -- yttrium 89 at 800K (Y-89)
Nuclide  39090.06c -- yttrium 90 at 800K (Y-90)
Nuclide  39091.06c -- yttrium 91 at 800K (Y-91)
Nuclide  40090.06c -- zirconium 90 at 800K (Zr-90)
Nuclide  40091.06c -- zirconium 91 at 800K (Zr-91)
Nuclide  40092.06c -- zirconium 92 at 800K (Zr-92)
Nuclide  40093.06c -- zirconium 93 at 800K (Zr-93)
Nuclide  40094.06c -- zirconium 94 at 800K (Zr-94)
Nuclide  40095.06c -- zirconium 95 at 800K (Zr-95)
Nuclide  40096.06c -- zirconium 96 at 800K (Zr-96)
Nuclide  41093.06c -- niobium 93 at 800K (Nb-93)
Nuclide  41094.06c -- niobium 94 at 800K (Nb-94)
Nuclide  41095.06c -- niobium 95 at 800K (Nb-95)
Nuclide  42092.06c -- molybdenum 92 at 800K (Mo-92)
Nuclide  42094.06c -- molybdenum 94 at 800K (Mo-94)
Nuclide  42095.06c -- molybdenum 95 at 800K (Mo-95)
Nuclide  42096.06c -- molybdenum 96 at 800K (Mo-96)
Nuclide  42097.06c -- molybdenum 97 at 800K (Mo-97)
Nuclide  42098.06c -- molybdenum 98 at 800K (Mo-98)
Nuclide  42099.06c -- molybdenum 99 at 800K (Mo-99)
Nuclide  42100.06c -- molybdenum 100 at 800K (Mo-100)
Nuclide  43099.06c -- technetium 99 at 800K (Tc-99)
Nuclide  44096.06c -- ruthenium 96 at 800K (Ru-96)
Nuclide  44098.06c -- ruthenium 98 at 800K (Ru-98)
Nuclide  44099.06c -- ruthenium 99 at 800K (Ru-99)
Nuclide  44100.06c -- ruthenium 100 at 800K (Ru-100)
Nuclide  44101.06c -- ruthenium 101 at 800K (Ru-101)
Nuclide  44102.06c -- ruthenium 102 at 800K (Ru-102)
Nuclide  44103.06c -- ruthenium 103 at 800K (Ru-103)
Nuclide  44104.06c -- ruthenium 104 at 800K (Ru-104)
Nuclide  44105.06c -- ruthenium 105 at 800K (Ru-105)
Nuclide  44106.06c -- ruthenium 106 at 800K (Ru-106)
Nuclide  45103.06c -- rhodium 103 at 800K (Rh-103)
Nuclide  45105.06c -- rhodium 105 at 800K (Rh-105)
Nuclide  46102.06c -- palladium 102 at 800K (Pd-102)
Nuclide  46104.06c -- palladium 104 at 800K (Pd-104)
Nuclide  46105.06c -- palladium 105 at 800K (Pd-105)
Nuclide  46106.06c -- palladium 106 at 800K (Pd-106)
Nuclide  46107.06c -- palladium 107 at 800K (Pd-107)
Nuclide  46108.06c -- palladium 108 at 800K (Pd-108)
Nuclide  46110.06c -- palladium 110 at 800K (Pd-110)
Nuclide  47107.06c -- silver 107 at 800K (Ag-107)
Nuclide  47109.06c -- silver 109 at 800K (Ag-109)
Nuclide  47310.06c -- silver 110m at 800K (Ag-110m)
Nuclide  47111.06c -- silver 111 at 800K (Ag-111)
Nuclide  48106.06c -- cadmium 106 at 800K (Cd-106)
Nuclide  48108.06c -- cadmium 108 at 800K (Cd-108)
Nuclide  48110.06c -- cadmium 110 at 800K (Cd-110)
Nuclide  48111.06c -- cadmium 111 at 800K (Cd-111)
Nuclide  48112.06c -- cadmium 112 at 800K (Cd-112)
Nuclide  48113.06c -- cadmium 113 at 800K (Cd-113)
Nuclide  48114.06c -- cadmium 114 at 800K (Cd-114)
Nuclide  48315.06c -- cadmium 115m at 800K (Cd-115m)
Nuclide  48116.06c -- cadmium 116 at 800K (Cd-116)
Nuclide  49113.06c -- indium 113 at 800K (In-113)
Nuclide  49115.06c -- indium 115 at 800K (In-115)
Nuclide  50112.06c -- tin 112 at 800K (Sn-112)
Nuclide  50113.06c -- tin 113 at 800K (Sn-113)
Nuclide  50114.06c -- tin 114 at 800K (Sn-114)
Nuclide  50115.06c -- tin 115 at 800K (Sn-115)
Nuclide  50116.06c -- tin 116 at 800K (Sn-116)
Nuclide  50117.06c -- tin 117 at 800K (Sn-117)
Nuclide  50118.06c -- tin 118 at 800K (Sn-118)
Nuclide  50119.06c -- tin 119 at 800K (Sn-119)
Nuclide  50120.06c -- tin 120 at 800K (Sn-120)
Nuclide  50122.06c -- tin 122 at 800K (Sn-122)
Nuclide  50123.06c -- tin 123 at 800K (Sn-123)
Nuclide  50124.06c -- tin 124 at 800K (Sn-124)
Nuclide  50125.06c -- tin 125 at 800K (Sn-125)
Nuclide  50126.06c -- tin 126 at 800K (Sn-126)
Nuclide  51121.06c -- antimony 121 at 800K (Sb-121)
Nuclide  51123.06c -- antimony 123 at 800K (Sb-123)
Nuclide  51124.06c -- antimony 124 at 800K (Sb-124)
Nuclide  51125.06c -- antimony 125 at 800K (Sb-125)
Nuclide  51126.06c -- antimony 126 at 800K (Sb-126)
Nuclide  52120.06c -- tellurium 120 at 800K (Te-120)
Nuclide  52122.06c -- tellurium 122 at 800K (Te-122)
Nuclide  52123.06c -- tellurium 123 at 800K (Te-123)
Nuclide  52124.06c -- tellurium 124 at 800K (Te-124)
Nuclide  52125.06c -- tellurium 125 at 800K (Te-125)
Nuclide  52126.06c -- tellurium 126 at 800K (Te-126)
Nuclide  52327.06c -- tellurium 127m at 800K (Te-127m)
Nuclide  52128.06c -- tellurium 128 at 800K (Te-128)
Nuclide  52329.06c -- tellurium 129m at 800K (Te-129m)
Nuclide  52130.06c -- tellurium 130 at 800K (Te-130)
Nuclide  52132.06c -- tellurium 132 at 800K (Te-132)
Nuclide  53127.06c -- iodine 127 at 800K (I-127)
Nuclide  53129.06c -- iodine 129 at 800K (I-129)
Nuclide  53130.06c -- iodine 130 at 800K (I-130)
Nuclide  53131.06c -- iodine 131 at 800K (I-131)
Nuclide  53135.06c -- iodine 135 at 800K (I-135)
Nuclide  54126.06c -- xenon 126 at 800K (Xe-126)
Nuclide  54128.06c -- xenon 128 at 800K (Xe-128)
Nuclide  54129.06c -- xenon 129 at 800K (Xe-129)
Nuclide  54130.06c -- xenon 130 at 800K (Xe-130)
Nuclide  54131.06c -- xenon 131 at 800K (Xe-131)
Nuclide  54132.06c -- xenon 132 at 800K (Xe-132)
Nuclide  54133.06c -- xenon 133 at 800K (Xe-133)
Nuclide  54134.06c -- xenon 134 at 800K (Xe-134)
Nuclide  54135.06c -- xenon 135 at 800K (Xe-135)
Nuclide  54136.06c -- xenon 136 at 800K (Xe-136)
Nuclide  55133.06c -- cesium 133 at 800K (Cs-133)
Nuclide  55134.06c -- cesium 134 at 800K (Cs-134)
Nuclide  55135.06c -- cesium 135 at 800K (Cs-135)
Nuclide  55136.06c -- cesium 136 at 800K (Cs-136)
Nuclide  55137.06c -- cesium 137 at 800K (Cs-137)
Nuclide  56130.06c -- barium 130 at 800K (Ba-130)
Nuclide  56132.06c -- barium 132 at 800K (Ba-132)
Nuclide  56133.06c -- barium 133 at 800K (Ba-133)
Nuclide  56134.06c -- barium 134 at 800K (Ba-134)
Nuclide  56135.06c -- barium 135 at 800K (Ba-135)
Nuclide  56136.06c -- barium 136 at 800K (Ba-136)
Nuclide  56137.06c -- barium 137 at 800K (Ba-137)
Nuclide  56138.06c -- barium 138 at 800K (Ba-138)
Nuclide  56140.06c -- barium 140 at 800K (Ba-140)
Nuclide  57138.06c -- lanthanum 138 at 800K (La-138)
Nuclide  57139.06c -- lanthanum 139 at 800K (La-139)
Nuclide  57140.06c -- lanthanum 140 at 800K (La-140)
Nuclide  58136.06c -- cerium 136 at 800K (Ce-136)
Nuclide  58138.06c -- cerium 138 at 800K (Ce-138)
Nuclide  58139.06c -- cerium 139 at 800K (Ce-139)
Nuclide  58140.06c -- cerium 140 at 800K (Ce-140)
Nuclide  58141.06c -- cerium 141 at 800K (Ce-141)
Nuclide  58142.06c -- cerium 142 at 800K (Ce-142)
Nuclide  58143.06c -- cerium 143 at 800K (Ce-143)
Nuclide  58144.06c -- cerium 144 at 800K (Ce-144)
Nuclide  59141.06c -- praseodymium 141 at 800K (Pr-141)
Nuclide  59142.06c -- praseodymium 142 at 800K (Pr-142)
Nuclide  59143.06c -- praseodymium 143 at 800K (Pr-143)
Nuclide  60142.06c -- neodymium 142 at 800K (Nd-142)
Nuclide  60143.06c -- neodymium 143 at 800K (Nd-143)
Nuclide  60144.06c -- neodymium 144 at 800K (Nd-144)
Nuclide  60145.06c -- neodymium 145 at 800K (Nd-145)
Nuclide  60146.06c -- neodymium 146 at 800K (Nd-146)
Nuclide  60147.06c -- neodymium 147 at 800K (Nd-147)
Nuclide  60148.06c -- neodymium 148 at 800K (Nd-148)
Nuclide  60150.06c -- neodymium 150 at 800K (Nd-150)
Nuclide  61147.06c -- promethium 147 at 800K (Pm-147)
Nuclide  61148.06c -- promethium 148 at 800K (Pm-148)
Nuclide  61348.06c -- promethium 148m at 800K (Pm-148m)
Nuclide  61149.06c -- promethium 149 at 800K (Pm-149)
Nuclide  61151.06c -- promethium 151 at 800K (Pm-151)
Nuclide  62144.06c -- samarium 144 at 800K (Sm-144)
Nuclide  62147.06c -- samarium 147 at 800K (Sm-147)
Nuclide  62148.06c -- samarium 148 at 800K (Sm-148)
Nuclide  62149.06c -- samarium 149 at 800K (Sm-149)
Nuclide  62150.06c -- samarium 150 at 800K (Sm-150)
Nuclide  62151.06c -- samarium 151 at 800K (Sm-151)
Nuclide  62152.06c -- samarium 152 at 800K (Sm-152)
Nuclide  62153.06c -- samarium 153 at 800K (Sm-153)
Nuclide  62154.06c -- samarium 154 at 800K (Sm-154)
Nuclide  63151.06c -- europium 151 at 800K (Eu-151)
Nuclide  63152.06c -- europium 152 at 800K (Eu-152)
Nuclide  63153.06c -- europium 153 at 800K (Eu-153)
Nuclide  63154.06c -- europium 154 at 800K (Eu-154)
Nuclide  63155.06c -- europium 155 at 800K (Eu-155)
Nuclide  63156.06c -- europium 156 at 800K (Eu-156)
Nuclide  63157.06c -- europium 157 at 800K (Eu-157)
Nuclide  64152.06c -- gadolinium 152 at 800K (Gd-152)
Nuclide  64153.06c -- gadolinium 153 at 800K (Gd-153)
Nuclide  64154.06c -- gadolinium 154 at 800K (Gd-154)
Nuclide  64155.06c -- gadolinium 155 at 800K (Gd-155)
Nuclide  64156.06c -- gadolinium 156 at 800K (Gd-156)
Nuclide  64157.06c -- gadolinium 157 at 800K (Gd-157)
Nuclide  64158.06c -- gadolinium 158 at 800K (Gd-158)
Nuclide  64160.06c -- gadolinium 160 at 800K (Gd-160)
Nuclide  65159.06c -- terbium 159 at 800K (Tb-159)
Nuclide  65160.06c -- terbium 160 at 800K (Tb-160)
Nuclide  66156.06c -- dysprosium 156 at 800K (Dy-156)
Nuclide  66158.06c -- dysprosium 158 at 800K (Dy-158)
Nuclide  66160.06c -- dysprosium 160 at 800K (Dy-160)
Nuclide  66161.06c -- dysprosium 161 at 800K (Dy-161)
Nuclide  66162.06c -- dysprosium 162 at 800K (Dy-162)
Nuclide  66163.06c -- dysprosium 163 at 800K (Dy-163)
Nuclide  66164.06c -- dysprosium 164 at 800K (Dy-164)
Nuclide  67165.06c -- holmium 165 at 800K (Ho-165)
Nuclide  67366.06c -- holmium 166m at 800K (Ho-166m)
Nuclide  68162.06c -- erbium 162 at 800K (Er-162)
Nuclide  68164.06c -- erbium 164 at 800K (Er-164)
Nuclide  68166.06c -- erbium 166 at 800K (Er-166)
Nuclide  68167.06c -- erbium 167 at 800K (Er-167)
Nuclide  68168.06c -- erbium 168 at 800K (Er-168)
Nuclide  68170.06c -- erbium 170 at 800K (Er-170)

Adding remaining data and forming paths...

Nuclide  54124.06c -- xenon 124 at 800K (Xe-124)
OK.

Setting majorant temperatures for TMS:

Material graphite at 950.0K

Running Doppler-broadening preprocessor:

Adjusting nuclide   3006.06c temperature from 600K to 800K...
Adjusting nuclide   3007.06c temperature from 600K to 800K...
Adjusting nuclide   4009.06c temperature from 600K to 800K...
Adjusting nuclide   9019.06c temperature from 600K to 800K...
Adjusting nuclide  92234.06c temperature from 600K to 800K...
Adjusting nuclide  92235.06c temperature from 600K to 800K...
Adjusting nuclide  92236.06c temperature from 600K to 800K...
Adjusting nuclide  92238.06c temperature from 600K to 800K...
Adjusting nuclide   6000.09c temperature from 900K to 950K...
Adjusting nuclide   5010.09c temperature from 900K to 950K...
Adjusting nuclide   5011.09c temperature from 900K to 950K...
Adjusting nuclide   1001.06c temperature from 600K to 800K...
Adjusting nuclide   1002.06c temperature from 600K to 800K...
Adjusting nuclide   1003.06c temperature from 600K to 800K...
Adjusting nuclide   2003.06c temperature from 600K to 800K...
Adjusting nuclide   2004.06c temperature from 600K to 800K...
Adjusting nuclide   5010.06c temperature from 600K to 800K...
Adjusting nuclide   5011.06c temperature from 600K to 800K...
Adjusting nuclide   6012.06c temperature from 600K to 800K...
Adjusting nuclide   7015.06c temperature from 600K to 800K...
Adjusting nuclide   7014.06c temperature from 600K to 800K...
Adjusting nuclide   8016.06c temperature from 600K to 800K...
Adjusting nuclide   8017.06c temperature from 600K to 800K...
Adjusting nuclide  90227.06c temperature from 600K to 800K...
Adjusting nuclide  90228.06c temperature from 600K to 800K...
Adjusting nuclide  90229.06c temperature from 600K to 800K...
Adjusting nuclide  90230.06c temperature from 600K to 800K...
Adjusting nuclide  90232.06c temperature from 600K to 800K...
Adjusting nuclide  90233.06c temperature from 600K to 800K...
Adjusting nuclide  90234.06c temperature from 600K to 800K...
Adjusting nuclide  91231.06c temperature from 600K to 800K...
Adjusting nuclide  91232.06c temperature from 600K to 800K...
Adjusting nuclide  91233.06c temperature from 600K to 800K...
Adjusting nuclide  92232.06c temperature from 600K to 800K...
Adjusting nuclide  92233.06c temperature from 600K to 800K...
Adjusting nuclide  92237.06c temperature from 600K to 800K...
Adjusting nuclide  92239.06c temperature from 600K to 800K...
Adjusting nuclide  92240.06c temperature from 600K to 800K...
Adjusting nuclide  92241.06c temperature from 600K to 800K...
Adjusting nuclide  93235.06c temperature from 600K to 800K...
Adjusting nuclide  93236.06c temperature from 600K to 800K...
Adjusting nuclide  93237.06c temperature from 600K to 800K...
Adjusting nuclide  93238.06c temperature from 600K to 800K...
Adjusting nuclide  93239.06c temperature from 600K to 800K...
Adjusting nuclide  94236.06c temperature from 600K to 800K...
Adjusting nuclide  94237.06c temperature from 600K to 800K...
Adjusting nuclide  94238.06c temperature from 600K to 800K...
Adjusting nuclide  94239.06c temperature from 600K to 800K...
Adjusting nuclide  94240.06c temperature from 600K to 800K...
Adjusting nuclide  94241.06c temperature from 600K to 800K...
Adjusting nuclide  94242.06c temperature from 600K to 800K...
Adjusting nuclide  94243.06c temperature from 600K to 800K...
Adjusting nuclide  94244.06c temperature from 600K to 800K...
Adjusting nuclide  95241.06c temperature from 600K to 800K...
Adjusting nuclide  95242.06c temperature from 600K to 800K...
Adjusting nuclide  95342.06c temperature from 600K to 800K...
Adjusting nuclide  95243.06c temperature from 600K to 800K...
Adjusting nuclide  95244.06c temperature from 600K to 800K...
Adjusting nuclide  95344.06c temperature from 600K to 800K...
Adjusting nuclide  96240.06c temperature from 600K to 800K...
Adjusting nuclide  96241.06c temperature from 600K to 800K...
Adjusting nuclide  96242.06c temperature from 600K to 800K...
Adjusting nuclide  96243.06c temperature from 600K to 800K...
Adjusting nuclide  96244.06c temperature from 600K to 800K...
Adjusting nuclide  96245.06c temperature from 600K to 800K...
Adjusting nuclide  96246.06c temperature from 600K to 800K...
Adjusting nuclide  96247.06c temperature from 600K to 800K...
Adjusting nuclide  96248.06c temperature from 600K to 800K...
Adjusting nuclide  96249.06c temperature from 600K to 800K...
Adjusting nuclide  96250.06c temperature from 600K to 800K...
Adjusting nuclide  31069.06c temperature from 600K to 800K...
Adjusting nuclide  31071.06c temperature from 600K to 800K...
Adjusting nuclide  32070.06c temperature from 600K to 800K...
Adjusting nuclide  32072.06c temperature from 600K to 800K...
Adjusting nuclide  32073.06c temperature from 600K to 800K...
Adjusting nuclide  32074.06c temperature from 600K to 800K...
Adjusting nuclide  32076.06c temperature from 600K to 800K...
Adjusting nuclide  33074.06c temperature from 600K to 800K...
Adjusting nuclide  33075.06c temperature from 600K to 800K...
Adjusting nuclide  34074.06c temperature from 600K to 800K...
Adjusting nuclide  34076.06c temperature from 600K to 800K...
Adjusting nuclide  34077.06c temperature from 600K to 800K...
Adjusting nuclide  34078.06c temperature from 600K to 800K...
Adjusting nuclide  34079.06c temperature from 600K to 800K...
Adjusting nuclide  34080.06c temperature from 600K to 800K...
Adjusting nuclide  34082.06c temperature from 600K to 800K...
Adjusting nuclide  35079.06c temperature from 600K to 800K...
Adjusting nuclide  35081.06c temperature from 600K to 800K...
Adjusting nuclide  36078.06c temperature from 600K to 800K...
Adjusting nuclide  36080.06c temperature from 600K to 800K...
Adjusting nuclide  36082.06c temperature from 600K to 800K...
Adjusting nuclide  36083.06c temperature from 600K to 800K...
Adjusting nuclide  36084.06c temperature from 600K to 800K...
Adjusting nuclide  36085.06c temperature from 600K to 800K...
Adjusting nuclide  36086.06c temperature from 600K to 800K...
Adjusting nuclide  37085.06c temperature from 600K to 800K...
Adjusting nuclide  37086.06c temperature from 600K to 800K...
Adjusting nuclide  37087.06c temperature from 600K to 800K...
Adjusting nuclide  38084.06c temperature from 600K to 800K...
Adjusting nuclide  38086.06c temperature from 600K to 800K...
Adjusting nuclide  38087.06c temperature from 600K to 800K...
Adjusting nuclide  38088.06c temperature from 600K to 800K...
Adjusting nuclide  38089.06c temperature from 600K to 800K...
Adjusting nuclide  38090.06c temperature from 600K to 800K...
Adjusting nuclide  39089.06c temperature from 600K to 800K...
Adjusting nuclide  39090.06c temperature from 600K to 800K...
Adjusting nuclide  39091.06c temperature from 600K to 800K...
Adjusting nuclide  40090.06c temperature from 600K to 800K...
Adjusting nuclide  40091.06c temperature from 600K to 800K...
Adjusting nuclide  40092.06c temperature from 600K to 800K...
Adjusting nuclide  40093.06c temperature from 600K to 800K...
Adjusting nuclide  40094.06c temperature from 600K to 800K...
Adjusting nuclide  40095.06c temperature from 600K to 800K...
Adjusting nuclide  40096.06c temperature from 600K to 800K...
Adjusting nuclide  41093.06c temperature from 600K to 800K...
Adjusting nuclide  41094.06c temperature from 600K to 800K...
Adjusting nuclide  41095.06c temperature from 600K to 800K...
Adjusting nuclide  42092.06c temperature from 600K to 800K...
Adjusting nuclide  42094.06c temperature from 600K to 800K...
Adjusting nuclide  42095.06c temperature from 600K to 800K...
Adjusting nuclide  42096.06c temperature from 600K to 800K...
Adjusting nuclide  42097.06c temperature from 600K to 800K...
Adjusting nuclide  42098.06c temperature from 600K to 800K...
Adjusting nuclide  42099.06c temperature from 600K to 800K...
Adjusting nuclide  42100.06c temperature from 600K to 800K...
Adjusting nuclide  43099.06c temperature from 600K to 800K...
Adjusting nuclide  44096.06c temperature from 600K to 800K...
Adjusting nuclide  44098.06c temperature from 600K to 800K...
Adjusting nuclide  44099.06c temperature from 600K to 800K...
Adjusting nuclide  44100.06c temperature from 600K to 800K...
Adjusting nuclide  44101.06c temperature from 600K to 800K...
Adjusting nuclide  44102.06c temperature from 600K to 800K...
Adjusting nuclide  44103.06c temperature from 600K to 800K...
Adjusting nuclide  44104.06c temperature from 600K to 800K...
Adjusting nuclide  44105.06c temperature from 600K to 800K...
Adjusting nuclide  44106.06c temperature from 600K to 800K...
Adjusting nuclide  45103.06c temperature from 600K to 800K...
Adjusting nuclide  45105.06c temperature from 600K to 800K...
Adjusting nuclide  46102.06c temperature from 600K to 800K...
Adjusting nuclide  46104.06c temperature from 600K to 800K...
Adjusting nuclide  46105.06c temperature from 600K to 800K...
Adjusting nuclide  46106.06c temperature from 600K to 800K...
Adjusting nuclide  46107.06c temperature from 600K to 800K...
Adjusting nuclide  46108.06c temperature from 600K to 800K...
Adjusting nuclide  46110.06c temperature from 600K to 800K...
Adjusting nuclide  47107.06c temperature from 600K to 800K...
Adjusting nuclide  47109.06c temperature from 600K to 800K...
Adjusting nuclide  47310.06c temperature from 600K to 800K...
Adjusting nuclide  47111.06c temperature from 600K to 800K...
Adjusting nuclide  48106.06c temperature from 600K to 800K...
Adjusting nuclide  48108.06c temperature from 600K to 800K...
Adjusting nuclide  48110.06c temperature from 600K to 800K...
Adjusting nuclide  48111.06c temperature from 600K to 800K...
Adjusting nuclide  48112.06c temperature from 600K to 800K...
Adjusting nuclide  48113.06c temperature from 600K to 800K...
Adjusting nuclide  48114.06c temperature from 600K to 800K...
Adjusting nuclide  48315.06c temperature from 600K to 800K...
Adjusting nuclide  48116.06c temperature from 600K to 800K...
Adjusting nuclide  49113.06c temperature from 600K to 800K...
Adjusting nuclide  49115.06c temperature from 600K to 800K...
Adjusting nuclide  50112.06c temperature from 600K to 800K...
Adjusting nuclide  50113.06c temperature from 600K to 800K...
Adjusting nuclide  50114.06c temperature from 600K to 800K...
Adjusting nuclide  50115.06c temperature from 600K to 800K...
Adjusting nuclide  50116.06c temperature from 600K to 800K...
Adjusting nuclide  50117.06c temperature from 600K to 800K...
Adjusting nuclide  50118.06c temperature from 600K to 800K...
Adjusting nuclide  50119.06c temperature from 600K to 800K...
Adjusting nuclide  50120.06c temperature from 600K to 800K...
Adjusting nuclide  50122.06c temperature from 600K to 800K...
Adjusting nuclide  50123.06c temperature from 600K to 800K...
Adjusting nuclide  50124.06c temperature from 600K to 800K...
Adjusting nuclide  50125.06c temperature from 600K to 800K...
Adjusting nuclide  50126.06c temperature from 600K to 800K...
Adjusting nuclide  51121.06c temperature from 600K to 800K...
Adjusting nuclide  51123.06c temperature from 600K to 800K...
Adjusting nuclide  51124.06c temperature from 600K to 800K...
Adjusting nuclide  51125.06c temperature from 600K to 800K...
Adjusting nuclide  51126.06c temperature from 600K to 800K...
Adjusting nuclide  52120.06c temperature from 600K to 800K...
Adjusting nuclide  52122.06c temperature from 600K to 800K...
Adjusting nuclide  52123.06c temperature from 600K to 800K...
Adjusting nuclide  52124.06c temperature from 600K to 800K...
Adjusting nuclide  52125.06c temperature from 600K to 800K...
Adjusting nuclide  52126.06c temperature from 600K to 800K...
Adjusting nuclide  52327.06c temperature from 600K to 800K...
Adjusting nuclide  52128.06c temperature from 600K to 800K...
Adjusting nuclide  52329.06c temperature from 600K to 800K...
Adjusting nuclide  52130.06c temperature from 600K to 800K...
Adjusting nuclide  52132.06c temperature from 600K to 800K...
Adjusting nuclide  53127.06c temperature from 600K to 800K...
Adjusting nuclide  53129.06c temperature from 600K to 800K...
Adjusting nuclide  53130.06c temperature from 600K to 800K...
Adjusting nuclide  53131.06c temperature from 600K to 800K...
Adjusting nuclide  53135.06c temperature from 600K to 800K...
Adjusting nuclide  54126.06c temperature from 600K to 800K...
Adjusting nuclide  54128.06c temperature from 600K to 800K...
Adjusting nuclide  54129.06c temperature from 600K to 800K...
Adjusting nuclide  54130.06c temperature from 600K to 800K...
Adjusting nuclide  54131.06c temperature from 600K to 800K...
Adjusting nuclide  54132.06c temperature from 600K to 800K...
Adjusting nuclide  54133.06c temperature from 600K to 800K...
Adjusting nuclide  54134.06c temperature from 600K to 800K...
Adjusting nuclide  54135.06c temperature from 600K to 800K...
Adjusting nuclide  54136.06c temperature from 600K to 800K...
Adjusting nuclide  55133.06c temperature from 600K to 800K...
Adjusting nuclide  55134.06c temperature from 600K to 800K...
Adjusting nuclide  55135.06c temperature from 600K to 800K...
Adjusting nuclide  55136.06c temperature from 600K to 800K...
Adjusting nuclide  55137.06c temperature from 600K to 800K...
Adjusting nuclide  56130.06c temperature from 600K to 800K...
Adjusting nuclide  56132.06c temperature from 600K to 800K...
Adjusting nuclide  56133.06c temperature from 600K to 800K...
Adjusting nuclide  56134.06c temperature from 600K to 800K...
Adjusting nuclide  56135.06c temperature from 600K to 800K...
Adjusting nuclide  56136.06c temperature from 600K to 800K...
Adjusting nuclide  56137.06c temperature from 600K to 800K...
Adjusting nuclide  56138.06c temperature from 600K to 800K...
Adjusting nuclide  56140.06c temperature from 600K to 800K...
Adjusting nuclide  57138.06c temperature from 600K to 800K...
Adjusting nuclide  57139.06c temperature from 600K to 800K...
Adjusting nuclide  57140.06c temperature from 600K to 800K...
Adjusting nuclide  58136.06c temperature from 600K to 800K...
Adjusting nuclide  58138.06c temperature from 600K to 800K...
Adjusting nuclide  58139.06c temperature from 600K to 800K...
Adjusting nuclide  58140.06c temperature from 600K to 800K...
Adjusting nuclide  58141.06c temperature from 600K to 800K...
Adjusting nuclide  58142.06c temperature from 600K to 800K...
Adjusting nuclide  58143.06c temperature from 600K to 800K...
Adjusting nuclide  58144.06c temperature from 600K to 800K...
Adjusting nuclide  59141.06c temperature from 600K to 800K...
Adjusting nuclide  59142.06c temperature from 600K to 800K...
Adjusting nuclide  59143.06c temperature from 600K to 800K...
Adjusting nuclide  60142.06c temperature from 600K to 800K...
Adjusting nuclide  60143.06c temperature from 600K to 800K...
Adjusting nuclide  60144.06c temperature from 600K to 800K...
Adjusting nuclide  60145.06c temperature from 600K to 800K...
Adjusting nuclide  60146.06c temperature from 600K to 800K...
Adjusting nuclide  60147.06c temperature from 600K to 800K...
Adjusting nuclide  60148.06c temperature from 600K to 800K...
Adjusting nuclide  60150.06c temperature from 600K to 800K...
Adjusting nuclide  61147.06c temperature from 600K to 800K...
Adjusting nuclide  61148.06c temperature from 600K to 800K...
Adjusting nuclide  61348.06c temperature from 600K to 800K...
Adjusting nuclide  61149.06c temperature from 600K to 800K...
Adjusting nuclide  61151.06c temperature from 600K to 800K...
Adjusting nuclide  62144.06c temperature from 600K to 800K...
Adjusting nuclide  62147.06c temperature from 600K to 800K...
Adjusting nuclide  62148.06c temperature from 600K to 800K...
Adjusting nuclide  62149.06c temperature from 600K to 800K...
Adjusting nuclide  62150.06c temperature from 600K to 800K...
Adjusting nuclide  62151.06c temperature from 600K to 800K...
Adjusting nuclide  62152.06c temperature from 600K to 800K...
Adjusting nuclide  62153.06c temperature from 600K to 800K...
Adjusting nuclide  62154.06c temperature from 600K to 800K...
Adjusting nuclide  63151.06c temperature from 600K to 800K...
Adjusting nuclide  63152.06c temperature from 600K to 800K...
Adjusting nuclide  63153.06c temperature from 600K to 800K...
Adjusting nuclide  63154.06c temperature from 600K to 800K...
Adjusting nuclide  63155.06c temperature from 600K to 800K...
Adjusting nuclide  63156.06c temperature from 600K to 800K...
Adjusting nuclide  63157.06c temperature from 600K to 800K...
Adjusting nuclide  64152.06c temperature from 600K to 800K...
Adjusting nuclide  64153.06c temperature from 600K to 800K...
Adjusting nuclide  64154.06c temperature from 600K to 800K...
Adjusting nuclide  64155.06c temperature from 600K to 800K...
Adjusting nuclide  64156.06c temperature from 600K to 800K...
Adjusting nuclide  64157.06c temperature from 600K to 800K...
Adjusting nuclide  64158.06c temperature from 600K to 800K...
Adjusting nuclide  64160.06c temperature from 600K to 800K...
Adjusting nuclide  65159.06c temperature from 600K to 800K...
Adjusting nuclide  65160.06c temperature from 600K to 800K...
Adjusting nuclide  66156.06c temperature from 600K to 800K...
Adjusting nuclide  66158.06c temperature from 600K to 800K...
Adjusting nuclide  66160.06c temperature from 600K to 800K...
Adjusting nuclide  66161.06c temperature from 600K to 800K...
Adjusting nuclide  66162.06c temperature from 600K to 800K...
Adjusting nuclide  66163.06c temperature from 600K to 800K...
Adjusting nuclide  66164.06c temperature from 600K to 800K...
Adjusting nuclide  67165.06c temperature from 600K to 800K...
Adjusting nuclide  67366.06c temperature from 600K to 800K...
Adjusting nuclide  68162.06c temperature from 600K to 800K...
Adjusting nuclide  68164.06c temperature from 600K to 800K...
Adjusting nuclide  68166.06c temperature from 600K to 800K...
Adjusting nuclide  68167.06c temperature from 600K to 800K...
Adjusting nuclide  68168.06c temperature from 600K to 800K...
Adjusting nuclide  68170.06c temperature from 600K to 800K...
Adjusting nuclide  54124.06c temperature from 600K to 800K...

Adding thermal scattering data...

Nuclide   gre7.04t -- natural carbon at 400K (C-nat)
Nuclide   gre7.08t -- natural carbon at 500K (C-nat)
Nuclide   gre7.12t -- natural carbon at 600K (C-nat)
Nuclide   gre7.16t -- natural carbon at 700K (C-nat)
Nuclide   gre7.18t -- natural carbon at 800K (C-nat)
Nuclide   gre7.22t -- natural carbon at 1200K (C-nat)

Checking data and printing output...

***** Thu Feb  3 10:34:47 2022 (seed = 1643902462455)
Warning message from function CheckNuclideData:

Stable nuclide 40096.06c has 1 decay modes


***** Thu Feb  3 10:34:47 2022 (seed = 1643902462455)
Warning message from function CheckNuclideData:

Stable nuclide 48114.06c has 1 decay modes


***** Thu Feb  3 10:34:47 2022 (seed = 1643902462455)
Warning message from function CheckNuclideData:

Stable nuclide 52123.06c has 1 decay modes


***** Thu Feb  3 10:34:47 2022 (seed = 1643902462455)
Warning message from function CheckNuclideData:

Stable nuclide 52130.06c has 1 decay modes


***** Thu Feb  3 10:34:47 2022 (seed = 1643902462455)
Warning message from function CheckNuclideData:

Stable nuclide 54134.06c has 1 decay modes


***** Thu Feb  3 10:34:47 2022 (seed = 1643902462455)
Warning message from function CheckNuclideData:

Stable nuclide 54136.06c has 1 decay modes


***** Thu Feb  3 10:34:47 2022 (seed = 1643902462455)
Warning message from function CheckNuclideData:

Stable nuclide 58142.06c has 1 decay modes


***** Thu Feb  3 10:34:47 2022 (seed = 1643902462455)
Warning message from function CheckNuclideData:

Stable nuclide 64160.06c has 1 decay modes


***** Thu Feb  3 10:34:47 2022 (seed = 1643902462455)
Warning message from function CheckNuclideData:

Stable nuclide 300700 has 1 decay modes

OK.

Generating unionize energy grids...

Adding points:

  1001.06c -- Points added in neutron grid: 252
  1002.06c -- Points added in neutron grid: 115
  1003.06c -- Points added in neutron grid: 58
  2003.06c -- Points added in neutron grid: 32
  2004.06c -- Points added in neutron grid: 129
  3006.06c -- Points added in neutron grid: 181
  3007.06c -- Points added in neutron grid: 72
  4009.06c -- Points added in neutron grid: 80
  5010.09c -- Points added in neutron grid: 149
  5010.09c -- Points added in neutron grid: 0
  5010.06c -- Points added in neutron grid: 0
  5011.09c -- Points added in neutron grid: 2598
  5011.09c -- Points added in neutron grid: 0
  5011.06c -- Points added in neutron grid: 4
  6000.09c -- Points added in neutron grid: 488
  6000.09c -- Points added in neutron grid: 0
  6000.09s -- Points added in neutron grid: 0
  6012.06c -- Points added in neutron grid: 658
  7014.09c -- Points added in neutron grid: 1006
  7014.06c -- Points added in neutron grid: 0
  7015.06c -- Points added in neutron grid: 199
  8016.06c -- Points added in neutron grid: 1391
  8017.06c -- Points added in neutron grid: 22
  9019.06c -- Points added in neutron grid: 1025
 14000.09c -- Points added in neutron grid: 2590
 15031.09c -- Points added in neutron grid: 150
 16000.09c -- Points added in neutron grid: 6048
 24000.09c -- Points added in neutron grid: 5376
 25055.09c -- Points added in neutron grid: 4457
 26000.09c -- Points added in neutron grid: 10864
 28000.09c -- Points added in neutron grid: 19141
 31069.06c -- Points added in neutron grid: 2443
 31071.06c -- Points added in neutron grid: 2271
 32070.06c -- Points added in neutron grid: 1691
 32072.06c -- Points added in neutron grid: 1564
 32073.06c -- Points added in neutron grid: 4661
 32074.06c -- Points added in neutron grid: 533
 32076.06c -- Points added in neutron grid: 918
 33074.06c -- Points added in neutron grid: 375
 33075.06c -- Points added in neutron grid: 9217
 34074.06c -- Points added in neutron grid: 1617
 34076.06c -- Points added in neutron grid: 2481
 34077.06c -- Points added in neutron grid: 3114
 34078.06c -- Points added in neutron grid: 1805
 34079.06c -- Points added in neutron grid: 542
 34080.06c -- Points added in neutron grid: 1467
 34082.06c -- Points added in neutron grid: 1006
 35079.06c -- Points added in neutron grid: 9442
 35081.06c -- Points added in neutron grid: 9833
 36078.06c -- Points added in neutron grid: 909
 36080.06c -- Points added in neutron grid: 1039
 36082.06c -- Points added in neutron grid: 529
 36083.06c -- Points added in neutron grid: 314
 36084.06c -- Points added in neutron grid: 3513
 36085.06c -- Points added in neutron grid: 860
 36086.06c -- Points added in neutron grid: 4497
 37085.06c -- Points added in neutron grid: 7234
 37086.06c -- Points added in neutron grid: 3809
 37087.06c -- Points added in neutron grid: 1269
 38084.06c -- Points added in neutron grid: 1298
 38086.06c -- Points added in neutron grid: 2422
 38087.06c -- Points added in neutron grid: 6173
 38088.06c -- Points added in neutron grid: 3103
 38089.06c -- Points added in neutron grid: 46
 38090.06c -- Points added in neutron grid: 398
 39089.06c -- Points added in neutron grid: 4570
 39090.06c -- Points added in neutron grid: 2740
 39091.06c -- Points added in neutron grid: 480
 40090.06c -- Points added in neutron grid: 1567
 40091.06c -- Points added in neutron grid: 5308
 40092.06c -- Points added in neutron grid: 4445
 40093.06c -- Points added in neutron grid: 3845
 40094.06c -- Points added in neutron grid: 3948
 40095.06c -- Points added in neutron grid: 321
 40096.06c -- Points added in neutron grid: 2180
 41093.06c -- Points added in neutron grid: 9440
 41094.06c -- Points added in neutron grid: 644
 41095.06c -- Points added in neutron grid: 459
 42000.09c -- Points added in neutron grid: 2524
 42092.06c -- Points added in neutron grid: 5093
 42094.06c -- Points added in neutron grid: 3645
 42095.06c -- Points added in neutron grid: 4220
 42096.06c -- Points added in neutron grid: 4588
 42097.06c -- Points added in neutron grid: 4643
 42098.06c -- Points added in neutron grid: 6963
 42099.06c -- Points added in neutron grid: 376
 42100.06c -- Points added in neutron grid: 6796
 43099.06c -- Points added in neutron grid: 18277
 44096.06c -- Points added in neutron grid: 418
 44098.06c -- Points added in neutron grid: 586
 44099.06c -- Points added in neutron grid: 3352
 44100.06c -- Points added in neutron grid: 5040
 44101.06c -- Points added in neutron grid: 3364
 44102.06c -- Points added in neutron grid: 7437
 44103.06c -- Points added in neutron grid: 848
 44104.06c -- Points added in neutron grid: 6460
 44105.06c -- Points added in neutron grid: 57
 44106.06c -- Points added in neutron grid: 273
 45103.06c -- Points added in neutron grid: 11548
 45105.06c -- Points added in neutron grid: 110
 46102.06c -- Points added in neutron grid: 561
 46104.06c -- Points added in neutron grid: 6355
 46105.06c -- Points added in neutron grid: 9582
 46106.06c -- Points added in neutron grid: 5028
 46107.06c -- Points added in neutron grid: 4464
 46108.06c -- Points added in neutron grid: 5010
 46110.06c -- Points added in neutron grid: 4613
 47107.06c -- Points added in neutron grid: 3604
 47109.06c -- Points added in neutron grid: 13590
 47310.06c -- Points added in neutron grid: 1233
 47111.06c -- Points added in neutron grid: 4220
 48106.06c -- Points added in neutron grid: 3986
 48108.06c -- Points added in neutron grid: 3617
 48110.06c -- Points added in neutron grid: 5392
 48111.06c -- Points added in neutron grid: 7988
 48112.06c -- Points added in neutron grid: 6830
 48113.06c -- Points added in neutron grid: 17116
 48114.06c -- Points added in neutron grid: 5202
 48315.06c -- Points added in neutron grid: 1636
 48116.06c -- Points added in neutron grid: 3205
 49113.06c -- Points added in neutron grid: 3619
 49115.06c -- Points added in neutron grid: 10300
 50112.06c -- Points added in neutron grid: 1639
 50113.06c -- Points added in neutron grid: 2565
 50114.06c -- Points added in neutron grid: 1483
 50115.06c -- Points added in neutron grid: 836
 50116.06c -- Points added in neutron grid: 9823
 50117.06c -- Points added in neutron grid: 4002
 50118.06c -- Points added in neutron grid: 1047
 50119.06c -- Points added in neutron grid: 2043
 50120.06c -- Points added in neutron grid: 8215
 50122.06c -- Points added in neutron grid: 14326
 50123.06c -- Points added in neutron grid: 314
 50124.06c -- Points added in neutron grid: 7948
 50125.06c -- Points added in neutron grid: 1040
 50126.06c -- Points added in neutron grid: 265
 51121.06c -- Points added in neutron grid: 11447
 51123.06c -- Points added in neutron grid: 10659
 51124.06c -- Points added in neutron grid: 191
 51125.06c -- Points added in neutron grid: 349
 51126.06c -- Points added in neutron grid: 5257
 52120.06c -- Points added in neutron grid: 356
 52122.06c -- Points added in neutron grid: 12220
 52123.06c -- Points added in neutron grid: 4308
 52124.06c -- Points added in neutron grid: 8215
 52125.06c -- Points added in neutron grid: 11914
 52126.06c -- Points added in neutron grid: 3533
 52327.06c -- Points added in neutron grid: 618
 52128.06c -- Points added in neutron grid: 2742
 52329.06c -- Points added in neutron grid: 259
 52130.06c -- Points added in neutron grid: 1528
 52132.06c -- Points added in neutron grid: 1588
 53127.06c -- Points added in neutron grid: 19698
 53129.06c -- Points added in neutron grid: 6994
 53130.06c -- Points added in neutron grid: 4788
 53131.06c -- Points added in neutron grid: 317
 53135.06c -- Points added in neutron grid: 57
 54124.06c -- Points added in neutron grid: 498
 54126.06c -- Points added in neutron grid: 757
 54128.06c -- Points added in neutron grid: 1752
 54129.06c -- Points added in neutron grid: 5678
 54130.06c -- Points added in neutron grid: 1888
 54131.06c -- Points added in neutron grid: 4061
 54132.06c -- Points added in neutron grid: 735
 54133.06c -- Points added in neutron grid: 255
 54134.06c -- Points added in neutron grid: 522
 54135.06c -- Points added in neutron grid: 353
 54136.06c -- Points added in neutron grid: 1327
 55133.06c -- Points added in neutron grid: 9742
 55134.06c -- Points added in neutron grid: 998
 55135.06c -- Points added in neutron grid: 811
 55136.06c -- Points added in neutron grid: 316
 55137.06c -- Points added in neutron grid: 295
 56130.06c -- Points added in neutron grid: 4252
 56132.06c -- Points added in neutron grid: 463
 56133.06c -- Points added in neutron grid: 699
 56134.06c -- Points added in neutron grid: 5347
 56135.06c -- Points added in neutron grid: 7053
 56136.06c -- Points added in neutron grid: 5509
 56137.06c -- Points added in neutron grid: 4208
 56138.06c -- Points added in neutron grid: 1904
 56140.06c -- Points added in neutron grid: 944
 57138.06c -- Points added in neutron grid: 1221
 57139.06c -- Points added in neutron grid: 6874
 57140.06c -- Points added in neutron grid: 1920
 58136.06c -- Points added in neutron grid: 1093
 58138.06c -- Points added in neutron grid: 1057
 58139.06c -- Points added in neutron grid: 1122
 58140.06c -- Points added in neutron grid: 7989
 58141.06c -- Points added in neutron grid: 671
 58142.06c -- Points added in neutron grid: 2131
 58143.06c -- Points added in neutron grid: 1478
 58144.06c -- Points added in neutron grid: 237
 59141.06c -- Points added in neutron grid: 8513
 59142.06c -- Points added in neutron grid: 2370
 59143.06c -- Points added in neutron grid: 565
 60142.06c -- Points added in neutron grid: 4214
 60143.06c -- Points added in neutron grid: 8332
 60144.06c -- Points added in neutron grid: 3189
 60145.06c -- Points added in neutron grid: 11061
 60146.06c -- Points added in neutron grid: 3386
 60147.06c -- Points added in neutron grid: 1040
 60148.06c -- Points added in neutron grid: 6388
 60150.06c -- Points added in neutron grid: 5862
 61147.06c -- Points added in neutron grid: 1729
 61148.06c -- Points added in neutron grid: 294
 61348.06c -- Points added in neutron grid: 112
 61149.06c -- Points added in neutron grid: 315
 61151.06c -- Points added in neutron grid: 2497
 62144.06c -- Points added in neutron grid: 3539
 62147.06c -- Points added in neutron grid: 11273
 62148.06c -- Points added in neutron grid: 1334
 62149.06c -- Points added in neutron grid: 7547
 62150.06c -- Points added in neutron grid: 2552
 62151.06c -- Points added in neutron grid: 4849
 62152.06c -- Points added in neutron grid: 7148
 62153.06c -- Points added in neutron grid: 832
 62154.06c -- Points added in neutron grid: 3467
 63151.06c -- Points added in neutron grid: 2955
 63152.06c -- Points added in neutron grid: 1656
 63153.06c -- Points added in neutron grid: 3134
 63154.06c -- Points added in neutron grid: 836
 63155.06c -- Points added in neutron grid: 497
 63156.06c -- Points added in neutron grid: 259
 63157.06c -- Points added in neutron grid: 1463
 64152.06c -- Points added in neutron grid: 9539
 64153.06c -- Points added in neutron grid: 1058
 64154.06c -- Points added in neutron grid: 10684
 64155.06c -- Points added in neutron grid: 3460
 64156.06c -- Points added in neutron grid: 5850
 64157.06c -- Points added in neutron grid: 3487
 64158.06c -- Points added in neutron grid: 7163
 64160.06c -- Points added in neutron grid: 4434
 65159.06c -- Points added in neutron grid: 10503
 65160.06c -- Points added in neutron grid: 275
 66156.06c -- Points added in neutron grid: 1327
 66158.06c -- Points added in neutron grid: 452
 66160.06c -- Points added in neutron grid: 5489
 66161.06c -- Points added in neutron grid: 10127
 66162.06c -- Points added in neutron grid: 6248
 66163.06c -- Points added in neutron grid: 6782
 66164.06c -- Points added in neutron grid: 5169
 67165.06c -- Points added in neutron grid: 10300
 67366.06c -- Points added in neutron grid: 344
 68162.06c -- Points added in neutron grid: 1650
 68164.06c -- Points added in neutron grid: 1970
 68166.06c -- Points added in neutron grid: 8642
 68167.06c -- Points added in neutron grid: 12452
 68168.06c -- Points added in neutron grid: 8742
 68170.06c -- Points added in neutron grid: 4272
 90227.06c -- Points added in neutron grid: 57
 90228.06c -- Points added in neutron grid: 182
 90229.06c -- Points added in neutron grid: 539
 90230.06c -- Points added in neutron grid: 2306
 90232.06c -- Points added in neutron grid: 19601
 90233.06c -- Points added in neutron grid: 39
 90234.06c -- Points added in neutron grid: 77
 91231.06c -- Points added in neutron grid: 4430
 91232.06c -- Points added in neutron grid: 231
 91233.06c -- Points added in neutron grid: 3631
 92232.06c -- Points added in neutron grid: 1969
 92233.06c -- Points added in neutron grid: 6871
 92234.06c -- Points added in neutron grid: 8176
 92235.06c -- Points added in neutron grid: 24743
 92236.06c -- Points added in neutron grid: 7683
 92237.06c -- Points added in neutron grid: 2421
 92238.06c -- Points added in neutron grid: 54902
 92239.06c -- Points added in neutron grid: 175
 92240.06c -- Points added in neutron grid: 5538
 92241.06c -- Points added in neutron grid: 2177
 93235.06c -- Points added in neutron grid: 158
 93236.06c -- Points added in neutron grid: 325
 93237.06c -- Points added in neutron grid: 10804
 93238.06c -- Points added in neutron grid: 72
 93239.06c -- Points added in neutron grid: 52
 94236.06c -- Points added in neutron grid: 205
 94237.06c -- Points added in neutron grid: 90
 94238.06c -- Points added in neutron grid: 1546
 94239.06c -- Points added in neutron grid: 20951
 94240.06c -- Points added in neutron grid: 15461
 94241.06c -- Points added in neutron grid: 4805
 94242.06c -- Points added in neutron grid: 1978
 94243.06c -- Points added in neutron grid: 2563
 94244.06c -- Points added in neutron grid: 2244
 95241.06c -- Points added in neutron grid: 5039
 95242.06c -- Points added in neutron grid: 1653
 95342.06c -- Points added in neutron grid: 743
 95243.06c -- Points added in neutron grid: 6901
 95244.06c -- Points added in neutron grid: 81
 95344.06c -- Points added in neutron grid: 57
 96240.06c -- Points added in neutron grid: 2143
 96241.06c -- Points added in neutron grid: 5
 96242.06c -- Points added in neutron grid: 1452
 96243.06c -- Points added in neutron grid: 1713
 96244.06c -- Points added in neutron grid: 5772
 96245.06c -- Points added in neutron grid: 1228
 96246.06c -- Points added in neutron grid: 1918
 96247.06c -- Points added in neutron grid: 1479
 96248.06c -- Points added in neutron grid: 4660
 96249.06c -- Points added in neutron grid: 852
 96250.06c -- Points added in neutron grid: 238
  gre7.04t -- Points added in neutron grid: 1232
  gre7.08t -- Points added in neutron grid: 2
  gre7.12t -- Points added in neutron grid: 2
  gre7.16t -- Points added in neutron grid: 2
  gre7.18t -- Points added in neutron grid: 2
  gre7.22t -- Points added in neutron grid: 2

Generating unionized energy grid:

 - Unionization performed without grid thinning
   between 1.00E-11 and 20.0 MeV.

 - Final neutron grid size: 1159457 points.

 - 43.35 Mb of memory allocated for grid data

OK.

Processing cross sections and ENDF reaction laws...

Nuclide   1001.06c -- hydrogen at 800K (H-1)
Nuclide   1002.06c -- deuterium at 800K (H-2)
Nuclide   1003.06c -- tritium at 800K (H-3)
Nuclide   2003.06c -- helium 3 at 800K (He-3)
Nuclide   2004.06c -- helium 4 at 800K (He-4)
Nuclide   3006.06c -- lithium 6 at 800K (Li-6)
Nuclide   3007.06c -- lithium 7 at 800K (Li-7)
Nuclide   4009.06c -- beryllium 9 at 800K (Be-9)
Nuclide   5010.09c -- boron 10 at 900K (B-10)
Nuclide   5010.09c -- boron 10 at 950K (B-10)
Nuclide   5010.06c -- boron 10 at 800K (B-10)
Nuclide   5011.09c -- boron 11 at 900K (B-11)
Nuclide   5011.09c -- boron 11 at 950K (B-11)
Nuclide   5011.06c -- boron 11 at 800K (B-11)
Nuclide   6000.09c -- natural carbon at 900K (C-nat)
Nuclide   6000.09c -- natural carbon at 950K (C-nat)
Nuclide   6000.09s -- natural carbon at 950K (C-nat)
Nuclide   6012.06c -- carbon 12 at 800K (C-12)
Nuclide   7014.09c -- nitrogen 14 at 900K (N-14)
Nuclide   7014.06c -- nitrogen 14 at 800K (N-14)
Nuclide   7015.06c -- nitrogen 15 at 800K (N-15)
Nuclide   8016.06c -- oxygen 16 at 800K (O-16)
Nuclide   8017.06c -- oxygen 17 at 800K (O-17)
Nuclide   9019.06c -- fluorine 19 at 800K (F-19)
Nuclide  14000.09c -- natural silicon at 900K (Si-nat)
Nuclide  15031.09c -- phosphorus 31 at 900K (P-31)
Nuclide  16000.09c -- natural sulfur at 900K (S-nat)
Nuclide  24000.09c -- natural chromium at 900K (Cr-nat)
Nuclide  25055.09c -- manganese 55 at 900K (Mn-55)
Nuclide  26000.09c -- natural iron at 900K (Fe-nat)
Nuclide  28000.09c -- natural nickel at 900K (Ni-nat)
Nuclide  31069.06c -- gallium 69 at 800K (Ga-69)
Nuclide  31071.06c -- gallium 71 at 800K (Ga-71)
Nuclide  32070.06c -- germanium 70 at 800K (Ge-70)
Nuclide  32072.06c -- germanium 72 at 800K (Ge-72)
Nuclide  32073.06c -- germanium 73 at 800K (Ge-73)
Nuclide  32074.06c -- germanium 74 at 800K (Ge-74)
Nuclide  32076.06c -- germanium 76 at 800K (Ge-76)
Nuclide  33074.06c -- arsenic 74 at 800K (As-74)
Nuclide  33075.06c -- arsenic 75 at 800K (As-75)
Nuclide  34074.06c -- selenium 74 at 800K (Se-74)
Nuclide  34076.06c -- selenium 76 at 800K (Se-76)
Nuclide  34077.06c -- selenium 77 at 800K (Se-77)
Nuclide  34078.06c -- selenium 78 at 800K (Se-78)
Nuclide  34079.06c -- selenium 79 at 800K (Se-79)
Nuclide  34080.06c -- selenium 80 at 800K (Se-80)
Nuclide  34082.06c -- selenium 82 at 800K (Se-82)
Nuclide  35079.06c -- bromine 79 at 800K (Br-79)
Nuclide  35081.06c -- bromine 81 at 800K (Br-81)
Nuclide  36078.06c -- krypton 78 at 800K (Kr-78)
Nuclide  36080.06c -- krypton 80 at 800K (Kr-80)
Nuclide  36082.06c -- krypton 82 at 800K (Kr-82)
Nuclide  36083.06c -- krypton 83 at 800K (Kr-83)
Nuclide  36084.06c -- krypton 84 at 800K (Kr-84)
Nuclide  36085.06c -- krypton 85 at 800K (Kr-85)
Nuclide  36086.06c -- krypton 86 at 800K (Kr-86)
Nuclide  37085.06c -- rubidium 85 at 800K (Rb-85)
Nuclide  37086.06c -- rubidium 86 at 800K (Rb-86)
Nuclide  37087.06c -- rubidium 87 at 800K (Rb-87)
Nuclide  38084.06c -- strontium 84 at 800K (Sr-84)
Nuclide  38086.06c -- strontium 86 at 800K (Sr-86)
Nuclide  38087.06c -- strontium 87 at 800K (Sr-87)
Nuclide  38088.06c -- strontium 88 at 800K (Sr-88)
Nuclide  38089.06c -- strontium 89 at 800K (Sr-89)
Nuclide  38090.06c -- strontium 90 at 800K (Sr-90)
Nuclide  39089.06c -- yttrium 89 at 800K (Y-89)
Nuclide  39090.06c -- yttrium 90 at 800K (Y-90)
Nuclide  39091.06c -- yttrium 91 at 800K (Y-91)
Nuclide  40090.06c -- zirconium 90 at 800K (Zr-90)
Nuclide  40091.06c -- zirconium 91 at 800K (Zr-91)
Nuclide  40092.06c -- zirconium 92 at 800K (Zr-92)
Nuclide  40093.06c -- zirconium 93 at 800K (Zr-93)
Nuclide  40094.06c -- zirconium 94 at 800K (Zr-94)
Nuclide  40095.06c -- zirconium 95 at 800K (Zr-95)
Nuclide  40096.06c -- zirconium 96 at 800K (Zr-96)
Nuclide  41093.06c -- niobium 93 at 800K (Nb-93)
Nuclide  41094.06c -- niobium 94 at 800K (Nb-94)
Nuclide  41095.06c -- niobium 95 at 800K (Nb-95)
Nuclide  42000.09c -- natural molybdenum at 900K (Mo-nat)
Nuclide  42092.06c -- molybdenum 92 at 800K (Mo-92)
Nuclide  42094.06c -- molybdenum 94 at 800K (Mo-94)
Nuclide  42095.06c -- molybdenum 95 at 800K (Mo-95)
Nuclide  42096.06c -- molybdenum 96 at 800K (Mo-96)
Nuclide  42097.06c -- molybdenum 97 at 800K (Mo-97)
Nuclide  42098.06c -- molybdenum 98 at 800K (Mo-98)
Nuclide  42099.06c -- molybdenum 99 at 800K (Mo-99)
Nuclide  42100.06c -- molybdenum 100 at 800K (Mo-100)
Nuclide  43099.06c -- technetium 99 at 800K (Tc-99)
Nuclide  44096.06c -- ruthenium 96 at 800K (Ru-96)
Nuclide  44098.06c -- ruthenium 98 at 800K (Ru-98)
Nuclide  44099.06c -- ruthenium 99 at 800K (Ru-99)
Nuclide  44100.06c -- ruthenium 100 at 800K (Ru-100)
Nuclide  44101.06c -- ruthenium 101 at 800K (Ru-101)
Nuclide  44102.06c -- ruthenium 102 at 800K (Ru-102)
Nuclide  44103.06c -- ruthenium 103 at 800K (Ru-103)
Nuclide  44104.06c -- ruthenium 104 at 800K (Ru-104)
Nuclide  44105.06c -- ruthenium 105 at 800K (Ru-105)
Nuclide  44106.06c -- ruthenium 106 at 800K (Ru-106)
Nuclide  45103.06c -- rhodium 103 at 800K (Rh-103)
Nuclide  45105.06c -- rhodium 105 at 800K (Rh-105)
Nuclide  46102.06c -- palladium 102 at 800K (Pd-102)
Nuclide  46104.06c -- palladium 104 at 800K (Pd-104)
Nuclide  46105.06c -- palladium 105 at 800K (Pd-105)
Nuclide  46106.06c -- palladium 106 at 800K (Pd-106)
Nuclide  46107.06c -- palladium 107 at 800K (Pd-107)
Nuclide  46108.06c -- palladium 108 at 800K (Pd-108)
Nuclide  46110.06c -- palladium 110 at 800K (Pd-110)
Nuclide  47107.06c -- silver 107 at 800K (Ag-107)
Nuclide  47109.06c -- silver 109 at 800K (Ag-109)
Nuclide  47310.06c -- silver 110m at 800K (Ag-110m)
Nuclide  47111.06c -- silver 111 at 800K (Ag-111)
Nuclide  48106.06c -- cadmium 106 at 800K (Cd-106)
Nuclide  48108.06c -- cadmium 108 at 800K (Cd-108)
Nuclide  48110.06c -- cadmium 110 at 800K (Cd-110)
Nuclide  48111.06c -- cadmium 111 at 800K (Cd-111)
Nuclide  48112.06c -- cadmium 112 at 800K (Cd-112)
Nuclide  48113.06c -- cadmium 113 at 800K (Cd-113)
Nuclide  48114.06c -- cadmium 114 at 800K (Cd-114)
Nuclide  48315.06c -- cadmium 115m at 800K (Cd-115m)
Nuclide  48116.06c -- cadmium 116 at 800K (Cd-116)
Nuclide  49113.06c -- indium 113 at 800K (In-113)
Nuclide  49115.06c -- indium 115 at 800K (In-115)
Nuclide  50112.06c -- tin 112 at 800K (Sn-112)
Nuclide  50113.06c -- tin 113 at 800K (Sn-113)
Nuclide  50114.06c -- tin 114 at 800K (Sn-114)
Nuclide  50115.06c -- tin 115 at 800K (Sn-115)
Nuclide  50116.06c -- tin 116 at 800K (Sn-116)
Nuclide  50117.06c -- tin 117 at 800K (Sn-117)
Nuclide  50118.06c -- tin 118 at 800K (Sn-118)
Nuclide  50119.06c -- tin 119 at 800K (Sn-119)
Nuclide  50120.06c -- tin 120 at 800K (Sn-120)
Nuclide  50122.06c -- tin 122 at 800K (Sn-122)
Nuclide  50123.06c -- tin 123 at 800K (Sn-123)
Nuclide  50124.06c -- tin 124 at 800K (Sn-124)
Nuclide  50125.06c -- tin 125 at 800K (Sn-125)
Nuclide  50126.06c -- tin 126 at 800K (Sn-126)
Nuclide  51121.06c -- antimony 121 at 800K (Sb-121)
Nuclide  51123.06c -- antimony 123 at 800K (Sb-123)
Nuclide  51124.06c -- antimony 124 at 800K (Sb-124)
Nuclide  51125.06c -- antimony 125 at 800K (Sb-125)
Nuclide  51126.06c -- antimony 126 at 800K (Sb-126)
Nuclide  52120.06c -- tellurium 120 at 800K (Te-120)
Nuclide  52122.06c -- tellurium 122 at 800K (Te-122)
Nuclide  52123.06c -- tellurium 123 at 800K (Te-123)
Nuclide  52124.06c -- tellurium 124 at 800K (Te-124)
Nuclide  52125.06c -- tellurium 125 at 800K (Te-125)
Nuclide  52126.06c -- tellurium 126 at 800K (Te-126)
Nuclide  52327.06c -- tellurium 127m at 800K (Te-127m)
Nuclide  52128.06c -- tellurium 128 at 800K (Te-128)
Nuclide  52329.06c -- tellurium 129m at 800K (Te-129m)
Nuclide  52130.06c -- tellurium 130 at 800K (Te-130)
Nuclide  52132.06c -- tellurium 132 at 800K (Te-132)
Nuclide  53127.06c -- iodine 127 at 800K (I-127)
Nuclide  53129.06c -- iodine 129 at 800K (I-129)
Nuclide  53130.06c -- iodine 130 at 800K (I-130)
Nuclide  53131.06c -- iodine 131 at 800K (I-131)
Nuclide  53135.06c -- iodine 135 at 800K (I-135)
Nuclide  54124.06c -- xenon 124 at 800K (Xe-124)
Nuclide  54126.06c -- xenon 126 at 800K (Xe-126)
Nuclide  54128.06c -- xenon 128 at 800K (Xe-128)
Nuclide  54129.06c -- xenon 129 at 800K (Xe-129)
Nuclide  54130.06c -- xenon 130 at 800K (Xe-130)
Nuclide  54131.06c -- xenon 131 at 800K (Xe-131)
Nuclide  54132.06c -- xenon 132 at 800K (Xe-132)
Nuclide  54133.06c -- xenon 133 at 800K (Xe-133)
Nuclide  54134.06c -- xenon 134 at 800K (Xe-134)
Nuclide  54135.06c -- xenon 135 at 800K (Xe-135)
Nuclide  54136.06c -- xenon 136 at 800K (Xe-136)
Nuclide  55133.06c -- cesium 133 at 800K (Cs-133)
Nuclide  55134.06c -- cesium 134 at 800K (Cs-134)
Nuclide  55135.06c -- cesium 135 at 800K (Cs-135)
Nuclide  55136.06c -- cesium 136 at 800K (Cs-136)
Nuclide  55137.06c -- cesium 137 at 800K (Cs-137)
Nuclide  56130.06c -- barium 130 at 800K (Ba-130)
Nuclide  56132.06c -- barium 132 at 800K (Ba-132)
Nuclide  56133.06c -- barium 133 at 800K (Ba-133)
Nuclide  56134.06c -- barium 134 at 800K (Ba-134)
Nuclide  56135.06c -- barium 135 at 800K (Ba-135)
Nuclide  56136.06c -- barium 136 at 800K (Ba-136)
Nuclide  56137.06c -- barium 137 at 800K (Ba-137)
Nuclide  56138.06c -- barium 138 at 800K (Ba-138)
Nuclide  56140.06c -- barium 140 at 800K (Ba-140)
Nuclide  57138.06c -- lanthanum 138 at 800K (La-138)
Nuclide  57139.06c -- lanthanum 139 at 800K (La-139)
Nuclide  57140.06c -- lanthanum 140 at 800K (La-140)
Nuclide  58136.06c -- cerium 136 at 800K (Ce-136)
Nuclide  58138.06c -- cerium 138 at 800K (Ce-138)
Nuclide  58139.06c -- cerium 139 at 800K (Ce-139)
Nuclide  58140.06c -- cerium 140 at 800K (Ce-140)
Nuclide  58141.06c -- cerium 141 at 800K (Ce-141)
Nuclide  58142.06c -- cerium 142 at 800K (Ce-142)
Nuclide  58143.06c -- cerium 143 at 800K (Ce-143)
Nuclide  58144.06c -- cerium 144 at 800K (Ce-144)
Nuclide  59141.06c -- praseodymium 141 at 800K (Pr-141)
Nuclide  59142.06c -- praseodymium 142 at 800K (Pr-142)
Nuclide  59143.06c -- praseodymium 143 at 800K (Pr-143)
Nuclide  60142.06c -- neodymium 142 at 800K (Nd-142)
Nuclide  60143.06c -- neodymium 143 at 800K (Nd-143)
Nuclide  60144.06c -- neodymium 144 at 800K (Nd-144)
Nuclide  60145.06c -- neodymium 145 at 800K (Nd-145)
Nuclide  60146.06c -- neodymium 146 at 800K (Nd-146)
Nuclide  60147.06c -- neodymium 147 at 800K (Nd-147)
Nuclide  60148.06c -- neodymium 148 at 800K (Nd-148)
Nuclide  60150.06c -- neodymium 150 at 800K (Nd-150)
Nuclide  61147.06c -- promethium 147 at 800K (Pm-147)
Nuclide  61148.06c -- promethium 148 at 800K (Pm-148)
Nuclide  61348.06c -- promethium 148m at 800K (Pm-148m)
Nuclide  61149.06c -- promethium 149 at 800K (Pm-149)
Nuclide  61151.06c -- promethium 151 at 800K (Pm-151)
Nuclide  62144.06c -- samarium 144 at 800K (Sm-144)
Nuclide  62147.06c -- samarium 147 at 800K (Sm-147)
Nuclide  62148.06c -- samarium 148 at 800K (Sm-148)
Nuclide  62149.06c -- samarium 149 at 800K (Sm-149)
Nuclide  62150.06c -- samarium 150 at 800K (Sm-150)
Nuclide  62151.06c -- samarium 151 at 800K (Sm-151)
Nuclide  62152.06c -- samarium 152 at 800K (Sm-152)
Nuclide  62153.06c -- samarium 153 at 800K (Sm-153)
Nuclide  62154.06c -- samarium 154 at 800K (Sm-154)
Nuclide  63151.06c -- europium 151 at 800K (Eu-151)
Nuclide  63152.06c -- europium 152 at 800K (Eu-152)
Nuclide  63153.06c -- europium 153 at 800K (Eu-153)
Nuclide  63154.06c -- europium 154 at 800K (Eu-154)
Nuclide  63155.06c -- europium 155 at 800K (Eu-155)
Nuclide  63156.06c -- europium 156 at 800K (Eu-156)
Nuclide  63157.06c -- europium 157 at 800K (Eu-157)
Nuclide  64152.06c -- gadolinium 152 at 800K (Gd-152)
Nuclide  64153.06c -- gadolinium 153 at 800K (Gd-153)
Nuclide  64154.06c -- gadolinium 154 at 800K (Gd-154)
Nuclide  64155.06c -- gadolinium 155 at 800K (Gd-155)
Nuclide  64156.06c -- gadolinium 156 at 800K (Gd-156)
Nuclide  64157.06c -- gadolinium 157 at 800K (Gd-157)
Nuclide  64158.06c -- gadolinium 158 at 800K (Gd-158)
Nuclide  64160.06c -- gadolinium 160 at 800K (Gd-160)
Nuclide  65159.06c -- terbium 159 at 800K (Tb-159)

***** Thu Feb  3 10:58:07 2022

Input error:

Out of memory error (allocating 15.1Gb, limit 15.1Gb = 0.98 * 15.5Gb)

