
  _                   .-=-.           .-=-.          .-==-.       
 { }      __        .' O o '.       .' O o '.       /  -<' )--<   
 { }    .' O'.     / o .-. O \     / o .-. O \     /  .---`       
 { }   / .-. o\   /O  /   \  o\   /O  /   \  o\   /O /            
  \ `-` /   \ O`-'o  /     \  O`-'o  /     \  O`-`o /             
   `-.-`     '.____.'       `._____.'       `.____.'              

Serpent 2 beta

A Continuous-energy Monte Carlo Reactor Physics Burnup Calculation Code

 - Version 2.1.30 (February 14, 2018) -- Contact: serpent@vtt.fi

 - Reference: J. Leppanen, et al. "The Serpent Monte Carlo code: Status,
              development and applications in 2013." Ann. Nucl. Energy,
              82 (2015) 142-150.

 - Compiled Feb 15 2021 19:17:39

 - MPI Parallel calculation mode not available

 - OpenMP Parallel calculation mode available

 - Geometry and mesh plotting available

 - Default data path set to: "/opt/serpent/xsdata"

Begin calculation on Tue Nov 16 00:47:00 2021

Reading input file "nerthus"...

Checking duplicate input definitions...
OK.

Creating geometry...
OK.

Counting geometry zones...

The geometry consists of 3 levels:

Level 0 size: max 22 zones
Level 1 size: max 289 zones
Level 2 size: max 14 zones

Processing cells...
OK.

Linking materials to geometry...
OK.

Counting cells...
OK.

Processing data for group constant generation:

 - 70 energy groups in micro-group structure
 - 2 energy groups in macro-group structure
 - B1 fundamental mode calculation is not run
 - Group constants generated in 1 universes
 - Discontinuity factors are not calculated
 - Pin-power distributions are not calculated
 - Albedos are not calculated
 - Poison cross sections are not calculated

Calculating material volumes by Monte Carlo...

Estimated calculation time: 0:00:03
Realized calculation time:  0:00:02


OK.

Reading ACE directory files...
OK.

Reading neutron-induced fission yields...
OK.

Adding nuclides in material sus316_stainless_steel...

Nuclide   6000.09c -- natural carbon at 900K (C-nat)
Nuclide   7014.09c -- nitrogen 14 at 900K (N-14)
Nuclide  14000.09c -- natural silicon at 900K (Si-nat)
Nuclide  15031.09c -- phosphorus 31 at 900K (P-31)
Nuclide  16000.09c -- natural sulfur at 900K (S-nat)
Nuclide  24000.09c -- natural chromium at 900K (Cr-nat)
Nuclide  25055.09c -- manganese 55 at 900K (Mn-55)
Nuclide  26000.09c -- natural iron at 900K (Fe-nat)
Nuclide  28000.09c -- natural nickel at 900K (Ni-nat)
Nuclide  42000.09c -- natural molybdenum at 900K (Mo-nat)

Adding nuclides in material B4C_natural...

Nuclide   5010.09c -- boron 10 at 900K (B-10)
Nuclide   5011.09c -- boron 11 at 900K (B-11)

Adding nuclides in material B4C_shield...

Adding nuclides in material graphite...

Nuclide   6000.09c -- natural carbon at 900K (C-nat)
Nuclide   5010.09c -- boron 10 at 900K (B-10)
Nuclide   5011.09c -- boron 11 at 900K (B-11)

Adding nuclides in material fuelsalt...

Nuclide   4009.09c -- beryllium 9 at 900K (Be-9)
Nuclide   9019.09c -- fluorine 19 at 900K (F-19)
Nuclide  11023.09c -- sodium 23 at 900K (Na-23)
Nuclide  90232.09c -- thorium 232 at 900K (Th-232)
Nuclide  92234.09c -- uranium 234 at 900K (U-234)
Nuclide  92235.09c -- uranium 235 at 900K (U-235)
Nuclide  92236.09c -- uranium 236 at 900K (U-236)
Nuclide  92238.09c -- uranium 238 at 900K (U-238)

Setting majorant temperatures for TMS:

Material graphite at 900.0K

Running Doppler-broadening preprocessor:


Adding thermal scattering data...

Nuclide   gre7.04t -- natural carbon at 400K (C-nat)
Nuclide   gre7.08t -- natural carbon at 500K (C-nat)
Nuclide   gre7.12t -- natural carbon at 600K (C-nat)
Nuclide   gre7.16t -- natural carbon at 700K (C-nat)
Nuclide   gre7.18t -- natural carbon at 800K (C-nat)
Nuclide   gre7.22t -- natural carbon at 1200K (C-nat)

Checking data and printing output...
OK.


***** Tue Nov 16 00:47:04 2021 (seed = 1637041620)
Warning message from function ProcessNuclides:

Minimum photon cross section energy 1.000000E+37 MeV is
above the energy grid minimum 1.000000E-03 MeV.
The energy grid minimum is set to 1.000000E+37 MeV.
Possible changes in energy cutoff cards (warned if any).


***** Tue Nov 16 00:47:04 2021 (seed = 1637041620)
Warning message from function ProcessNuclides:

Photon energy cutoff 1.000000E-03 MeV is changed to 1.000000E+37.


Generating unionize energy grids...

Adding points:

  4009.09c -- Points added in neutron grid: 307
  5010.09c -- Points added in neutron grid: 390
  5010.09c -- Points added in neutron grid: 0
  5011.09c -- Points added in neutron grid: 2631
  5011.09c -- Points added in neutron grid: 0
  6000.09c -- Points added in neutron grid: 594
  6000.09c -- Points added in neutron grid: 0
  6000.09s -- Points added in neutron grid: 0
  7014.09c -- Points added in neutron grid: 1020
  9019.09c -- Points added in neutron grid: 1066
 11023.09c -- Points added in neutron grid: 1661
 14000.09c -- Points added in neutron grid: 2622
 15031.09c -- Points added in neutron grid: 158
 16000.09c -- Points added in neutron grid: 6058
 24000.09c -- Points added in neutron grid: 5453
 25055.09c -- Points added in neutron grid: 4458
 26000.09c -- Points added in neutron grid: 10858
 28000.09c -- Points added in neutron grid: 19153
 42000.09c -- Points added in neutron grid: 2547
 90232.09c -- Points added in neutron grid: 19658
 92234.09c -- Points added in neutron grid: 8358
 92235.09c -- Points added in neutron grid: 25021
 92236.09c -- Points added in neutron grid: 7808
 92238.09c -- Points added in neutron grid: 54041
  gre7.04t -- Points added in neutron grid: 1244
  gre7.08t -- Points added in neutron grid: 2
  gre7.12t -- Points added in neutron grid: 2
  gre7.16t -- Points added in neutron grid: 2
  gre7.18t -- Points added in neutron grid: 2
  gre7.22t -- Points added in neutron grid: 2

Generating unionized energy grid:

 - Unionization performed without grid thinning
   between 1.00E-11 and 20.0 MeV.

 - Final neutron grid size: 174947 points.

 - 9.88 Mb of memory allocated for grid data

OK.

Processing cross sections and ENDF reaction laws...

Nuclide   4009.09c -- beryllium 9 at 900K (Be-9)
Nuclide   5010.09c -- boron 10 at 900K (B-10)
Nuclide   5010.09c -- boron 10 at 900K (B-10)
Nuclide   5011.09c -- boron 11 at 900K (B-11)
Nuclide   5011.09c -- boron 11 at 900K (B-11)
Nuclide   6000.09c -- natural carbon at 900K (C-nat)
Nuclide   6000.09c -- natural carbon at 900K (C-nat)
Nuclide   6000.09s -- natural carbon at 900K (C-nat)
Nuclide   7014.09c -- nitrogen 14 at 900K (N-14)
Nuclide   9019.09c -- fluorine 19 at 900K (F-19)
Nuclide  11023.09c -- sodium 23 at 900K (Na-23)
Nuclide  14000.09c -- natural silicon at 900K (Si-nat)
Nuclide  15031.09c -- phosphorus 31 at 900K (P-31)
Nuclide  16000.09c -- natural sulfur at 900K (S-nat)
Nuclide  24000.09c -- natural chromium at 900K (Cr-nat)
Nuclide  25055.09c -- manganese 55 at 900K (Mn-55)
Nuclide  26000.09c -- natural iron at 900K (Fe-nat)
Nuclide  28000.09c -- natural nickel at 900K (Ni-nat)
Nuclide  42000.09c -- natural molybdenum at 900K (Mo-nat)
Nuclide  90232.09c -- thorium 232 at 900K (Th-232)
Nuclide  92234.09c -- uranium 234 at 900K (U-234)
Nuclide  92235.09c -- uranium 235 at 900K (U-235)
Nuclide  92236.09c -- uranium 236 at 900K (U-236)
Nuclide  92238.09c -- uranium 238 at 900K (U-238)
Nuclide   gre7.04t -- natural carbon at 400K (C-nat)
Nuclide   gre7.08t -- natural carbon at 500K (C-nat)
Nuclide   gre7.12t -- natural carbon at 600K (C-nat)
Nuclide   gre7.16t -- natural carbon at 700K (C-nat)
Nuclide   gre7.18t -- natural carbon at 800K (C-nat)
Nuclide   gre7.22t -- natural carbon at 1200K (C-nat)

Adjusting majorant temperatures:


 ***** Warning: Nuclide 5010.09c is adjusted to a single temperature using TMS.
 Consider using Doppler preprocessor instead.

Nuclide   5010.09c TMS majorant to 905K...

 ***** Warning: Nuclide 5011.09c is adjusted to a single temperature using TMS.
 Consider using Doppler preprocessor instead.

Nuclide   5011.09c TMS majorant to 905K...

 ***** Warning: Nuclide 6000.09c is adjusted to a single temperature using TMS.
 Consider using Doppler preprocessor instead.

Nuclide   6000.09c TMS majorant to 905K...
Nuclide   6000.09s TMS majorant to 905K...

SUMMARY -- 30 nuclides included in calculation:

 - 30 transport nuclides
 - Neutron energy cut-offs at 1.00E-11 and 20.0 MeV
 - 840 transport reactions
 - 131 special reactions
 - 10 decay reactions
 - 12 transmutation reactions + 2 branches
 - 282.62 Mb of memory allocated for data

Normalizing compositions and processing mixtures...
OK.

Allocating memory for macroscopic cross section data...
OK.

Allocating memory for particle structures...
OK.

Calculating maximum densities...
OK.

Performing density cut-off...
OK.

Sorting material-wise reaction lists:

   0% complete
 100% complete

Calculating macroscopic cross sections:

   0% complete
  80% complete
 100% complete

Calculating DT neutron majorant cross section:

   0% complete
 100% complete

Clearing results and statistics...
OK.

Sampling initial source...
OK.

Inactive cycle   1 /  60: k-eff = 1.00000
Inactive cycle   2 /  60: k-eff = 0.54895
Inactive cycle   3 /  60: k-eff = 0.76732
Inactive cycle   4 /  60: k-eff = 0.87302
Inactive cycle   5 /  60: k-eff = 0.90943
Inactive cycle   6 /  60: k-eff = 0.92057
Inactive cycle   7 /  60: k-eff = 0.94501
Inactive cycle   8 /  60: k-eff = 0.92823
Inactive cycle   9 /  60: k-eff = 0.93594
Inactive cycle  10 /  60: k-eff = 0.91979
Inactive cycle  11 /  60: k-eff = 0.93359
Inactive cycle  12 /  60: k-eff = 0.94246
Inactive cycle  13 /  60: k-eff = 0.94128
Inactive cycle  14 /  60: k-eff = 0.93281
Inactive cycle  15 /  60: k-eff = 0.92880
Inactive cycle  16 /  60: k-eff = 0.91951
Inactive cycle  17 /  60: k-eff = 0.93560
Inactive cycle  18 /  60: k-eff = 0.92690
Inactive cycle  19 /  60: k-eff = 0.94558
Inactive cycle  20 /  60: k-eff = 0.94685
Inactive cycle  21 /  60: k-eff = 0.92697
Inactive cycle  22 /  60: k-eff = 0.93485
Inactive cycle  23 /  60: k-eff = 0.94172
Inactive cycle  24 /  60: k-eff = 0.91159
Inactive cycle  25 /  60: k-eff = 0.93000
Inactive cycle  26 /  60: k-eff = 0.93102
Inactive cycle  27 /  60: k-eff = 0.93931
Inactive cycle  28 /  60: k-eff = 0.92390
Inactive cycle  29 /  60: k-eff = 0.94917
Inactive cycle  30 /  60: k-eff = 0.93337
Inactive cycle  31 /  60: k-eff = 0.93169
Inactive cycle  32 /  60: k-eff = 0.94054
Inactive cycle  33 /  60: k-eff = 0.93203
Inactive cycle  34 /  60: k-eff = 0.93422
Inactive cycle  35 /  60: k-eff = 0.93240
Inactive cycle  36 /  60: k-eff = 0.93739
Inactive cycle  37 /  60: k-eff = 0.92084
Inactive cycle  38 /  60: k-eff = 0.93009
Inactive cycle  39 /  60: k-eff = 0.92526
Inactive cycle  40 /  60: k-eff = 0.94136
Inactive cycle  41 /  60: k-eff = 0.94032
Inactive cycle  42 /  60: k-eff = 0.93694
Inactive cycle  43 /  60: k-eff = 0.94214
Inactive cycle  44 /  60: k-eff = 0.94266
Inactive cycle  45 /  60: k-eff = 0.93186
Inactive cycle  46 /  60: k-eff = 0.94738
Inactive cycle  47 /  60: k-eff = 0.92374
Inactive cycle  48 /  60: k-eff = 0.93178
Inactive cycle  49 /  60: k-eff = 0.92446
Inactive cycle  50 /  60: k-eff = 0.91633
Inactive cycle  51 /  60: k-eff = 0.95000
Inactive cycle  52 /  60: k-eff = 0.93452
Inactive cycle  53 /  60: k-eff = 0.94685
Inactive cycle  54 /  60: k-eff = 0.93379
Inactive cycle  55 /  60: k-eff = 0.92594
Inactive cycle  56 /  60: k-eff = 0.94196
Inactive cycle  57 /  60: k-eff = 0.94907
Inactive cycle  58 /  60: k-eff = 0.93579
Inactive cycle  59 /  60: k-eff = 0.93349
Inactive cycle  60 /  60: k-eff = 0.93564

----- Begin active cycles -----

------------------------------------------------------------

Serpent 2.1.30 -- Static criticality source simulation

Title: "NERTHUS" 

Active cycle    1 / 200  Source neutrons : 19916

Running time :                  0:02:12
Estimated running time :        0:09:34
Estimated running time left :   0:07:21

Estimated relative CPU usage :  2280.8%

k-eff (analog)    = 0.93171 +/- 0.00000  [0.93171  0.93171]
k-eff (implicit)  = 0.94081 +/- 0.00000  [0.94081  0.94081]

(O4) (U) (TMS) (OMP=23) 
------------------------------------------------------------
------------------------------------------------------------

Serpent 2.1.30 -- Static criticality source simulation

Title: "NERTHUS" 

Active cycle    2 / 200  Source neutrons : 20141

Running time :                  0:02:14
Estimated running time :        0:09:37
Estimated running time left :   0:07:22

Estimated relative CPU usage :  2280.2%

k-eff (analog)    = 0.93499 +/- 0.00328  [0.92856  0.94143]
k-eff (implicit)  = 0.93613 +/- 0.00468  [0.92696  0.94530]

(O4) (U) (TMS) (OMP=23) 
------------------------------------------------------------
------------------------------------------------------------

Serpent 2.1.30 -- Static criticality source simulation

Title: "NERTHUS" 

Active cycle    3 / 200  Source neutrons : 19760

Running time :                  0:02:16
Estimated running time :        0:09:36
Estimated running time left :   0:07:20

Estimated relative CPU usage :  2277.0%

k-eff (analog)    = 0.93234 +/- 0.00327  [0.92594  0.93874]
k-eff (implicit)  = 0.93678 +/- 0.00278  [0.93133  0.94223]

(O4) (U) (TMS) (OMP=23) 
------------------------------------------------------------
------------------------------------------------------------

Serpent 2.1.30 -- Static criticality source simulation

Title: "NERTHUS" 

Active cycle    4 / 200  Source neutrons : 20111

Running time :                  0:02:18
Estimated running time :        0:09:38
Estimated running time left :   0:07:19

Estimated relative CPU usage :  2277.1%

k-eff (analog)    = 0.93229 +/- 0.00231  [0.92777  0.93682]
k-eff (implicit)  = 0.93855 +/- 0.00264  [0.93337  0.94372]

(O4) (U) (TMS) (OMP=23) 
------------------------------------------------------------
------------------------------------------------------------

Serpent 2.1.30 -- Static criticality source simulation

Title: "NERTHUS" 

Active cycle    5 / 200  Source neutrons : 20165

Running time :                  0:02:21
Estimated running time :        0:09:39
Estimated running time left :   0:07:18

Estimated relative CPU usage :  2278.4%

k-eff (analog)    = 0.93381 +/- 0.00234  [0.92921  0.93840]
k-eff (implicit)  = 0.93986 +/- 0.00243  [0.93509  0.94462]

(O4) (U) (TMS) (OMP=23) 
------------------------------------------------------------
------------------------------------------------------------

Serpent 2.1.30 -- Static criticality source simulation

Title: "NERTHUS" 

Active cycle    6 / 200  Source neutrons : 19948

Running time :                  0:02:23
Estimated running time :        0:09:38
Estimated running time left :   0:07:15

Estimated relative CPU usage :  2280.7%

k-eff (analog)    = 0.93441 +/- 0.00200  [0.93048  0.93834]
k-eff (implicit)  = 0.93825 +/- 0.00256  [0.93323  0.94326]

(O4) (U) (TMS) (OMP=23) 
------------------------------------------------------------
------------------------------------------------------------

Serpent 2.1.30 -- Static criticality source simulation

Title: "NERTHUS" 

Active cycle    7 / 200  Source neutrons : 20149

Running time :                  0:02:25
Estimated running time :        0:09:38
Estimated running time left :   0:07:12

Estimated relative CPU usage :  2279.6%

k-eff (analog)    = 0.93583 +/- 0.00222  [0.93149  0.94018]
k-eff (implicit)  = 0.93657 +/- 0.00273  [0.93121  0.94193]

(O4) (U) (TMS) (OMP=23) 
------------------------------------------------------------
------------------------------------------------------------

Serpent 2.1.30 -- Static criticality source simulation

Title: "NERTHUS" 

Active cycle    8 / 200  Source neutrons : 19774

Running time :                  0:02:27
Estimated running time :        0:09:36
Estimated running time left :   0:07:09

Estimated relative CPU usage :  2286.2%

k-eff (analog)    = 0.93557 +/- 0.00194  [0.93177  0.93937]
k-eff (implicit)  = 0.93689 +/- 0.00239  [0.93220  0.94157]

(O4) (U) (TMS) (OMP=23) 
------------------------------------------------------------
------------------------------------------------------------

Serpent 2.1.30 -- Static criticality source simulation

Title: "NERTHUS" 

Active cycle    9 / 200  Source neutrons : 20363

Running time :                  0:02:30
Estimated running time :        0:09:38
Estimated running time left :   0:07:08

Estimated relative CPU usage :  2277.7%

k-eff (analog)    = 0.93725 +/- 0.00239  [0.93256  0.94194]
k-eff (implicit)  = 0.93779 +/- 0.00229  [0.93330  0.94229]

(O4) (U) (TMS) (OMP=23) 
------------------------------------------------------------
------------------------------------------------------------

Serpent 2.1.30 -- Static criticality source simulation

Title: "NERTHUS" 

Active cycle   10 / 200  Source neutrons : 19837

Running time :                  0:02:32
Estimated running time :        0:09:37
Estimated running time left :   0:07:04

Estimated relative CPU usage :  2284.9%

k-eff (analog)    = 0.93782 +/- 0.00222  [0.93347  0.94216]
k-eff (implicit)  = 0.93714 +/- 0.00215  [0.93292  0.94136]

(O4) (U) (TMS) (OMP=23) 
------------------------------------------------------------
------------------------------------------------------------

Serpent 2.1.30 -- Static criticality source simulation

Title: "NERTHUS" 

Active cycle   11 / 200  Source neutrons : 20026

Running time :                  0:02:34
Estimated running time :        0:09:38
Estimated running time left :   0:07:03

Estimated relative CPU usage :  2219.0%

k-eff (analog)    = 0.93839 +/- 0.00208  [0.93430  0.94248]
k-eff (implicit)  = 0.93726 +/- 0.00195  [0.93343  0.94108]

(O4) (U) (TMS) (OMP=23) 
------------------------------------------------------------
------------------------------------------------------------

Serpent 2.1.30 -- Static criticality source simulation

Title: "NERTHUS" 

Active cycle   12 / 200  Source neutrons : 19991

Running time :                  0:02:36
Estimated running time :        0:09:38
Estimated running time left :   0:07:01

Estimated relative CPU usage :  2263.0%

k-eff (analog)    = 0.93884 +/- 0.00195  [0.93500  0.94267]
k-eff (implicit)  = 0.93699 +/- 0.00180  [0.93346  0.94052]

(O4) (U) (TMS) (OMP=23) 
------------------------------------------------------------
------------------------------------------------------------

Serpent 2.1.30 -- Static criticality source simulation

Title: "NERTHUS" 

Active cycle   13 / 200  Source neutrons : 19830

Running time :                  0:02:39
Estimated running time :        0:09:38
Estimated running time left :   0:06:59

Estimated relative CPU usage :  2282.6%

k-eff (analog)    = 0.93859 +/- 0.00181  [0.93504  0.94215]
k-eff (implicit)  = 0.93759 +/- 0.00176  [0.93413  0.94105]

(O4) (U) (TMS) (OMP=23) 
------------------------------------------------------------
------------------------------------------------------------

Serpent 2.1.30 -- Static criticality source simulation

Title: "NERTHUS" 

Active cycle   14 / 200  Source neutrons : 19975

Running time :                  0:02:41
Estimated running time :        0:09:38
Estimated running time left :   0:06:56

Estimated relative CPU usage :  2285.1%

k-eff (analog)    = 0.93830 +/- 0.00170  [0.93496  0.94164]
k-eff (implicit)  = 0.93769 +/- 0.00164  [0.93448  0.94089]

(O4) (U) (TMS) (OMP=23) 
------------------------------------------------------------
------------------------------------------------------------

Serpent 2.1.30 -- Static criticality source simulation

Title: "NERTHUS" 

Active cycle   15 / 200  Source neutrons : 20148

Running time :                  0:02:43
Estimated running time :        0:09:38
Estimated running time left :   0:06:54

Estimated relative CPU usage :  2283.2%

k-eff (analog)    = 0.93851 +/- 0.00160  [0.93538  0.94165]
k-eff (implicit)  = 0.93782 +/- 0.00153  [0.93483  0.94082]

(O4) (U) (TMS) (OMP=23) 
------------------------------------------------------------
------------------------------------------------------------

Serpent 2.1.30 -- Static criticality source simulation

Title: "NERTHUS" 

Active cycle   16 / 200  Source neutrons : 20092

Running time :                  0:02:45
Estimated running time :        0:09:39
Estimated running time left :   0:06:53

Estimated relative CPU usage :  2223.8%

k-eff (analog)    = 0.93897 +/- 0.00156  [0.93590  0.94203]
k-eff (implicit)  = 0.93834 +/- 0.00152  [0.93536  0.94132]

(O4) (U) (TMS) (OMP=23) 
------------------------------------------------------------
------------------------------------------------------------

Serpent 2.1.30 -- Static criticality source simulation

Title: "NERTHUS" 

Active cycle   17 / 200  Source neutrons : 20179

Running time :                  0:02:48
Estimated running time :        0:09:39
Estimated running time left :   0:06:51

Estimated relative CPU usage :  2278.9%

k-eff (analog)    = 0.93987 +/- 0.00172  [0.93649  0.94324]
k-eff (implicit)  = 0.93836 +/- 0.00143  [0.93556  0.94116]

(O4) (U) (TMS) (OMP=23) 
------------------------------------------------------------
------------------------------------------------------------

Serpent 2.1.30 -- Static criticality source simulation

Title: "NERTHUS" 

Active cycle   18 / 200  Source neutrons : 19578

Running time :                  0:02:50
Estimated running time :        0:09:38
Estimated running time left :   0:06:48

Estimated relative CPU usage :  2281.3%

k-eff (analog)    = 0.93955 +/- 0.00166  [0.93630  0.94279]
k-eff (implicit)  = 0.93845 +/- 0.00135  [0.93580  0.94109]

(O4) (U) (TMS) (OMP=23) 
------------------------------------------------------------
------------------------------------------------------------

Serpent 2.1.30 -- Static criticality source simulation

Title: "NERTHUS" 

Active cycle   19 / 200  Source neutrons : 20149

Running time :                  0:02:52
Estimated running time :        0:09:38
Estimated running time left :   0:06:46

Estimated relative CPU usage :  2283.3%

k-eff (analog)    = 0.93963 +/- 0.00157  [0.93655  0.94270]
k-eff (implicit)  = 0.93826 +/- 0.00129  [0.93573  0.94079]

(O4) (U) (TMS) (OMP=23) 
------------------------------------------------------------
------------------------------------------------------------

Serpent 2.1.30 -- Static criticality source simulation

Title: "NERTHUS" 

Active cycle   20 / 200  Source neutrons : 19604

Running time :                  0:02:54
Estimated running time :        0:09:38
Estimated running time left :   0:06:43

Estimated relative CPU usage :  2281.1%

k-eff (analog)    = 0.93877 +/- 0.00172  [0.93540  0.94213]
k-eff (implicit)  = 0.93808 +/- 0.00124  [0.93566  0.94051]

(O4) (U) (TMS) (OMP=23) 
------------------------------------------------------------
------------------------------------------------------------

Serpent 2.1.30 -- Static criticality source simulation

Title: "NERTHUS" 

Active cycle   21 / 200  Source neutrons : 20269

Running time :                  0:02:57
Estimated running time :        0:09:38
Estimated running time left :   0:06:41

Estimated relative CPU usage :  2284.2%

k-eff (analog)    = 0.93858 +/- 0.00164  [0.93536  0.94180]
k-eff (implicit)  = 0.93797 +/- 0.00118  [0.93566  0.94029]

(O4) (U) (TMS) (OMP=23) 
------------------------------------------------------------
------------------------------------------------------------

Serpent 2.1.30 -- Static criticality source simulation

Title: "NERTHUS" 

Active cycle   22 / 200  Source neutrons : 20024

Running time :                  0:02:59
Estimated running time :        0:09:38
Estimated running time left :   0:06:39

Estimated relative CPU usage :  2283.2%

k-eff (analog)    = 0.93846 +/- 0.00157  [0.93538  0.94154]
k-eff (implicit)  = 0.93788 +/- 0.00113  [0.93566  0.94009]

(O4) (U) (TMS) (OMP=23) 
------------------------------------------------------------
------------------------------------------------------------

Serpent 2.1.30 -- Static criticality source simulation

Title: "NERTHUS" 

Active cycle   23 / 200  Source neutrons : 20061

Running time :                  0:03:01
Estimated running time :        0:09:38
Estimated running time left :   0:06:36

Estimated relative CPU usage :  2280.2%

k-eff (analog)    = 0.93848 +/- 0.00150  [0.93553  0.94142]
k-eff (implicit)  = 0.93784 +/- 0.00108  [0.93572  0.93996]

(O4) (U) (TMS) (OMP=23) 
------------------------------------------------------------
------------------------------------------------------------

Serpent 2.1.30 -- Static criticality source simulation

Title: "NERTHUS" 

Active cycle   24 / 200  Source neutrons : 20039

Running time :                  0:03:03
Estimated running time :        0:09:38
Estimated running time left :   0:06:34

Estimated relative CPU usage :  2273.4%

k-eff (analog)    = 0.93857 +/- 0.00144  [0.93574  0.94139]
k-eff (implicit)  = 0.93799 +/- 0.00105  [0.93594  0.94004]

(O4) (U) (TMS) (OMP=23) 
------------------------------------------------------------
------------------------------------------------------------

Serpent 2.1.30 -- Static criticality source simulation

Title: "NERTHUS" 

Active cycle   25 / 200  Source neutrons : 20337

Running time :                  0:03:06
Estimated running time :        0:09:38
Estimated running time left :   0:06:32

Estimated relative CPU usage :  2281.7%

k-eff (analog)    = 0.93928 +/- 0.00156  [0.93623  0.94234]
k-eff (implicit)  = 0.93761 +/- 0.00107  [0.93551  0.93971]

(O4) (U) (TMS) (OMP=23) 
------------------------------------------------------------
------------------------------------------------------------

Serpent 2.1.30 -- Static criticality source simulation

Title: "NERTHUS" 

Active cycle   26 / 200  Source neutrons : 19225

Running time :                  0:03:08
Estimated running time :        0:09:37
Estimated running time left :   0:06:29

Estimated relative CPU usage :  2275.8%

k-eff (analog)    = 0.93852 +/- 0.00168  [0.93523  0.94181]
k-eff (implicit)  = 0.93765 +/- 0.00103  [0.93563  0.93967]

(O4) (U) (TMS) (OMP=23) 
------------------------------------------------------------
------------------------------------------------------------

Serpent 2.1.30 -- Static criticality source simulation

Title: "NERTHUS" 

Active cycle   27 / 200  Source neutrons : 20294

Running time :                  0:03:10
Estimated running time :        0:09:38
Estimated running time left :   0:06:27

Estimated relative CPU usage :  2277.4%

k-eff (analog)    = 0.93831 +/- 0.00163  [0.93512  0.94151]
k-eff (implicit)  = 0.93743 +/- 0.00102  [0.93543  0.93942]

(O4) (U) (TMS) (OMP=23) 
------------------------------------------------------------
------------------------------------------------------------

Serpent 2.1.30 -- Static criticality source simulation

Title: "NERTHUS" 

Active cycle   28 / 200  Source neutrons : 19872

Running time :                  0:03:12
Estimated running time :        0:09:38
Estimated running time left :   0:06:25

Estimated relative CPU usage :  2288.8%

k-eff (analog)    = 0.93791 +/- 0.00162  [0.93473  0.94109]
k-eff (implicit)  = 0.93770 +/- 0.00102  [0.93571  0.93970]

(O4) (U) (TMS) (OMP=23) 
------------------------------------------------------------
------------------------------------------------------------

Serpent 2.1.30 -- Static criticality source simulation

Title: "NERTHUS" 

Active cycle   29 / 200  Source neutrons : 20552

Running time :                  0:03:14
Estimated running time :        0:09:38
Estimated running time left :   0:06:23

Estimated relative CPU usage :  2281.0%

k-eff (analog)    = 0.93842 +/- 0.00164  [0.93519  0.94164]
k-eff (implicit)  = 0.93761 +/- 0.00099  [0.93567  0.93954]

(O4) (U) (TMS) (OMP=23) 
------------------------------------------------------------
------------------------------------------------------------

Serpent 2.1.30 -- Static criticality source simulation

Title: "NERTHUS" 

Active cycle   30 / 200  Source neutrons : 19887

Running time :                  0:03:17
Estimated running time :        0:09:38
Estimated running time left :   0:06:20

Estimated relative CPU usage :  2277.2%

k-eff (analog)    = 0.93871 +/- 0.00162  [0.93554  0.94187]
k-eff (implicit)  = 0.93735 +/- 0.00099  [0.93541  0.93929]

(O4) (U) (TMS) (OMP=23) 
------------------------------------------------------------
------------------------------------------------------------

Serpent 2.1.30 -- Static criticality source simulation

Title: "NERTHUS" 

Active cycle   31 / 200  Source neutrons : 19680

Running time :                  0:03:19
Estimated running time :        0:09:37
Estimated running time left :   0:06:18

Estimated relative CPU usage :  2279.1%

k-eff (analog)    = 0.93849 +/- 0.00158  [0.93540  0.94158]
k-eff (implicit)  = 0.93729 +/- 0.00096  [0.93542  0.93917]

(O4) (U) (TMS) (OMP=23) 
------------------------------------------------------------
------------------------------------------------------------

Serpent 2.1.30 -- Static criticality source simulation

Title: "NERTHUS" 

Active cycle   32 / 200  Source neutrons : 20101

Running time :                  0:03:21
Estimated running time :        0:09:38
Estimated running time left :   0:06:16

Estimated relative CPU usage :  2286.0%

k-eff (analog)    = 0.93844 +/- 0.00153  [0.93544  0.94143]
k-eff (implicit)  = 0.93724 +/- 0.00093  [0.93541  0.93906]

(O4) (U) (TMS) (OMP=23) 
------------------------------------------------------------
------------------------------------------------------------

Serpent 2.1.30 -- Static criticality source simulation

Title: "NERTHUS" 

Active cycle   33 / 200  Source neutrons : 19706

Running time :                  0:03:23
Estimated running time :        0:09:37
Estimated running time left :   0:06:13

Estimated relative CPU usage :  2288.4%

k-eff (analog)    = 0.93797 +/- 0.00155  [0.93492  0.94101]
k-eff (implicit)  = 0.93730 +/- 0.00090  [0.93553  0.93907]

(O4) (U) (TMS) (OMP=23) 
------------------------------------------------------------
------------------------------------------------------------

Serpent 2.1.30 -- Static criticality source simulation

Title: "NERTHUS" 

Active cycle   34 / 200  Source neutrons : 20434

Running time :                  0:03:26
Estimated running time :        0:09:38
Estimated running time left :   0:06:12

Estimated relative CPU usage :  2276.6%

k-eff (analog)    = 0.93812 +/- 0.00151  [0.93515  0.94108]
k-eff (implicit)  = 0.93729 +/- 0.00088  [0.93557  0.93900]

(O4) (U) (TMS) (OMP=23) 
------------------------------------------------------------
------------------------------------------------------------

Serpent 2.1.30 -- Static criticality source simulation

Title: "NERTHUS" 

Active cycle   35 / 200  Source neutrons : 19864

Running time :                  0:03:28
Estimated running time :        0:09:38
Estimated running time left :   0:06:09

Estimated relative CPU usage :  2279.8%

k-eff (analog)    = 0.93807 +/- 0.00147  [0.93519  0.94096]
k-eff (implicit)  = 0.93748 +/- 0.00087  [0.93577  0.93919]

(O4) (U) (TMS) (OMP=23) 
------------------------------------------------------------
------------------------------------------------------------

Serpent 2.1.30 -- Static criticality source simulation

Title: "NERTHUS" 

Active cycle   36 / 200  Source neutrons : 20073

Running time :                  0:03:30
Estimated running time :        0:09:38
Estimated running time left :   0:06:07

Estimated relative CPU usage :  2287.0%

k-eff (analog)    = 0.93813 +/- 0.00143  [0.93532  0.94093]
k-eff (implicit)  = 0.93719 +/- 0.00089  [0.93544  0.93895]

(O4) (U) (TMS) (OMP=23) 
------------------------------------------------------------
------------------------------------------------------------

Serpent 2.1.30 -- Static criticality source simulation

Title: "NERTHUS" 

Active cycle   37 / 200  Source neutrons : 19715

Running time :                  0:03:32
Estimated running time :        0:09:38
Estimated running time left :   0:06:05

Estimated relative CPU usage :  2287.8%

k-eff (analog)    = 0.93781 +/- 0.00143  [0.93502  0.94061]
k-eff (implicit)  = 0.93712 +/- 0.00087  [0.93541  0.93883]

(O4) (U) (TMS) (OMP=23) 
------------------------------------------------------------
------------------------------------------------------------

Serpent 2.1.30 -- Static criticality source simulation

Title: "NERTHUS" 

Active cycle   38 / 200  Source neutrons : 20092

Running time :                  0:03:35
Estimated running time :        0:09:38
Estimated running time left :   0:06:02

Estimated relative CPU usage :  2283.4%

k-eff (analog)    = 0.93763 +/- 0.00140  [0.93489  0.94037]
k-eff (implicit)  = 0.93722 +/- 0.00085  [0.93554  0.93889]

(O4) (U) (TMS) (OMP=23) 
------------------------------------------------------------
------------------------------------------------------------

Serpent 2.1.30 -- Static criticality source simulation

Title: "NERTHUS" 

Active cycle   39 / 200  Source neutrons : 20079

Running time :                  0:03:37
Estimated running time :        0:09:38
Estimated running time left :   0:06:00

Estimated relative CPU usage :  2283.0%

k-eff (analog)    = 0.93755 +/- 0.00137  [0.93487  0.94023]
k-eff (implicit)  = 0.93741 +/- 0.00085  [0.93573  0.93908]

(O4) (U) (TMS) (OMP=23) 
------------------------------------------------------------
------------------------------------------------------------

Serpent 2.1.30 -- Static criticality source simulation

Title: "NERTHUS" 

Active cycle   40 / 200  Source neutrons : 20196

Running time :                  0:03:39
Estimated running time :        0:09:38
Estimated running time left :   0:05:58

Estimated relative CPU usage :  2284.3%

k-eff (analog)    = 0.93771 +/- 0.00134  [0.93508  0.94033]
k-eff (implicit)  = 0.93748 +/- 0.00084  [0.93584  0.93912]

(O4) (U) (TMS) (OMP=23) 
------------------------------------------------------------
------------------------------------------------------------

Serpent 2.1.30 -- Static criticality source simulation

Title: "NERTHUS" 

Active cycle   41 / 200  Source neutrons : 19788

Running time :                  0:03:41
Estimated running time :        0:09:38
Estimated running time left :   0:05:56

Estimated relative CPU usage :  2282.8%

k-eff (analog)    = 0.93761 +/- 0.00131  [0.93504  0.94018]
k-eff (implicit)  = 0.93737 +/- 0.00082  [0.93575  0.93898]

(O4) (U) (TMS) (OMP=23) 
------------------------------------------------------------
------------------------------------------------------------

Serpent 2.1.30 -- Static criticality source simulation

Title: "NERTHUS" 

Active cycle   42 / 200  Source neutrons : 20002

Running time :                  0:03:44
Estimated running time :        0:09:38
Estimated running time left :   0:05:54

Estimated relative CPU usage :  2282.4%

k-eff (analog)    = 0.93752 +/- 0.00128  [0.93500  0.94003]
k-eff (implicit)  = 0.93731 +/- 0.00081  [0.93573  0.93889]

(O4) (U) (TMS) (OMP=23) 
------------------------------------------------------------
------------------------------------------------------------

Serpent 2.1.30 -- Static criticality source simulation

Title: "NERTHUS" 

Active cycle   43 / 200  Source neutrons : 20328

Running time :                  0:03:46
Estimated running time :        0:09:38
Estimated running time left :   0:05:51

Estimated relative CPU usage :  2282.0%

k-eff (analog)    = 0.93779 +/- 0.00128  [0.93528  0.94030]
k-eff (implicit)  = 0.93741 +/- 0.00079  [0.93586  0.93897]

(O4) (U) (TMS) (OMP=23) 
------------------------------------------------------------
------------------------------------------------------------

Serpent 2.1.30 -- Static criticality source simulation

Title: "NERTHUS" 

Active cycle   44 / 200  Source neutrons : 20025

Running time :                  0:03:48
Estimated running time :        0:09:38
Estimated running time left :   0:05:49

Estimated relative CPU usage :  2287.3%

k-eff (analog)    = 0.93807 +/- 0.00128  [0.93556  0.94059]
k-eff (implicit)  = 0.93741 +/- 0.00078  [0.93589  0.93893]

(O4) (U) (TMS) (OMP=23) 
------------------------------------------------------------
------------------------------------------------------------

Serpent 2.1.30 -- Static criticality source simulation

Title: "NERTHUS" 

Active cycle   45 / 200  Source neutrons : 19431

Running time :                  0:03:50
Estimated running time :        0:09:38
Estimated running time left :   0:05:47

Estimated relative CPU usage :  2288.7%

k-eff (analog)    = 0.93774 +/- 0.00130  [0.93520  0.94028]
k-eff (implicit)  = 0.93754 +/- 0.00077  [0.93603  0.93905]

(O4) (U) (TMS) (OMP=23) 
------------------------------------------------------------
------------------------------------------------------------

Serpent 2.1.30 -- Static criticality source simulation

Title: "NERTHUS" 

Active cycle   46 / 200  Source neutrons : 20620

Running time :                  0:03:53
Estimated running time :        0:09:38
Estimated running time left :   0:05:45

Estimated relative CPU usage :  2286.8%

k-eff (analog)    = 0.93805 +/- 0.00130  [0.93549  0.94061]
k-eff (implicit)  = 0.93745 +/- 0.00076  [0.93597  0.93893]

(O4) (U) (TMS) (OMP=23) 
------------------------------------------------------------
------------------------------------------------------------

Serpent 2.1.30 -- Static criticality source simulation

Title: "NERTHUS" 

Active cycle   47 / 200  Source neutrons : 19641

Running time :                  0:03:55
Estimated running time :        0:09:38
Estimated running time left :   0:05:42

Estimated relative CPU usage :  2283.8%

k-eff (analog)    = 0.93798 +/- 0.00128  [0.93547  0.94049]
k-eff (implicit)  = 0.93749 +/- 0.00074  [0.93603  0.93894]

(O4) (U) (TMS) (OMP=23) 
------------------------------------------------------------
------------------------------------------------------------

Serpent 2.1.30 -- Static criticality source simulation

Title: "NERTHUS" 

Active cycle   48 / 200  Source neutrons : 20180

Running time :                  0:03:57
Estimated running time :        0:09:38
Estimated running time left :   0:05:40

Estimated relative CPU usage :  2291.3%

k-eff (analog)    = 0.93809 +/- 0.00126  [0.93563  0.94055]
k-eff (implicit)  = 0.93741 +/- 0.00073  [0.93597  0.93884]

(O4) (U) (TMS) (OMP=23) 
------------------------------------------------------------
------------------------------------------------------------

Serpent 2.1.30 -- Static criticality source simulation

Title: "NERTHUS" 

Active cycle   49 / 200  Source neutrons : 19789

Running time :                  0:03:59
Estimated running time :        0:09:38
Estimated running time left :   0:05:38

Estimated relative CPU usage :  2279.2%

k-eff (analog)    = 0.93799 +/- 0.00123  [0.93557  0.94041]
k-eff (implicit)  = 0.93741 +/- 0.00072  [0.93600  0.93881]

(O4) (U) (TMS) (OMP=23) 
------------------------------------------------------------
------------------------------------------------------------

Serpent 2.1.30 -- Static criticality source simulation

Title: "NERTHUS" 

Active cycle   50 / 200  Source neutrons : 20207

Running time :                  0:04:02
Estimated running time :        0:09:38
Estimated running time left :   0:05:36

Estimated relative CPU usage :  2277.9%

k-eff (analog)    = 0.93809 +/- 0.00121  [0.93571  0.94047]
k-eff (implicit)  = 0.93737 +/- 0.00070  [0.93600  0.93875]

(O4) (U) (TMS) (OMP=23) 
------------------------------------------------------------
------------------------------------------------------------

Serpent 2.1.30 -- Static criticality source simulation

Title: "NERTHUS" 

Active cycle   51 / 200  Source neutrons : 19865

Running time :                  0:04:04
Estimated running time :        0:09:38
Estimated running time left :   0:05:33

Estimated relative CPU usage :  2274.7%

k-eff (analog)    = 0.93806 +/- 0.00119  [0.93573  0.94039]
k-eff (implicit)  = 0.93741 +/- 0.00069  [0.93606  0.93876]

(O4) (U) (TMS) (OMP=23) 
------------------------------------------------------------
------------------------------------------------------------

Serpent 2.1.30 -- Static criticality source simulation

Title: "NERTHUS" 

Active cycle   52 / 200  Source neutrons : 20252

Running time :                  0:04:06
Estimated running time :        0:09:38
Estimated running time left :   0:05:31

Estimated relative CPU usage :  2278.3%

k-eff (analog)    = 0.93826 +/- 0.00118  [0.93594  0.94058]
k-eff (implicit)  = 0.93739 +/- 0.00068  [0.93606  0.93871]

(O4) (U) (TMS) (OMP=23) 
------------------------------------------------------------
------------------------------------------------------------

Serpent 2.1.30 -- Static criticality source simulation

Title: "NERTHUS" 

Active cycle   53 / 200  Source neutrons : 19994

Running time :                  0:04:08
Estimated running time :        0:09:38
Estimated running time left :   0:05:29

Estimated relative CPU usage :  2286.2%

k-eff (analog)    = 0.93844 +/- 0.00118  [0.93614  0.94074]
k-eff (implicit)  = 0.93734 +/- 0.00066  [0.93604  0.93865]

(O4) (U) (TMS) (OMP=23) 
------------------------------------------------------------
------------------------------------------------------------

Serpent 2.1.30 -- Static criticality source simulation

Title: "NERTHUS" 

Active cycle   54 / 200  Source neutrons : 19776

Running time :                  0:04:11
Estimated running time :        0:09:38
Estimated running time left :   0:05:27

Estimated relative CPU usage :  2281.2%

k-eff (analog)    = 0.93842 +/- 0.00115  [0.93616  0.94068]
k-eff (implicit)  = 0.93747 +/- 0.00066  [0.93617  0.93877]

(O4) (U) (TMS) (OMP=23) 
------------------------------------------------------------
------------------------------------------------------------

Serpent 2.1.30 -- Static criticality source simulation

Title: "NERTHUS" 

Active cycle   55 / 200  Source neutrons : 20179

Running time :                  0:04:13
Estimated running time :        0:09:38
Estimated running time left :   0:05:25

Estimated relative CPU usage :  2289.6%

k-eff (analog)    = 0.93856 +/- 0.00114  [0.93632  0.94079]
k-eff (implicit)  = 0.93761 +/- 0.00067  [0.93630  0.93891]

(O4) (U) (TMS) (OMP=23) 
------------------------------------------------------------
------------------------------------------------------------

Serpent 2.1.30 -- Static criticality source simulation

Title: "NERTHUS" 

Active cycle   56 / 200  Source neutrons : 20135

Running time :                  0:04:15
Estimated running time :        0:09:38
Estimated running time left :   0:05:22

Estimated relative CPU usage :  2281.9%

k-eff (analog)    = 0.93880 +/- 0.00115  [0.93655  0.94105]
k-eff (implicit)  = 0.93755 +/- 0.00066  [0.93626  0.93884]

(O4) (U) (TMS) (OMP=23) 
------------------------------------------------------------
------------------------------------------------------------

Serpent 2.1.30 -- Static criticality source simulation

Title: "NERTHUS" 

Active cycle   57 / 200  Source neutrons : 20029

Running time :                  0:04:17
Estimated running time :        0:09:38
Estimated running time left :   0:05:20

Estimated relative CPU usage :  2287.6%

k-eff (analog)    = 0.93906 +/- 0.00116  [0.93680  0.94133]
k-eff (implicit)  = 0.93748 +/- 0.00065  [0.93621  0.93876]

(O4) (U) (TMS) (OMP=23) 
------------------------------------------------------------
------------------------------------------------------------

Serpent 2.1.30 -- Static criticality source simulation

Title: "NERTHUS" 

Active cycle   58 / 200  Source neutrons : 19580

Running time :                  0:04:19
Estimated running time :        0:09:38
Estimated running time left :   0:05:18

Estimated relative CPU usage :  2290.0%

k-eff (analog)    = 0.93897 +/- 0.00114  [0.93673  0.94120]
k-eff (implicit)  = 0.93748 +/- 0.00064  [0.93623  0.93873]

(O4) (U) (TMS) (OMP=23) 
------------------------------------------------------------
------------------------------------------------------------

Serpent 2.1.30 -- Static criticality source simulation

Title: "NERTHUS" 

Active cycle   59 / 200  Source neutrons : 20303

Running time :                  0:04:22
Estimated running time :        0:09:38
Estimated running time left :   0:05:16

Estimated relative CPU usage :  2284.0%

k-eff (analog)    = 0.93911 +/- 0.00113  [0.93690  0.94133]
k-eff (implicit)  = 0.93740 +/- 0.00063  [0.93616  0.93864]

(O4) (U) (TMS) (OMP=23) 
------------------------------------------------------------
------------------------------------------------------------

Serpent 2.1.30 -- Static criticality source simulation

Title: "NERTHUS" 

Active cycle   60 / 200  Source neutrons : 19580

Running time :                  0:04:24
Estimated running time :        0:09:38
Estimated running time left :   0:05:13

Estimated relative CPU usage :  2281.9%

k-eff (analog)    = 0.93893 +/- 0.00113  [0.93672  0.94113]
k-eff (implicit)  = 0.93735 +/- 0.00062  [0.93613  0.93857]

(O4) (U) (TMS) (OMP=23) 
------------------------------------------------------------
------------------------------------------------------------

Serpent 2.1.30 -- Static criticality source simulation

Title: "NERTHUS" 

Active cycle   61 / 200  Source neutrons : 20234

Running time :                  0:04:26
Estimated running time :        0:09:38
Estimated running time left :   0:05:11

Estimated relative CPU usage :  2283.1%

k-eff (analog)    = 0.93892 +/- 0.00111  [0.93675  0.94109]
k-eff (implicit)  = 0.93738 +/- 0.00061  [0.93617  0.93858]

(O4) (U) (TMS) (OMP=23) 
------------------------------------------------------------
------------------------------------------------------------

Serpent 2.1.30 -- Static criticality source simulation

Title: "NERTHUS" 

Active cycle   62 / 200  Source neutrons : 19994

Running time :                  0:04:28
Estimated running time :        0:09:38
Estimated running time left :   0:05:09

Estimated relative CPU usage :  2282.7%

k-eff (analog)    = 0.93891 +/- 0.00109  [0.93678  0.94105]
k-eff (implicit)  = 0.93743 +/- 0.00061  [0.93624  0.93862]

(O4) (U) (TMS) (OMP=23) 
------------------------------------------------------------
------------------------------------------------------------

Serpent 2.1.30 -- Static criticality source simulation

Title: "NERTHUS" 

Active cycle   63 / 200  Source neutrons : 20181

Running time :                  0:04:31
Estimated running time :        0:09:38
Estimated running time left :   0:05:07

Estimated relative CPU usage :  2278.6%

k-eff (analog)    = 0.93904 +/- 0.00108  [0.93692  0.94116]
k-eff (implicit)  = 0.93752 +/- 0.00060  [0.93634  0.93870]

(O4) (U) (TMS) (OMP=23) 
------------------------------------------------------------
------------------------------------------------------------

Serpent 2.1.30 -- Static criticality source simulation

Title: "NERTHUS" 

Active cycle   64 / 200  Source neutrons : 20029

Running time :                  0:04:33
Estimated running time :        0:09:38
Estimated running time left :   0:05:04

Estimated relative CPU usage :  2287.0%

k-eff (analog)    = 0.93918 +/- 0.00107  [0.93708  0.94129]
k-eff (implicit)  = 0.93757 +/- 0.00060  [0.93640  0.93873]

(O4) (U) (TMS) (OMP=23) 
------------------------------------------------------------
------------------------------------------------------------

Serpent 2.1.30 -- Static criticality source simulation

Title: "NERTHUS" 

Active cycle   65 / 200  Source neutrons : 19766

Running time :                  0:04:35
Estimated running time :        0:09:38
Estimated running time left :   0:05:02

Estimated relative CPU usage :  2262.4%

k-eff (analog)    = 0.93915 +/- 0.00106  [0.93708  0.94122]
k-eff (implicit)  = 0.93767 +/- 0.00060  [0.93650  0.93884]

(O4) (U) (TMS) (OMP=23) 
------------------------------------------------------------
------------------------------------------------------------

Serpent 2.1.30 -- Static criticality source simulation

Title: "NERTHUS" 

Active cycle   66 / 200  Source neutrons : 20144

Running time :                  0:04:37
Estimated running time :        0:09:38
Estimated running time left :   0:05:00

Estimated relative CPU usage :  2285.8%

k-eff (analog)    = 0.93922 +/- 0.00104  [0.93718  0.94127]
k-eff (implicit)  = 0.93765 +/- 0.00059  [0.93650  0.93880]

(O4) (U) (TMS) (OMP=23) 
------------------------------------------------------------
------------------------------------------------------------

Serpent 2.1.30 -- Static criticality source simulation

Title: "NERTHUS" 

Active cycle   67 / 200  Source neutrons : 20005

Running time :                  0:04:40
Estimated running time :        0:09:38
Estimated running time left :   0:04:58

Estimated relative CPU usage :  2283.9%

k-eff (analog)    = 0.93930 +/- 0.00103  [0.93728  0.94132]
k-eff (implicit)  = 0.93769 +/- 0.00058  [0.93655  0.93882]

(O4) (U) (TMS) (OMP=23) 
------------------------------------------------------------
------------------------------------------------------------

Serpent 2.1.30 -- Static criticality source simulation

Title: "NERTHUS" 

Active cycle   68 / 200  Source neutrons : 20153

Running time :                  0:04:42
Estimated running time :        0:09:38
Estimated running time left :   0:04:56

Estimated relative CPU usage :  2286.3%

k-eff (analog)    = 0.93948 +/- 0.00103  [0.93746  0.94149]
k-eff (implicit)  = 0.93771 +/- 0.00057  [0.93659  0.93883]

(O4) (U) (TMS) (OMP=23) 
------------------------------------------------------------
------------------------------------------------------------

Serpent 2.1.30 -- Static criticality source simulation

Title: "NERTHUS" 

Active cycle   69 / 200  Source neutrons : 19766

Running time :                  0:04:44
Estimated running time :        0:09:38
Estimated running time left :   0:04:53

Estimated relative CPU usage :  2284.0%

k-eff (analog)    = 0.93949 +/- 0.00102  [0.93750  0.94148]
k-eff (implicit)  = 0.93760 +/- 0.00057  [0.93648  0.93872]

(O4) (U) (TMS) (OMP=23) 
------------------------------------------------------------
------------------------------------------------------------

Serpent 2.1.30 -- Static criticality source simulation

Title: "NERTHUS" 

Active cycle   70 / 200  Source neutrons : 19701

Running time :                  0:04:46
Estimated running time :        0:09:38
Estimated running time left :   0:04:51

Estimated relative CPU usage :  2279.6%

k-eff (analog)    = 0.93930 +/- 0.00102  [0.93730  0.94129]
k-eff (implicit)  = 0.93752 +/- 0.00057  [0.93640  0.93863]

(O4) (U) (TMS) (OMP=23) 
------------------------------------------------------------
------------------------------------------------------------

Serpent 2.1.30 -- Static criticality source simulation

Title: "NERTHUS" 

Active cycle   71 / 200  Source neutrons : 20147

Running time :                  0:04:49
Estimated running time :        0:09:38
Estimated running time left :   0:04:49

Estimated relative CPU usage :  2285.9%

k-eff (analog)    = 0.93921 +/- 0.00101  [0.93723  0.94118]
k-eff (implicit)  = 0.93747 +/- 0.00056  [0.93637  0.93858]

(O4) (U) (TMS) (OMP=23) 
------------------------------------------------------------
------------------------------------------------------------

Serpent 2.1.30 -- Static criticality source simulation

Title: "NERTHUS" 

Active cycle   72 / 200  Source neutrons : 19936

Running time :                  0:04:51
Estimated running time :        0:09:38
Estimated running time left :   0:04:46

Estimated relative CPU usage :  2287.4%

k-eff (analog)    = 0.93908 +/- 0.00100  [0.93712  0.94104]
k-eff (implicit)  = 0.93747 +/- 0.00056  [0.93638  0.93856]

(O4) (U) (TMS) (OMP=23) 
------------------------------------------------------------
------------------------------------------------------------

Serpent 2.1.30 -- Static criticality source simulation

Title: "NERTHUS" 

Active cycle   73 / 200  Source neutrons : 19935

Running time :                  0:04:53
Estimated running time :        0:09:38
Estimated running time left :   0:04:44

Estimated relative CPU usage :  2246.9%

k-eff (analog)    = 0.93891 +/- 0.00100  [0.93695  0.94088]
k-eff (implicit)  = 0.93737 +/- 0.00056  [0.93627  0.93846]

(O4) (U) (TMS) (OMP=23) 
------------------------------------------------------------
------------------------------------------------------------

Serpent 2.1.30 -- Static criticality source simulation

Title: "NERTHUS" 

Active cycle   74 / 200  Source neutrons : 19903

Running time :                  0:04:55
Estimated running time :        0:09:38
Estimated running time left :   0:04:42

Estimated relative CPU usage :  2271.6%

k-eff (analog)    = 0.93869 +/- 0.00101  [0.93671  0.94068]
k-eff (implicit)  = 0.93730 +/- 0.00055  [0.93622  0.93839]

(O4) (U) (TMS) (OMP=23) 
------------------------------------------------------------
------------------------------------------------------------

Serpent 2.1.30 -- Static criticality source simulation

Title: "NERTHUS" 

Active cycle   75 / 200  Source neutrons : 20182

Running time :                  0:04:58
Estimated running time :        0:09:38
Estimated running time left :   0:04:40

Estimated relative CPU usage :  2278.3%

k-eff (analog)    = 0.93859 +/- 0.00100  [0.93662  0.94056]
k-eff (implicit)  = 0.93732 +/- 0.00055  [0.93625  0.93840]

(O4) (U) (TMS) (OMP=23) 
------------------------------------------------------------
------------------------------------------------------------

Serpent 2.1.30 -- Static criticality source simulation

Title: "NERTHUS" 

Active cycle   76 / 200  Source neutrons : 20206

Running time :                  0:05:00
Estimated running time :        0:09:38
Estimated running time left :   0:04:38

Estimated relative CPU usage :  2281.0%

k-eff (analog)    = 0.93861 +/- 0.00099  [0.93667  0.94056]
k-eff (implicit)  = 0.93728 +/- 0.00054  [0.93622  0.93834]

(O4) (U) (TMS) (OMP=23) 
------------------------------------------------------------
------------------------------------------------------------

Serpent 2.1.30 -- Static criticality source simulation

Title: "NERTHUS" 

Active cycle   77 / 200  Source neutrons : 20039

Running time :                  0:05:02
Estimated running time :        0:09:38
Estimated running time left :   0:04:35

Estimated relative CPU usage :  2282.9%

k-eff (analog)    = 0.93866 +/- 0.00098  [0.93674  0.94058]
k-eff (implicit)  = 0.93721 +/- 0.00054  [0.93616  0.93827]

(O4) (U) (TMS) (OMP=23) 
------------------------------------------------------------
------------------------------------------------------------

Serpent 2.1.30 -- Static criticality source simulation

Title: "NERTHUS" 

Active cycle   78 / 200  Source neutrons : 19918

Running time :                  0:05:04
Estimated running time :        0:09:38
Estimated running time left :   0:04:33

Estimated relative CPU usage :  2264.4%

k-eff (analog)    = 0.93866 +/- 0.00097  [0.93676  0.94055]
k-eff (implicit)  = 0.93719 +/- 0.00053  [0.93615  0.93823]

(O4) (U) (TMS) (OMP=23) 
------------------------------------------------------------
------------------------------------------------------------

Serpent 2.1.30 -- Static criticality source simulation

Title: "NERTHUS" 

Active cycle   79 / 200  Source neutrons : 19911

Running time :                  0:05:07
Estimated running time :        0:09:38
Estimated running time left :   0:04:31

Estimated relative CPU usage :  2250.7%

k-eff (analog)    = 0.93860 +/- 0.00096  [0.93673  0.94048]
k-eff (implicit)  = 0.93717 +/- 0.00053  [0.93614  0.93820]

(O4) (U) (TMS) (OMP=23) 
------------------------------------------------------------
------------------------------------------------------------

Serpent 2.1.30 -- Static criticality source simulation

Title: "NERTHUS" 

Active cycle   80 / 200  Source neutrons : 19744

Running time :                  0:05:09
Estimated running time :        0:09:38
Estimated running time left :   0:04:29

Estimated relative CPU usage :  2251.7%

k-eff (analog)    = 0.93840 +/- 0.00097  [0.93650  0.94029]
k-eff (implicit)  = 0.93713 +/- 0.00052  [0.93611  0.93815]

(O4) (U) (TMS) (OMP=23) 
------------------------------------------------------------
------------------------------------------------------------

Serpent 2.1.30 -- Static criticality source simulation

Title: "NERTHUS" 

Active cycle   81 / 200  Source neutrons : 20043

Running time :                  0:05:11
Estimated running time :        0:09:38
Estimated running time left :   0:04:27

Estimated relative CPU usage :  2180.1%

k-eff (analog)    = 0.93822 +/- 0.00097  [0.93632  0.94013]
k-eff (implicit)  = 0.93706 +/- 0.00052  [0.93604  0.93808]

(O4) (U) (TMS) (OMP=23) 
------------------------------------------------------------
------------------------------------------------------------

Serpent 2.1.30 -- Static criticality source simulation

Title: "NERTHUS" 

Active cycle   82 / 200  Source neutrons : 20389

Running time :                  0:05:14
Estimated running time :        0:09:38
Estimated running time left :   0:04:24

Estimated relative CPU usage :  2266.8%

k-eff (analog)    = 0.93827 +/- 0.00096  [0.93639  0.94015]
k-eff (implicit)  = 0.93707 +/- 0.00051  [0.93607  0.93808]

(O4) (U) (TMS) (OMP=23) 
------------------------------------------------------------
