
  _                   .-=-.           .-=-.          .-==-.       
 { }      __        .' O o '.       .' O o '.       /  -<' )--<   
 { }    .' O'.     / o .-. O \     / o .-. O \     /  .---`       
 { }   / .-. o\   /O  /   \  o\   /O  /   \  o\   /O /            
  \ `-` /   \ O`-'o  /     \  O`-'o  /     \  O`-`o /             
   `-.-`     '.____.'       `._____.'       `.____.'              

Serpent 2 beta

A Continuous-energy Monte Carlo Reactor Physics Burnup Calculation Code

 - Version 2.1.32 (February 24, 2021) -- Contact: serpent@vtt.fi

 - Reference: J. Leppanen, et al. "The Serpent Monte Carlo code: Status,
              development and applications in 2013." Ann. Nucl. Energy,
              82 (2015) 142-150.

 - Compiled Feb 20 2022 15:51:04

 - MPI Parallel calculation mode available

 - OpenMP Parallel calculation mode available

 - Geometry and mesh plotting available

 - Default data path set to: "/opt/serpent/xsdata"

 - Full command used to run Serpent:

   sss2 -omp 20 nerthus

Begin calculation on Tue Apr  5 12:12:14 2022 at pop-os

Reading input file "nerthus"...

Checking duplicate input definitions...
OK.

Dividing burnable materials...
OK.

Creating geometry...
OK.

Counting geometry zones...

The geometry consists of 3 levels:

Level 0 size: max 18 zones
Level 1 size: max 289 zones
Level 2 size: max 8 zones

Processing cells...
OK.

Linking materials to geometry...
OK.

Processing detector definitions...
Allocating RESMAT matrices and associated arrays...
OK.

Counting cells...
OK.

Processing data for group constant generation:

 - 70 energy groups in micro-group structure
 - 2 energy groups in macro-group structure
 - B1 fundamental mode calculation is not run
 - Group constants generated in 1 universes
 - Discontinuity factors are not calculated
 - Pin-power distributions are not calculated
 - Albedos are not calculated
 - Poison cross sections are not calculated

Reading ACE directory files...
OK.

Reading neutron-induced fission yields...
OK.

Adding nuclides in material fuelsalt...

Nuclide   3006.09c -- lithium 6 at 900K (Li-6)
Nuclide   3007.09c -- lithium 7 at 900K (Li-7)
Nuclide   4009.09c -- beryllium 9 at 900K (Be-9)
Nuclide   9019.09c -- fluorine 19 at 900K (F-19)
Nuclide  92234.09c -- uranium 234 at 900K (U-234)
Nuclide  92235.09c -- uranium 235 at 900K (U-235)
Nuclide  92236.09c -- uranium 236 at 900K (U-236)
Nuclide  92238.09c -- uranium 238 at 900K (U-238)

Adding nuclides in material sus316_stainless_steel...

Nuclide   6000.09c -- natural carbon at 900K (C-nat)
Nuclide   7014.09c -- nitrogen 14 at 900K (N-14)
Nuclide  14000.09c -- natural silicon at 900K (Si-nat)
Nuclide  15031.09c -- phosphorus 31 at 900K (P-31)
Nuclide  16000.09c -- natural sulfur at 900K (S-nat)
Nuclide  24000.09c -- natural chromium at 900K (Cr-nat)
Nuclide  25055.09c -- manganese 55 at 900K (Mn-55)
Nuclide  26000.09c -- natural iron at 900K (Fe-nat)
Nuclide  28000.09c -- natural nickel at 900K (Ni-nat)
Nuclide  42000.09c -- natural molybdenum at 900K (Mo-nat)

Adding nuclides in material B4C_shield...

Nuclide   5010.09c -- boron 10 at 900K (B-10)
Nuclide   5011.09c -- boron 11 at 900K (B-11)

Adding nuclides in material graphite...

Nuclide   6000.09c -- natural carbon at 900K (C-nat)
Nuclide   5010.09c -- boron 10 at 900K (B-10)
Nuclide   5011.09c -- boron 11 at 900K (B-11)

Setting majorant temperatures for TMS:

Material graphite at 950.0K

Running Doppler-broadening preprocessor:

Adjusting nuclide   6000.09c temperature from 900K to 950K...
Adjusting nuclide   5010.09c temperature from 900K to 950K...
Adjusting nuclide   5011.09c temperature from 900K to 950K...

Adding thermal scattering data...

Nuclide   gre7.04t -- natural carbon at 400K (C-nat)
Nuclide   gre7.08t -- natural carbon at 500K (C-nat)
Nuclide   gre7.12t -- natural carbon at 600K (C-nat)
Nuclide   gre7.16t -- natural carbon at 700K (C-nat)
Nuclide   gre7.18t -- natural carbon at 800K (C-nat)
Nuclide   gre7.22t -- natural carbon at 1200K (C-nat)

Checking data and printing output...
OK.

Generating unionize energy grids...

Adding points:

  3006.09c -- Points added in neutron grid: 520
  3007.09c -- Points added in neutron grid: 86
  4009.09c -- Points added in neutron grid: 101
  5010.09c -- Points added in neutron grid: 219
  5010.09c -- Points added in neutron grid: 0
  5011.09c -- Points added in neutron grid: 2610
  5011.09c -- Points added in neutron grid: 0
  6000.09c -- Points added in neutron grid: 582
  6000.09c -- Points added in neutron grid: 0
  6000.09s -- Points added in neutron grid: 0
  7014.09c -- Points added in neutron grid: 1017
  9019.09c -- Points added in neutron grid: 1046
 14000.09c -- Points added in neutron grid: 2629
 15031.09c -- Points added in neutron grid: 152
 16000.09c -- Points added in neutron grid: 6083
 24000.09c -- Points added in neutron grid: 5459
 25055.09c -- Points added in neutron grid: 4457
 26000.09c -- Points added in neutron grid: 10877
 28000.09c -- Points added in neutron grid: 19164
 42000.09c -- Points added in neutron grid: 2548
 92234.09c -- Points added in neutron grid: 8374
 92235.09c -- Points added in neutron grid: 25110
 92236.09c -- Points added in neutron grid: 7824
 92238.09c -- Points added in neutron grid: 54093
  gre7.04t -- Points added in neutron grid: 1244
  gre7.08t -- Points added in neutron grid: 2
  gre7.12t -- Points added in neutron grid: 2
  gre7.16t -- Points added in neutron grid: 2
  gre7.18t -- Points added in neutron grid: 2
  gre7.22t -- Points added in neutron grid: 2

Generating unionized energy grid:

 - Unionization performed without grid thinning
   between 1.00E-11 and 20.0 MeV.

 - Final neutron grid size: 154037 points.

 - 8.58 Mb of memory allocated for grid data

OK.

Processing cross sections and ENDF reaction laws...

Nuclide   3006.09c -- lithium 6 at 900K (Li-6)
Nuclide   3007.09c -- lithium 7 at 900K (Li-7)
Nuclide   4009.09c -- beryllium 9 at 900K (Be-9)
Nuclide   5010.09c -- boron 10 at 900K (B-10)
Nuclide   5010.09c -- boron 10 at 950K (B-10)
Nuclide   5011.09c -- boron 11 at 900K (B-11)
Nuclide   5011.09c -- boron 11 at 950K (B-11)
Nuclide   6000.09c -- natural carbon at 900K (C-nat)
Nuclide   6000.09c -- natural carbon at 950K (C-nat)
Nuclide   6000.09s -- natural carbon at 950K (C-nat)
Nuclide   7014.09c -- nitrogen 14 at 900K (N-14)
Nuclide   9019.09c -- fluorine 19 at 900K (F-19)
Nuclide  14000.09c -- natural silicon at 900K (Si-nat)
Nuclide  15031.09c -- phosphorus 31 at 900K (P-31)
Nuclide  16000.09c -- natural sulfur at 900K (S-nat)
Nuclide  24000.09c -- natural chromium at 900K (Cr-nat)
Nuclide  25055.09c -- manganese 55 at 900K (Mn-55)
Nuclide  26000.09c -- natural iron at 900K (Fe-nat)
Nuclide  28000.09c -- natural nickel at 900K (Ni-nat)
Nuclide  42000.09c -- natural molybdenum at 900K (Mo-nat)
Nuclide  92234.09c -- uranium 234 at 900K (U-234)
Nuclide  92235.09c -- uranium 235 at 900K (U-235)
Nuclide  92236.09c -- uranium 236 at 900K (U-236)
Nuclide  92238.09c -- uranium 238 at 900K (U-238)
Nuclide   gre7.04t -- natural carbon at 400K (C-nat)
Nuclide   gre7.08t -- natural carbon at 500K (C-nat)
Nuclide   gre7.12t -- natural carbon at 600K (C-nat)
Nuclide   gre7.16t -- natural carbon at 700K (C-nat)
Nuclide   gre7.18t -- natural carbon at 800K (C-nat)
Nuclide   gre7.22t -- natural carbon at 1200K (C-nat)

Adjusting majorant temperatures:


 ***** Warning: Nuclide 5010.09c is adjusted to a single temperature using TMS.
 Consider using Doppler preprocessor instead.

Nuclide   5010.09c TMS majorant to 955K...

 ***** Warning: Nuclide 5011.09c is adjusted to a single temperature using TMS.
 Consider using Doppler preprocessor instead.

Nuclide   5011.09c TMS majorant to 955K...

 ***** Warning: Nuclide 6000.09c is adjusted to a single temperature using TMS.
 Consider using Doppler preprocessor instead.

Nuclide   6000.09c TMS majorant to 955K...
Nuclide   6000.09s TMS majorant to 955K...

SUMMARY -- 30 nuclides included in calculation:

 - 30 transport nuclides
 - Neutron energy cut-offs at 1.00E-11 and 20.0 MeV
 - 836 transport reactions
 - 135 special reactions
 - 8 decay reactions
 - 12 transmutation reactions + 1 branch
 - 243.46 Mb of memory allocated for data

Normalizing compositions and processing mixtures...
OK.

Allocating memory for macroscopic cross section data...
OK.

Allocating memory for particle structures...
OK.

Calculating maximum densities...
OK.

Performing density cut-off...
OK.

Sorting material-wise reaction lists:

   0% complete
 100% complete

Calculating macroscopic cross sections:

   0% complete
 100% complete

Calculating DT neutron majorant cross section:

   0% complete
 100% complete

Clearing results and statistics...
OK.

Sampling initial source...
OK.

